<?xml version="1.0" encoding="UTF-8"?>
<robot generator="Robot 7.3.2 (Python 3.12.3 on linux)" generated="2025-07-31T08:36:19.337832" rpa="false" schemaversion="5">
<suite id="s1" name="Basic Pub Sub &amp; Multi Pub Sub &amp; Network Crash &amp; Pub Crash &amp; Rpc N To N Test &amp; Rpc Ping Test &amp; Rpc Reconnect Test &amp; Sub Crash &amp; Sub Send Crash">
<suite id="s1-s1" name="Basic Pub Sub" source="/home/runner/work/ecal-test-suite/ecal-test-suite/integration_tests/basic_pub_sub/robottests/basic_pub_sub.robot">
<kw name="Init Test Context" type="SETUP">
<kw name="Set Test Context" owner="GlobalPathsLibrary">
<arg>basic_pub_sub</arg>
<arg>basic_pub_sub</arg>
<doc>Sets the test folder and tag prefix if it's a valid test case.
The folder must exist under integration_tests/ and contain typical test structure.</doc>
<status status="PASS" start="2025-07-31T08:36:19.462061" elapsed="0.000228"/>
</kw>
<kw name="Get Build Script Path" owner="GlobalPathsLibrary">
<msg time="2025-07-31T08:36:19.462524" level="INFO">${build} = /home/runner/work/ecal-test-suite/ecal-test-suite/integration_tests/basic_pub_sub/scripts/build_images.sh</msg>
<var>${build}</var>
<status status="PASS" start="2025-07-31T08:36:19.462406" elapsed="0.000144"/>
</kw>
<kw name="Get Network Name" owner="GlobalPathsLibrary">
<msg time="2025-07-31T08:36:19.462714" level="INFO">${net} = ecal_test_net</msg>
<var>${net}</var>
<status status="PASS" start="2025-07-31T08:36:19.462625" elapsed="0.000109"/>
</kw>
<kw name="Get Build Script Args" owner="GlobalPathsLibrary">
<msg time="2025-07-31T08:36:19.462892" level="INFO">${args} = ['basic_pub_sub']</msg>
<var>${args}</var>
<status status="PASS" start="2025-07-31T08:36:19.462802" elapsed="0.000108"/>
</kw>
<kw name="Set Suite Variable" owner="BuiltIn">
<msg time="2025-07-31T08:36:19.463220" level="INFO">${BUILD_SCRIPT} = /home/runner/work/ecal-test-suite/ecal-test-suite/integration_tests/basic_pub_sub/scripts/build_images.sh</msg>
<arg>${BUILD_SCRIPT}</arg>
<arg>${build}</arg>
<doc>Makes a variable available everywhere within the scope of the current suite.</doc>
<status status="PASS" start="2025-07-31T08:36:19.462999" elapsed="0.000257"/>
</kw>
<kw name="Set Suite Variable" owner="BuiltIn">
<msg time="2025-07-31T08:36:19.463475" level="INFO">${NETWORK} = ecal_test_net</msg>
<arg>${NETWORK}</arg>
<arg>${net}</arg>
<doc>Makes a variable available everywhere within the scope of the current suite.</doc>
<status status="PASS" start="2025-07-31T08:36:19.463340" elapsed="0.000164"/>
</kw>
<kw name="Get Test Description" owner="GlobalPathsLibrary">
<msg time="2025-07-31T08:36:19.463741" level="INFO">${desc} = This test checks basic communication between a single publisher and a single subscriber.

Test Setup:
- The publisher sends 4 messages, each 0.2 MB in size, on a single topic.
- The subscriber listens...</msg>
<var>${desc}</var>
<doc>Reads the *** Comments *** section from the .robot file and returns it as a string.</doc>
<status status="PASS" start="2025-07-31T08:36:19.463572" elapsed="0.000189"/>
</kw>
<kw name="Log" owner="BuiltIn">
<msg time="2025-07-31T08:36:19.463957" level="INFO">This test checks basic communication between a single publisher and a single subscriber.

Test Setup:
- The publisher sends 4 messages, each 0.2 MB in size, on a single topic.
- The subscriber listens on that topic for 6 seconds and counts received messages.

Covered eCAL modes:
- local_shm
- local_udp
- local_tcp
- network_udp
- network_tcp

Goals:
- Ensure that basic 1:1 communication works reliably across all transport modes.
- Validate correct transmission of payloads (200 KB).

Success Criteria:
- The subscriber receives exactly 4 messages.
- If true, it exits with code 0.
- Otherwise, it exits with code 1.</msg>
<arg>${desc}</arg>
<doc>Logs the given message with the given level.</doc>
<status status="PASS" start="2025-07-31T08:36:19.463840" elapsed="0.000149"/>
</kw>
<kw name="Log To Console" owner="BuiltIn">
<arg>[SETUP] Building Docker image...</arg>
<doc>Logs the given message to the console.</doc>
<status status="PASS" start="2025-07-31T08:36:19.464065" elapsed="0.000136"/>
</kw>
<kw name="Run Process" owner="Process">
<msg time="2025-07-31T08:36:19.464518" level="INFO">Starting process:
/home/runner/work/ecal-test-suite/ecal-test-suite/integration_tests/basic_pub_sub/scripts/build_images.sh basic_pub_sub</msg>
<msg time="2025-07-31T08:36:19.465010" level="INFO">Waiting for process to complete.</msg>
<msg time="2025-07-31T08:36:33.775407" level="INFO">Process completed.</msg>
<msg time="2025-07-31T08:36:33.775571" level="INFO">${result} = &lt;result object with rc 0&gt;</msg>
<var>${result}</var>
<arg>${BUILD_SCRIPT}</arg>
<arg>@{args}</arg>
<doc>Runs a process and waits for it to complete.</doc>
<status status="PASS" start="2025-07-31T08:36:19.464306" elapsed="14.311292"/>
</kw>
<kw name="Should Be Equal As Integers" owner="BuiltIn">
<msg time="2025-07-31T08:36:33.776440" level="INFO">Argument types are:
&lt;class 'int'&gt;
&lt;class 'str'&gt;</msg>
<arg>${result.rc}</arg>
<arg>0</arg>
<arg>Failed to build Docker image!</arg>
<doc>Fails if objects are unequal after converting them to integers.</doc>
<status status="PASS" start="2025-07-31T08:36:33.775749" elapsed="0.000750"/>
</kw>
<kw name="Create Docker Network" owner="DockerLibrary">
<arg>${NETWORK}</arg>
<status status="PASS" start="2025-07-31T08:36:33.776599" elapsed="0.044472"/>
</kw>
<kw name="Sleep" owner="BuiltIn">
<msg time="2025-07-31T08:36:36.821634" level="INFO">Slept 3 seconds.</msg>
<arg>3s</arg>
<doc>Pauses the test executed for the given time.</doc>
<status status="PASS" start="2025-07-31T08:36:33.821287" elapsed="3.000467"/>
</kw>
<status status="PASS" start="2025-07-31T08:36:19.461591" elapsed="17.360269"/>
</kw>
<test id="s1-s1-t1" name="Basic Pub/Sub Local SHM" line="38">
<kw name="Run Local Pub Sub Test">
<kw name="Set Variable" owner="BuiltIn">
<msg time="2025-07-31T08:36:36.822956" level="INFO">${IMAGE} = basic_pub_sub_local_shm</msg>
<var>${IMAGE}</var>
<arg>${BASE_IMAGE}_${layer_tag}</arg>
<doc>Returns the given values which can then be assigned to a variables.</doc>
<status status="PASS" start="2025-07-31T08:36:36.822797" elapsed="0.000180"/>
</kw>
<kw name="Set Variable" owner="BuiltIn">
<msg time="2025-07-31T08:36:36.823185" level="INFO">${CONTAINER} = basic_local_local_shm</msg>
<var>${CONTAINER}</var>
<arg>basic_local_${layer_tag}</arg>
<doc>Returns the given values which can then be assigned to a variables.</doc>
<status status="PASS" start="2025-07-31T08:36:36.823052" elapsed="0.000152"/>
</kw>
<kw name="Log To Console" owner="BuiltIn">
<arg>\n[INFO] Running local pub/sub test in mode: ${layer_tag}</arg>
<doc>Logs the given message to the console.</doc>
<status status="PASS" start="2025-07-31T08:36:36.823274" elapsed="0.000132"/>
</kw>
<kw name="Start Container" owner="DockerLibrary">
<arg>${CONTAINER}</arg>
<arg>${IMAGE}</arg>
<arg>local</arg>
<arg>${layer_tag}</arg>
<arg>test_topic</arg>
<arg>${CONTAINER}</arg>
<status status="PASS" start="2025-07-31T08:36:36.823473" elapsed="0.116887"/>
</kw>
<kw name="Sleep" owner="BuiltIn">
<msg time="2025-07-31T08:36:45.940885" level="INFO">Slept 9 seconds.</msg>
<arg>9s</arg>
<doc>Pauses the test executed for the given time.</doc>
<status status="PASS" start="2025-07-31T08:36:36.940536" elapsed="9.000470"/>
</kw>
<kw name="Get Container Logs" owner="DockerLibrary">
<msg time="2025-07-31T08:36:45.945029" level="INFO">${logs} = [Entrypoint] Starting subscriber and publisher in mode local_shm
Shared memory monitoring is enabled (domain: ecal_mon - queue size: 1024)
[Publisher] Waiting for at least 1 subscriber(s) on topic: te...</msg>
<var>${logs}</var>
<arg>${CONTAINER}</arg>
<status status="PASS" start="2025-07-31T08:36:45.941229" elapsed="0.003833"/>
</kw>
<kw name="Log To Console" owner="BuiltIn">
<arg>\n[CONTAINER LOG: LOCAL PUB+SUB]\n${logs}</arg>
<doc>Logs the given message to the console.</doc>
<status status="PASS" start="2025-07-31T08:36:45.945208" elapsed="0.000190"/>
</kw>
<kw name="Log" owner="BuiltIn">
<msg time="2025-07-31T08:36:45.945646" level="INFO">
[CONTAINER LOG: LOCAL PUB+SUB]
[Entrypoint] Starting subscriber and publisher in mode local_shm
Shared memory monitoring is enabled (domain: ecal_mon - queue size: 1024)
[Publisher] Waiting for at least 1 subscriber(s) on topic: test_topic
[Publisher] Found 1 subscriber(s). Proceeding to send messages.
[Publisher] Send result: ✓, size: 209715 bytes
[Publisher] Send result: ✓, size: 209715 bytes
[Publisher] Send result: ✓, size: 209715 bytes
[Publisher] Send result: ✓, size: 209715 bytes
[Publisher] Finished sending.
Shared memory monitoring is enabled (domain: ecal_mon - queue size: 1024)


[Subscriber] Ready and waiting...

[Subscriber] Received 209715 bytes (message 1)
[Subscriber] Received 209715 bytes (message 2)
[Subscriber] Received 209715 bytes (message 3)
[Subscriber] Received 209715 bytes (message 4)
[Subscriber] Received 4 messages.
</msg>
<arg>\n[CONTAINER LOG: LOCAL PUB+SUB]\n${logs}</arg>
<doc>Logs the given message with the given level.</doc>
<status status="PASS" start="2025-07-31T08:36:45.945508" elapsed="0.000233"/>
</kw>
<kw name="Wait For Container Exit" owner="DockerLibrary">
<msg time="2025-07-31T08:36:45.946971" level="INFO">${exit_code} = 0</msg>
<var>${exit_code}</var>
<arg>${CONTAINER}</arg>
<status status="PASS" start="2025-07-31T08:36:45.945820" elapsed="0.001175"/>
</kw>
<kw name="Should Be Equal As Integers" owner="BuiltIn">
<msg time="2025-07-31T08:36:45.947267" level="INFO">Argument types are:
&lt;class 'int'&gt;
&lt;class 'str'&gt;</msg>
<arg>${exit_code}</arg>
<arg>0</arg>
<arg>Local communication test failed!</arg>
<doc>Fails if objects are unequal after converting them to integers.</doc>
<status status="PASS" start="2025-07-31T08:36:45.947079" elapsed="0.000237"/>
</kw>
<kw name="Log Test Summary" owner="DockerLibrary">
<arg>Basic Pub/Sub Local ${layer_tag}</arg>
<arg>${True}</arg>
<status status="PASS" start="2025-07-31T08:36:45.947395" elapsed="0.000143"/>
</kw>
<kw name="Stop Container" owner="DockerLibrary">
<arg>${CONTAINER}</arg>
<status status="PASS" start="2025-07-31T08:36:45.947637" elapsed="0.005039"/>
</kw>
<kw name="Sleep" owner="BuiltIn">
<msg time="2025-07-31T08:36:46.953024" level="INFO">Slept 1 second.</msg>
<arg>1s</arg>
<doc>Pauses the test executed for the given time.</doc>
<status status="PASS" start="2025-07-31T08:36:45.952768" elapsed="1.000417"/>
</kw>
<arg>local_shm</arg>
<status status="PASS" start="2025-07-31T08:36:36.822551" elapsed="10.130742"/>
</kw>
<tag>basic_pub_sub_local_shm</tag>
<status status="PASS" start="2025-07-31T08:36:36.821947" elapsed="10.131475"/>
</test>
<test id="s1-s1-t2" name="Basic Pub/Sub Local UDP" line="42">
<kw name="Run Local Pub Sub Test">
<kw name="Set Variable" owner="BuiltIn">
<msg time="2025-07-31T08:36:46.954893" level="INFO">${IMAGE} = basic_pub_sub_local_udp</msg>
<var>${IMAGE}</var>
<arg>${BASE_IMAGE}_${layer_tag}</arg>
<doc>Returns the given values which can then be assigned to a variables.</doc>
<status status="PASS" start="2025-07-31T08:36:46.954740" elapsed="0.000181"/>
</kw>
<kw name="Set Variable" owner="BuiltIn">
<msg time="2025-07-31T08:36:46.955182" level="INFO">${CONTAINER} = basic_local_local_udp</msg>
<var>${CONTAINER}</var>
<arg>basic_local_${layer_tag}</arg>
<doc>Returns the given values which can then be assigned to a variables.</doc>
<status status="PASS" start="2025-07-31T08:36:46.955033" elapsed="0.000168"/>
</kw>
<kw name="Log To Console" owner="BuiltIn">
<arg>\n[INFO] Running local pub/sub test in mode: ${layer_tag}</arg>
<doc>Logs the given message to the console.</doc>
<status status="PASS" start="2025-07-31T08:36:46.955273" elapsed="0.000129"/>
</kw>
<kw name="Start Container" owner="DockerLibrary">
<arg>${CONTAINER}</arg>
<arg>${IMAGE}</arg>
<arg>local</arg>
<arg>${layer_tag}</arg>
<arg>test_topic</arg>
<arg>${CONTAINER}</arg>
<status status="PASS" start="2025-07-31T08:36:46.955480" elapsed="0.125942"/>
</kw>
<kw name="Sleep" owner="BuiltIn">
<msg time="2025-07-31T08:36:56.081938" level="INFO">Slept 9 seconds.</msg>
<arg>9s</arg>
<doc>Pauses the test executed for the given time.</doc>
<status status="PASS" start="2025-07-31T08:36:47.081613" elapsed="9.000458"/>
</kw>
<kw name="Get Container Logs" owner="DockerLibrary">
<msg time="2025-07-31T08:36:56.085220" level="INFO">${logs} = [Entrypoint] Starting subscriber and publisher in mode local_udp
[Publisher] Waiting for at least 1 subscriber(s) on topic: test_topic
[Publisher] Found 1 subscriber(s). Proceeding to send messages.
[...</msg>
<var>${logs}</var>
<arg>${CONTAINER}</arg>
<status status="PASS" start="2025-07-31T08:36:56.082288" elapsed="0.002959"/>
</kw>
<kw name="Log To Console" owner="BuiltIn">
<arg>\n[CONTAINER LOG: LOCAL PUB+SUB]\n${logs}</arg>
<doc>Logs the given message to the console.</doc>
<status status="PASS" start="2025-07-31T08:36:56.085356" elapsed="0.000169"/>
</kw>
<kw name="Log" owner="BuiltIn">
<msg time="2025-07-31T08:36:56.085768" level="INFO">
[CONTAINER LOG: LOCAL PUB+SUB]
[Entrypoint] Starting subscriber and publisher in mode local_udp
[Publisher] Waiting for at least 1 subscriber(s) on topic: test_topic
[Publisher] Found 1 subscriber(s). Proceeding to send messages.
[Publisher] Send result: ✓, size: 209715 bytes
[Publisher] Send result: ✓, size: 209715 bytes
[Publisher] Send result: ✓, size: 209715 bytes
[Publisher] Send result: ✓, size: 209715 bytes
[Publisher] Finished sending.


[Subscriber] Ready and waiting...

[Subscriber] Received 209715 bytes (message 1)
[Subscriber] Received 209715 bytes (message 2)
[Subscriber] Received 209715 bytes (message 3)
[Subscriber] Received 209715 bytes (message 4)
[Subscriber] Received 4 messages.
</msg>
<arg>\n[CONTAINER LOG: LOCAL PUB+SUB]\n${logs}</arg>
<doc>Logs the given message with the given level.</doc>
<status status="PASS" start="2025-07-31T08:36:56.085623" elapsed="0.000199"/>
</kw>
<kw name="Wait For Container Exit" owner="DockerLibrary">
<msg time="2025-07-31T08:36:56.087199" level="INFO">${exit_code} = 0</msg>
<var>${exit_code}</var>
<arg>${CONTAINER}</arg>
<status status="PASS" start="2025-07-31T08:36:56.085920" elapsed="0.001303"/>
</kw>
<kw name="Should Be Equal As Integers" owner="BuiltIn">
<msg time="2025-07-31T08:36:56.087447" level="INFO">Argument types are:
&lt;class 'int'&gt;
&lt;class 'str'&gt;</msg>
<arg>${exit_code}</arg>
<arg>0</arg>
<arg>Local communication test failed!</arg>
<doc>Fails if objects are unequal after converting them to integers.</doc>
<status status="PASS" start="2025-07-31T08:36:56.087308" elapsed="0.000183"/>
</kw>
<kw name="Log Test Summary" owner="DockerLibrary">
<arg>Basic Pub/Sub Local ${layer_tag}</arg>
<arg>${True}</arg>
<status status="PASS" start="2025-07-31T08:36:56.087567" elapsed="0.000155"/>
</kw>
<kw name="Stop Container" owner="DockerLibrary">
<arg>${CONTAINER}</arg>
<status status="PASS" start="2025-07-31T08:36:56.087832" elapsed="0.005213"/>
</kw>
<kw name="Sleep" owner="BuiltIn">
<msg time="2025-07-31T08:36:57.093440" level="INFO">Slept 1 second.</msg>
<arg>1s</arg>
<doc>Pauses the test executed for the given time.</doc>
<status status="PASS" start="2025-07-31T08:36:56.093162" elapsed="1.000395"/>
</kw>
<arg>local_udp</arg>
<status status="PASS" start="2025-07-31T08:36:46.954508" elapsed="10.139143"/>
</kw>
<tag>basic_pub_sub_local_udp</tag>
<status status="PASS" start="2025-07-31T08:36:46.954051" elapsed="10.139747"/>
</test>
<test id="s1-s1-t3" name="Basic Pub/Sub Local TCP" line="46">
<kw name="Run Local Pub Sub Test">
<kw name="Set Variable" owner="BuiltIn">
<msg time="2025-07-31T08:36:57.095335" level="INFO">${IMAGE} = basic_pub_sub_local_tcp</msg>
<var>${IMAGE}</var>
<arg>${BASE_IMAGE}_${layer_tag}</arg>
<doc>Returns the given values which can then be assigned to a variables.</doc>
<status status="PASS" start="2025-07-31T08:36:57.095178" elapsed="0.000177"/>
</kw>
<kw name="Set Variable" owner="BuiltIn">
<msg time="2025-07-31T08:36:57.095537" level="INFO">${CONTAINER} = basic_local_local_tcp</msg>
<var>${CONTAINER}</var>
<arg>basic_local_${layer_tag}</arg>
<doc>Returns the given values which can then be assigned to a variables.</doc>
<status status="PASS" start="2025-07-31T08:36:57.095429" elapsed="0.000124"/>
</kw>
<kw name="Log To Console" owner="BuiltIn">
<arg>\n[INFO] Running local pub/sub test in mode: ${layer_tag}</arg>
<doc>Logs the given message to the console.</doc>
<status status="PASS" start="2025-07-31T08:36:57.095621" elapsed="0.000194"/>
</kw>
<kw name="Start Container" owner="DockerLibrary">
<arg>${CONTAINER}</arg>
<arg>${IMAGE}</arg>
<arg>local</arg>
<arg>${layer_tag}</arg>
<arg>test_topic</arg>
<arg>${CONTAINER}</arg>
<status status="PASS" start="2025-07-31T08:36:57.095914" elapsed="0.120691"/>
</kw>
<kw name="Sleep" owner="BuiltIn">
<msg time="2025-07-31T08:37:06.217201" level="INFO">Slept 9 seconds.</msg>
<arg>9s</arg>
<doc>Pauses the test executed for the given time.</doc>
<status status="PASS" start="2025-07-31T08:36:57.216821" elapsed="9.000489"/>
</kw>
<kw name="Get Container Logs" owner="DockerLibrary">
<msg time="2025-07-31T08:37:06.220715" level="INFO">${logs} = [Entrypoint] Starting subscriber and publisher in mode local_tcp
[Publisher] Waiting for at least 1 subscriber(s) on topic: test_topic
1753951019220 ms | 6b44dcb4b913 | pub_test | 7 | info | CTCPReade...</msg>
<var>${logs}</var>
<arg>${CONTAINER}</arg>
<status status="PASS" start="2025-07-31T08:37:06.217479" elapsed="0.003268"/>
</kw>
<kw name="Log To Console" owner="BuiltIn">
<arg>\n[CONTAINER LOG: LOCAL PUB+SUB]\n${logs}</arg>
<doc>Logs the given message to the console.</doc>
<status status="PASS" start="2025-07-31T08:37:06.220869" elapsed="0.000184"/>
</kw>
<kw name="Log" owner="BuiltIn">
<msg time="2025-07-31T08:37:06.221325" level="INFO">
[CONTAINER LOG: LOCAL PUB+SUB]
[Entrypoint] Starting subscriber and publisher in mode local_tcp
[Publisher] Waiting for at least 1 subscriber(s) on topic: test_topic
1753951019220 ms | 6b44dcb4b913 | pub_test | 7 | info | CTCPReaderLayer - TCPPubSub (Info) -Publisher :::0: Created publisher and waiting for clients.
[Publisher] Found 1 subscriber(s). Proceeding to send messages.
1753951019220 ms | 6b44dcb4b913 | pub_test | 7 | info | CTCPReaderLayer - TCPPubSub (Info) -Publisher :::45399: Subscriber ::ffff:172.17.0.3:58508 has connected.
[Publisher] Send result: ✓, size: 209715 bytes
[Publisher] Send result: ✓, size: 209715 bytes
[Publisher] Send result: ✓, size: 209715 bytes
[Publisher] Send result: ✓, size: 209715 bytes
[Publisher] Finished sending.


[Subscriber] Ready and waiting...

[Subscriber] Received 209715 bytes (message 1)
[Subscriber] Received 209715 bytes (message 2)
[Subscriber] Received 209715 bytes (message 3)
[Subscriber] Received 209715 bytes (message 4)
1753951022722 ms | 6b44dcb4b913 | sub_test | 13 | error | CTCPReaderLayer - TCPPubSub (Error) -SubscriberSession 172.17.0.3:58508-&gt;6b44dcb4b913:45399: Error reading header length: End of file
1753951022723 ms | 6b44dcb4b913 | sub_test | 13 | warning | CTCPReaderLayer - TCPPubSub (Warning) -SubscriberSession 172.17.0.3:58522: Failed connecting to publisher 6b44dcb4b913:45399: Connection refused
1753951022723 ms | 6b44dcb4b913 | sub_test | 13 | warning | CTCPReaderLayer - TCPPubSub (Warning) -SubscriberSession 172.17.0.3:58534: Failed connecting to publisher 6b44dcb4b913:45399: Connection refused
1753951022723 ms | 6b44dcb4b913 | sub_test | 13 | warning | CTCPReaderLayer - TCPPubSub (Warning) -SubscriberSession 172.17.0.3:58544: Failed connecting to publisher 6b44dcb4b913:45399: Connection refused
1753951022723 ms | 6b44dcb4b913 | sub_test | 13 | warning | CTCPReaderLayer - TCPPubSub (Warning) -SubscriberSession 172.17.0.3:58550: Failed connecting to publisher 6b44dcb4b913:45399: Connection refused
1753951022723 ms | 6b44dcb4b913 | sub_test | 13 | warning | CTCPReaderLayer - TCPPubSub (Warning) -SubscriberSession 172.17.0.3:58564: Failed connecting to publisher 6b44dcb4b913:45399: Connection refused
[Subscriber] Received 4 messages.
</msg>
<arg>\n[CONTAINER LOG: LOCAL PUB+SUB]\n${logs}</arg>
<doc>Logs the given message with the given level.</doc>
<status status="PASS" start="2025-07-31T08:37:06.221174" elapsed="0.000201"/>
</kw>
<kw name="Wait For Container Exit" owner="DockerLibrary">
<msg time="2025-07-31T08:37:06.222640" level="INFO">${exit_code} = 0</msg>
<var>${exit_code}</var>
<arg>${CONTAINER}</arg>
<status status="PASS" start="2025-07-31T08:37:06.221449" elapsed="0.001234"/>
</kw>
<kw name="Should Be Equal As Integers" owner="BuiltIn">
<msg time="2025-07-31T08:37:06.222910" level="INFO">Argument types are:
&lt;class 'int'&gt;
&lt;class 'str'&gt;</msg>
<arg>${exit_code}</arg>
<arg>0</arg>
<arg>Local communication test failed!</arg>
<doc>Fails if objects are unequal after converting them to integers.</doc>
<status status="PASS" start="2025-07-31T08:37:06.222772" elapsed="0.000182"/>
</kw>
<kw name="Log Test Summary" owner="DockerLibrary">
<arg>Basic Pub/Sub Local ${layer_tag}</arg>
<arg>${True}</arg>
<status status="PASS" start="2025-07-31T08:37:06.223030" elapsed="0.000176"/>
</kw>
<kw name="Stop Container" owner="DockerLibrary">
<arg>${CONTAINER}</arg>
<status status="PASS" start="2025-07-31T08:37:06.223302" elapsed="0.005564"/>
</kw>
<kw name="Sleep" owner="BuiltIn">
<msg time="2025-07-31T08:37:07.229371" level="INFO">Slept 1 second.</msg>
<arg>1s</arg>
<doc>Pauses the test executed for the given time.</doc>
<status status="PASS" start="2025-07-31T08:37:06.229014" elapsed="1.000478"/>
</kw>
<arg>local_tcp</arg>
<status status="PASS" start="2025-07-31T08:36:57.094922" elapsed="10.134664"/>
</kw>
<tag>basic_pub_sub_local_tcp</tag>
<status status="PASS" start="2025-07-31T08:36:57.094523" elapsed="10.135193"/>
</test>
<test id="s1-s1-t4" name="Basic Pub/Sub Network UDP" line="50">
<kw name="Run Network Pub Sub Test">
<kw name="Set Variable" owner="BuiltIn">
<msg time="2025-07-31T08:37:07.231343" level="INFO">${IMAGE} = basic_pub_sub_network_udp</msg>
<var>${IMAGE}</var>
<arg>${BASE_IMAGE}_${layer_tag}</arg>
<doc>Returns the given values which can then be assigned to a variables.</doc>
<status status="PASS" start="2025-07-31T08:37:07.231175" elapsed="0.000189"/>
</kw>
<kw name="Set Variable" owner="BuiltIn">
<msg time="2025-07-31T08:37:07.231554" level="INFO">${TOPIC} = topic_network_udp</msg>
<var>${TOPIC}</var>
<arg>topic_${layer_tag}</arg>
<doc>Returns the given values which can then be assigned to a variables.</doc>
<status status="PASS" start="2025-07-31T08:37:07.231440" elapsed="0.000132"/>
</kw>
<kw name="Set Variable" owner="BuiltIn">
<msg time="2025-07-31T08:37:07.231745" level="INFO">${SUB_NAME} = sub_network_udp</msg>
<var>${SUB_NAME}</var>
<arg>sub_${layer_tag}</arg>
<doc>Returns the given values which can then be assigned to a variables.</doc>
<status status="PASS" start="2025-07-31T08:37:07.231639" elapsed="0.000127"/>
</kw>
<kw name="Set Variable" owner="BuiltIn">
<msg time="2025-07-31T08:37:07.231931" level="INFO">${PUB_NAME} = pub_network_udp</msg>
<var>${PUB_NAME}</var>
<arg>pub_${layer_tag}</arg>
<doc>Returns the given values which can then be assigned to a variables.</doc>
<status status="PASS" start="2025-07-31T08:37:07.231832" elapsed="0.000116"/>
</kw>
<kw name="Log To Console" owner="BuiltIn">
<arg>\n[INFO] Running network pub/sub test in mode: ${layer_tag}</arg>
<doc>Logs the given message to the console.</doc>
<status status="PASS" start="2025-07-31T08:37:07.232014" elapsed="0.000153"/>
</kw>
<kw name="Start Container" owner="DockerLibrary">
<arg>${SUB_NAME}</arg>
<arg>${IMAGE}</arg>
<arg>subscriber</arg>
<arg>${layer_tag}</arg>
<arg>${TOPIC}</arg>
<arg>${SUB_NAME}</arg>
<arg>network=${NETWORK}</arg>
<status status="PASS" start="2025-07-31T08:37:07.232267" elapsed="0.137291"/>
</kw>
<kw name="Start Container" owner="DockerLibrary">
<arg>${PUB_NAME}</arg>
<arg>${IMAGE}</arg>
<arg>publisher</arg>
<arg>${layer_tag}</arg>
<arg>${TOPIC}</arg>
<arg>${PUB_NAME}</arg>
<arg>network=${NETWORK}</arg>
<status status="PASS" start="2025-07-31T08:37:07.369734" elapsed="0.123303"/>
</kw>
<kw name="Sleep" owner="BuiltIn">
<msg time="2025-07-31T08:37:16.493589" level="INFO">Slept 9 seconds.</msg>
<arg>9s</arg>
<doc>Pauses the test executed for the given time.</doc>
<status status="PASS" start="2025-07-31T08:37:07.493266" elapsed="9.000434"/>
</kw>
<kw name="Get Container Logs" owner="DockerLibrary">
<msg time="2025-07-31T08:37:16.496667" level="INFO">${log_sub} = [Entrypoint] Starting subscriber in mode network_udp


[Subscriber] Ready and waiting...

[Subscriber] Received 209715 bytes (message 1)
[Subscriber] Received 209715 bytes (message 2)
[Subscriber] Rec...</msg>
<var>${log_sub}</var>
<arg>${SUB_NAME}</arg>
<status status="PASS" start="2025-07-31T08:37:16.493863" elapsed="0.002886"/>
</kw>
<kw name="Get Container Logs" owner="DockerLibrary">
<msg time="2025-07-31T08:37:16.499093" level="INFO">${log_pub} = [Entrypoint] Starting publisher in mode network_udp
[Publisher] Waiting for at least 1 subscriber(s) on topic: topic_network_udp
[Publisher] Found 1 subscriber(s). Proceeding to send messages.
[Publis...</msg>
<var>${log_pub}</var>
<arg>${PUB_NAME}</arg>
<status status="PASS" start="2025-07-31T08:37:16.496860" elapsed="0.002259"/>
</kw>
<kw name="Log To Console" owner="BuiltIn">
<arg>\n[CONTAINER LOG: PUBLISHER]\n${log_pub}</arg>
<doc>Logs the given message to the console.</doc>
<status status="PASS" start="2025-07-31T08:37:16.499232" elapsed="0.000164"/>
</kw>
<kw name="Log" owner="BuiltIn">
<msg time="2025-07-31T08:37:16.499650" level="INFO">
[CONTAINER LOG: PUBLISHER]
[Entrypoint] Starting publisher in mode network_udp
[Publisher] Waiting for at least 1 subscriber(s) on topic: topic_network_udp
[Publisher] Found 1 subscriber(s). Proceeding to send messages.
[Publisher] Send result: ✓, size: 209715 bytes
[Publisher] Send result: ✓, size: 209715 bytes
[Publisher] Send result: ✓, size: 209715 bytes
[Publisher] Send result: ✓, size: 209715 bytes
[Publisher] Finished sending.
</msg>
<arg>\n[CONTAINER LOG: PUBLISHER]\n${log_pub}</arg>
<doc>Logs the given message with the given level.</doc>
<status status="PASS" start="2025-07-31T08:37:16.499511" elapsed="0.000178"/>
</kw>
<kw name="Log To Console" owner="BuiltIn">
<arg>\n[CONTAINER LOG: SUBSCRIBER]\n${log_sub}</arg>
<doc>Logs the given message to the console.</doc>
<status status="PASS" start="2025-07-31T08:37:16.499769" elapsed="0.000126"/>
</kw>
<kw name="Log" owner="BuiltIn">
<msg time="2025-07-31T08:37:16.500115" level="INFO">
[CONTAINER LOG: SUBSCRIBER]
[Entrypoint] Starting subscriber in mode network_udp


[Subscriber] Ready and waiting...

[Subscriber] Received 209715 bytes (message 1)
[Subscriber] Received 209715 bytes (message 2)
[Subscriber] Received 209715 bytes (message 3)
[Subscriber] Received 209715 bytes (message 4)
[Subscriber] Received 4 messages.
</msg>
<arg>\n[CONTAINER LOG: SUBSCRIBER]\n${log_sub}</arg>
<doc>Logs the given message with the given level.</doc>
<status status="PASS" start="2025-07-31T08:37:16.500001" elapsed="0.000171"/>
</kw>
<kw name="Wait For Container Exit" owner="DockerLibrary">
<msg time="2025-07-31T08:37:16.501318" level="INFO">${exit_code} = 0</msg>
<var>${exit_code}</var>
<arg>${SUB_NAME}</arg>
<status status="PASS" start="2025-07-31T08:37:16.500244" elapsed="0.001098"/>
</kw>
<kw name="Should Be Equal As Integers" owner="BuiltIn">
<msg time="2025-07-31T08:37:16.501585" level="INFO">Argument types are:
&lt;class 'int'&gt;
&lt;class 'str'&gt;</msg>
<arg>${exit_code}</arg>
<arg>0</arg>
<arg>Subscriber failed in ${layer_tag}!</arg>
<doc>Fails if objects are unequal after converting them to integers.</doc>
<status status="PASS" start="2025-07-31T08:37:16.501425" elapsed="0.000204"/>
</kw>
<kw name="Log Test Summary" owner="DockerLibrary">
<arg>Basic Pub/Sub Network ${layer_tag}</arg>
<arg>${True}</arg>
<status status="PASS" start="2025-07-31T08:37:16.501706" elapsed="0.000148"/>
</kw>
<kw name="Stop Container" owner="DockerLibrary">
<arg>${SUB_NAME}</arg>
<status status="PASS" start="2025-07-31T08:37:16.501968" elapsed="0.005321"/>
</kw>
<kw name="Stop Container" owner="DockerLibrary">
<arg>${PUB_NAME}</arg>
<status status="PASS" start="2025-07-31T08:37:16.507386" elapsed="0.005410"/>
</kw>
<kw name="Sleep" owner="BuiltIn">
<msg time="2025-07-31T08:37:17.513225" level="INFO">Slept 1 second.</msg>
<arg>1s</arg>
<doc>Pauses the test executed for the given time.</doc>
<status status="PASS" start="2025-07-31T08:37:16.512895" elapsed="1.000472"/>
</kw>
<arg>network_udp</arg>
<arg>network</arg>
<status status="PASS" start="2025-07-31T08:37:07.230882" elapsed="10.282582"/>
</kw>
<tag>basic_pub_sub_network_udp</tag>
<status status="PASS" start="2025-07-31T08:37:07.230438" elapsed="10.283149"/>
</test>
<test id="s1-s1-t5" name="Basic Pub/Sub Network TCP" line="54">
<kw name="Run Network Pub Sub Test">
<kw name="Set Variable" owner="BuiltIn">
<msg time="2025-07-31T08:37:17.515274" level="INFO">${IMAGE} = basic_pub_sub_network_tcp</msg>
<var>${IMAGE}</var>
<arg>${BASE_IMAGE}_${layer_tag}</arg>
<doc>Returns the given values which can then be assigned to a variables.</doc>
<status status="PASS" start="2025-07-31T08:37:17.515076" elapsed="0.000220"/>
</kw>
<kw name="Set Variable" owner="BuiltIn">
<msg time="2025-07-31T08:37:17.515485" level="INFO">${TOPIC} = topic_network_tcp</msg>
<var>${TOPIC}</var>
<arg>topic_${layer_tag}</arg>
<doc>Returns the given values which can then be assigned to a variables.</doc>
<status status="PASS" start="2025-07-31T08:37:17.515375" elapsed="0.000127"/>
</kw>
<kw name="Set Variable" owner="BuiltIn">
<msg time="2025-07-31T08:37:17.515676" level="INFO">${SUB_NAME} = sub_network_tcp</msg>
<var>${SUB_NAME}</var>
<arg>sub_${layer_tag}</arg>
<doc>Returns the given values which can then be assigned to a variables.</doc>
<status status="PASS" start="2025-07-31T08:37:17.515570" elapsed="0.000123"/>
</kw>
<kw name="Set Variable" owner="BuiltIn">
<msg time="2025-07-31T08:37:17.515859" level="INFO">${PUB_NAME} = pub_network_tcp</msg>
<var>${PUB_NAME}</var>
<arg>pub_${layer_tag}</arg>
<doc>Returns the given values which can then be assigned to a variables.</doc>
<status status="PASS" start="2025-07-31T08:37:17.515758" elapsed="0.000117"/>
</kw>
<kw name="Log To Console" owner="BuiltIn">
<arg>\n[INFO] Running network pub/sub test in mode: ${layer_tag}</arg>
<doc>Logs the given message to the console.</doc>
<status status="PASS" start="2025-07-31T08:37:17.515938" elapsed="0.000134"/>
</kw>
<kw name="Start Container" owner="DockerLibrary">
<arg>${SUB_NAME}</arg>
<arg>${IMAGE}</arg>
<arg>subscriber</arg>
<arg>${layer_tag}</arg>
<arg>${TOPIC}</arg>
<arg>${SUB_NAME}</arg>
<arg>network=${NETWORK}</arg>
<status status="PASS" start="2025-07-31T08:37:17.516203" elapsed="0.138726"/>
</kw>
<kw name="Start Container" owner="DockerLibrary">
<arg>${PUB_NAME}</arg>
<arg>${IMAGE}</arg>
<arg>publisher</arg>
<arg>${layer_tag}</arg>
<arg>${TOPIC}</arg>
<arg>${PUB_NAME}</arg>
<arg>network=${NETWORK}</arg>
<status status="PASS" start="2025-07-31T08:37:17.655119" elapsed="0.123934"/>
</kw>
<kw name="Sleep" owner="BuiltIn">
<msg time="2025-07-31T08:37:26.779643" level="INFO">Slept 9 seconds.</msg>
<arg>9s</arg>
<doc>Pauses the test executed for the given time.</doc>
<status status="PASS" start="2025-07-31T08:37:17.779286" elapsed="9.000477"/>
</kw>
<kw name="Get Container Logs" owner="DockerLibrary">
<msg time="2025-07-31T08:37:26.783092" level="INFO">${log_sub} = [Entrypoint] Starting subscriber in mode network_tcp


[Subscriber] Ready and waiting...

[Subscriber] Received 209715 bytes (message 1)
[Subscriber] Received 209715 bytes (message 2)
[Subscriber] Rec...</msg>
<var>${log_sub}</var>
<arg>${SUB_NAME}</arg>
<status status="PASS" start="2025-07-31T08:37:26.779941" elapsed="0.003181"/>
</kw>
<kw name="Get Container Logs" owner="DockerLibrary">
<msg time="2025-07-31T08:37:26.785379" level="INFO">${log_pub} = [Entrypoint] Starting publisher in mode network_tcp
[Publisher] Waiting for at least 1 subscriber(s) on topic: topic_network_tcp
1753951038657 ms | 0cbb56be111c | pub_network_tcp | 7 | info | CTCPRead...</msg>
<var>${log_pub}</var>
<arg>${PUB_NAME}</arg>
<status status="PASS" start="2025-07-31T08:37:26.783262" elapsed="0.002143"/>
</kw>
<kw name="Log To Console" owner="BuiltIn">
<arg>\n[CONTAINER LOG: PUBLISHER]\n${log_pub}</arg>
<doc>Logs the given message to the console.</doc>
<status status="PASS" start="2025-07-31T08:37:26.785493" elapsed="0.000157"/>
</kw>
<kw name="Log" owner="BuiltIn">
<msg time="2025-07-31T08:37:26.785896" level="INFO">
[CONTAINER LOG: PUBLISHER]
[Entrypoint] Starting publisher in mode network_tcp
[Publisher] Waiting for at least 1 subscriber(s) on topic: topic_network_tcp
1753951038657 ms | 0cbb56be111c | pub_network_tcp | 7 | info | CTCPReaderLayer - TCPPubSub (Info) -Publisher :::0: Created publisher and waiting for clients.
1753951038659 ms | 0cbb56be111c | pub_network_tcp | 7 | info | CTCPReaderLayer - TCPPubSub (Info) -Publisher :::34007: Subscriber ::ffff:172.18.0.2:54444 has connected.
[Publisher] Found 1 subscriber(s). Proceeding to send messages.
[Publisher] Send result: ✓, size: 209715 bytes
[Publisher] Send result: ✓, size: 209715 bytes
[Publisher] Send result: ✓, size: 209715 bytes
[Publisher] Send result: ✓, size: 209715 bytes
[Publisher] Finished sending.
</msg>
<arg>\n[CONTAINER LOG: PUBLISHER]\n${log_pub}</arg>
<doc>Logs the given message with the given level.</doc>
<status status="PASS" start="2025-07-31T08:37:26.785754" elapsed="0.000267"/>
</kw>
<kw name="Log To Console" owner="BuiltIn">
<arg>\n[CONTAINER LOG: SUBSCRIBER]\n${log_sub}</arg>
<doc>Logs the given message to the console.</doc>
<status status="PASS" start="2025-07-31T08:37:26.786149" elapsed="0.000158"/>
</kw>
<kw name="Log" owner="BuiltIn">
<msg time="2025-07-31T08:37:26.786536" level="INFO">
[CONTAINER LOG: SUBSCRIBER]
[Entrypoint] Starting subscriber in mode network_tcp


[Subscriber] Ready and waiting...

[Subscriber] Received 209715 bytes (message 1)
[Subscriber] Received 209715 bytes (message 2)
[Subscriber] Received 209715 bytes (message 3)
[Subscriber] Received 209715 bytes (message 4)
1753951042184 ms | 2f0e666fa469 | sub_network_tcp | 7 | error | CTCPReaderLayer - TCPPubSub (Error) -SubscriberSession 172.18.0.2:54444-&gt;0cbb56be111c:34007: Error reading header length: End of file
1753951042185 ms | 2f0e666fa469 | sub_network_tcp | 7 | warning | CTCPReaderLayer - TCPPubSub (Warning) -SubscriberSession 172.18.0.2:54454: Failed connecting to publisher 0cbb56be111c:34007: Connection refused
1753951042185 ms | 2f0e666fa469 | sub_network_tcp | 7 | warning | CTCPReaderLayer - TCPPubSub (Warning) -SubscriberSession 172.18.0.2:54456: Failed connecting to publisher 0cbb56be111c:34007: Connection refused
1753951042186 ms | 2f0e666fa469 | sub_network_tcp | 7 | warning | CTCPReaderLayer - TCPPubSub (Warning) -SubscriberSession 172.18.0.2:54470: Failed connecting to publisher 0cbb56be111c:34007: Connection refused
1753951042186 ms | 2f0e666fa469 | sub_network_tcp | 7 | warning | CTCPReaderLayer - TCPPubSub (Warning) -SubscriberSession 172.18.0.2:54478: Failed connecting to publisher 0cbb56be111c:34007: Connection refused
1753951042187 ms | 2f0e666fa469 | sub_network_tcp | 7 | warning | CTCPReaderLayer - TCPPubSub (Warning) -SubscriberSession 172.18.0.2:54494: Failed connecting to publisher 0cbb56be111c:34007: Connection refused
[Subscriber] Received 4 messages.
</msg>
<arg>\n[CONTAINER LOG: SUBSCRIBER]\n${log_sub}</arg>
<doc>Logs the given message with the given level.</doc>
<status status="PASS" start="2025-07-31T08:37:26.786422" elapsed="0.000153"/>
</kw>
<kw name="Wait For Container Exit" owner="DockerLibrary">
<msg time="2025-07-31T08:37:26.787781" level="INFO">${exit_code} = 0</msg>
<var>${exit_code}</var>
<arg>${SUB_NAME}</arg>
<status status="PASS" start="2025-07-31T08:37:26.786644" elapsed="0.001169"/>
</kw>
<kw name="Should Be Equal As Integers" owner="BuiltIn">
<msg time="2025-07-31T08:37:26.788085" level="INFO">Argument types are:
&lt;class 'int'&gt;
&lt;class 'str'&gt;</msg>
<arg>${exit_code}</arg>
<arg>0</arg>
<arg>Subscriber failed in ${layer_tag}!</arg>
<doc>Fails if objects are unequal after converting them to integers.</doc>
<status status="PASS" start="2025-07-31T08:37:26.787921" elapsed="0.000235"/>
</kw>
<kw name="Log Test Summary" owner="DockerLibrary">
<arg>Basic Pub/Sub Network ${layer_tag}</arg>
<arg>${True}</arg>
<status status="PASS" start="2025-07-31T08:37:26.788255" elapsed="0.000141"/>
</kw>
<kw name="Stop Container" owner="DockerLibrary">
<arg>${SUB_NAME}</arg>
<status status="PASS" start="2025-07-31T08:37:26.788498" elapsed="0.005267"/>
</kw>
<kw name="Stop Container" owner="DockerLibrary">
<arg>${PUB_NAME}</arg>
<status status="PASS" start="2025-07-31T08:37:26.793848" elapsed="0.004746"/>
</kw>
<kw name="Sleep" owner="BuiltIn">
<msg time="2025-07-31T08:37:27.798957" level="INFO">Slept 1 second.</msg>
<arg>1s</arg>
<doc>Pauses the test executed for the given time.</doc>
<status status="PASS" start="2025-07-31T08:37:26.798679" elapsed="1.000395"/>
</kw>
<arg>network_tcp</arg>
<arg>network</arg>
<status status="PASS" start="2025-07-31T08:37:17.514800" elapsed="10.284399"/>
</kw>
<tag>basic_pub_sub_network_tcp</tag>
<status status="PASS" start="2025-07-31T08:37:17.514361" elapsed="10.284972"/>
</test>
<status status="PASS" start="2025-07-31T08:36:19.358342" elapsed="68.442179"/>
</suite>
<suite id="s1-s2" name="Multi Pub Sub" source="/home/runner/work/ecal-test-suite/ecal-test-suite/integration_tests/multi_pub_sub/robottests/multi_pub_sub.robot">
<kw name="Init Test Context" type="SETUP">
<kw name="Set Test Context" owner="GlobalPathsLibrary">
<arg>multi_pub_sub</arg>
<arg>multi_pub_sub</arg>
<doc>Sets the test folder and tag prefix if it's a valid test case.
The folder must exist under integration_tests/ and contain typical test structure.</doc>
<status status="PASS" start="2025-07-31T08:37:27.804016" elapsed="0.000175"/>
</kw>
<kw name="Get Build Script Path" owner="GlobalPathsLibrary">
<msg time="2025-07-31T08:37:27.804370" level="INFO">${build} = /home/runner/work/ecal-test-suite/ecal-test-suite/integration_tests/multi_pub_sub/scripts/build_images.sh</msg>
<var>${build}</var>
<status status="PASS" start="2025-07-31T08:37:27.804276" elapsed="0.000115"/>
</kw>
<kw name="Get Network Name" owner="GlobalPathsLibrary">
<msg time="2025-07-31T08:37:27.804537" level="INFO">${net} = ecal_test_net</msg>
<var>${net}</var>
<status status="PASS" start="2025-07-31T08:37:27.804458" elapsed="0.000096"/>
</kw>
<kw name="Get Build Script Args" owner="GlobalPathsLibrary">
<msg time="2025-07-31T08:37:27.804691" level="INFO">${args} = ['multi_pub_sub']</msg>
<var>${args}</var>
<status status="PASS" start="2025-07-31T08:37:27.804614" elapsed="0.000093"/>
</kw>
<kw name="Set Suite Variable" owner="BuiltIn">
<msg time="2025-07-31T08:37:27.804934" level="INFO">${BUILD_SCRIPT} = /home/runner/work/ecal-test-suite/ecal-test-suite/integration_tests/multi_pub_sub/scripts/build_images.sh</msg>
<arg>${BUILD_SCRIPT}</arg>
<arg>${build}</arg>
<doc>Makes a variable available everywhere within the scope of the current suite.</doc>
<status status="PASS" start="2025-07-31T08:37:27.804792" elapsed="0.000170"/>
</kw>
<kw name="Set Suite Variable" owner="BuiltIn">
<msg time="2025-07-31T08:37:27.805172" level="INFO">${NETWORK} = ecal_test_net</msg>
<arg>${NETWORK}</arg>
<arg>${net}</arg>
<doc>Makes a variable available everywhere within the scope of the current suite.</doc>
<status status="PASS" start="2025-07-31T08:37:27.805034" elapsed="0.000168"/>
</kw>
<kw name="Get Test Description" owner="GlobalPathsLibrary">
<msg time="2025-07-31T08:37:27.805447" level="INFO">${desc} = This test validates eCAL communication in a scenario involving multiple publishers and subscribers.

Test Setup:
- Two publishers run in parallel and publish messages on the **same topic**.
• Publishe...</msg>
<var>${desc}</var>
<doc>Reads the *** Comments *** section from the .robot file and returns it as a string.</doc>
<status status="PASS" start="2025-07-31T08:37:27.805270" elapsed="0.000200"/>
</kw>
<kw name="Log" owner="BuiltIn">
<msg time="2025-07-31T08:37:27.805630" level="INFO">This test validates eCAL communication in a scenario involving multiple publishers and subscribers.

Test Setup:
- Two publishers run in parallel and publish messages on the **same topic**.
• Publisher 1 sends messages containing the byte value **42**.
• Publisher 2 sends messages containing the byte value **43**.
- Two subscribers listen on that same topic and must receive all messages from both publishers.

Covered eCAL modes:
- (local_shm)   --&gt; Failing
- local_udp
- (local_tcp) --&gt; Failing
- network_udp
- network_tcp

Goals:
- Ensure that eCAL correctly distributes messages from **multiple sources** to **multiple receivers**.
- Verify that **topic routing, message integrity, and delivery** work consistently across different transport modes.

Success Criteria:
- Each subscriber must receive **10 messages with value 42** and **10 with value 43**.
- If this condition is met, the subscriber exits with code **0**.
- If any expected messages are missing, the subscriber exits with code **1**.</msg>
<arg>${desc}</arg>
<doc>Logs the given message with the given level.</doc>
<status status="PASS" start="2025-07-31T08:37:27.805542" elapsed="0.000176"/>
</kw>
<kw name="Log To Console" owner="BuiltIn">
<arg>[SETUP] Building Docker image...</arg>
<doc>Logs the given message to the console.</doc>
<status status="PASS" start="2025-07-31T08:37:27.805790" elapsed="0.000091"/>
</kw>
<kw name="Run Process" owner="Process">
<msg time="2025-07-31T08:37:27.806169" level="INFO">Starting process:
/home/runner/work/ecal-test-suite/ecal-test-suite/integration_tests/multi_pub_sub/scripts/build_images.sh multi_pub_sub</msg>
<msg time="2025-07-31T08:37:27.806630" level="INFO">Waiting for process to complete.</msg>
<msg time="2025-07-31T08:37:37.156229" level="INFO">Process completed.</msg>
<msg time="2025-07-31T08:37:37.156411" level="INFO">${result} = &lt;result object with rc 0&gt;</msg>
<var>${result}</var>
<arg>${BUILD_SCRIPT}</arg>
<arg>@{args}</arg>
<doc>Runs a process and waits for it to complete.</doc>
<status status="PASS" start="2025-07-31T08:37:27.805978" elapsed="9.350461"/>
</kw>
<kw name="Should Be Equal As Integers" owner="BuiltIn">
<msg time="2025-07-31T08:37:37.157116" level="INFO">Argument types are:
&lt;class 'int'&gt;
&lt;class 'str'&gt;</msg>
<arg>${result.rc}</arg>
<arg>0</arg>
<arg>Failed to build Docker image!</arg>
<doc>Fails if objects are unequal after converting them to integers.</doc>
<status status="PASS" start="2025-07-31T08:37:37.156604" elapsed="0.000597"/>
</kw>
<kw name="Create Docker Network" owner="DockerLibrary">
<arg>${NETWORK}</arg>
<status status="PASS" start="2025-07-31T08:37:37.157316" elapsed="0.007878"/>
</kw>
<kw name="Sleep" owner="BuiltIn">
<msg time="2025-07-31T08:37:40.165623" level="INFO">Slept 3 seconds.</msg>
<arg>3s</arg>
<doc>Pauses the test executed for the given time.</doc>
<status status="PASS" start="2025-07-31T08:37:37.165351" elapsed="3.000403"/>
</kw>
<status status="PASS" start="2025-07-31T08:37:27.803866" elapsed="12.361994"/>
</kw>
<test id="s1-s2-t1" name="Multi Pub/Sub Local UDP Test" line="44">
<kw name="Run Multi Pub Sub Test Local">
<kw name="Set Variable" owner="BuiltIn">
<msg time="2025-07-31T08:37:40.168173" level="INFO">${IMAGE} = multi_pub_sub_local_udp</msg>
<var>${IMAGE}</var>
<arg>${BASE_IMAGE}_${layer_tag}</arg>
<doc>Returns the given values which can then be assigned to a variables.</doc>
<status status="PASS" start="2025-07-31T08:37:40.167971" elapsed="0.000226"/>
</kw>
<kw name="Set Variable" owner="BuiltIn">
<msg time="2025-07-31T08:37:40.168398" level="INFO">${CONTAINER} = multi_locallocal_udp</msg>
<var>${CONTAINER}</var>
<arg>multi_local${layer_tag}</arg>
<doc>Returns the given values which can then be assigned to a variables.</doc>
<status status="PASS" start="2025-07-31T08:37:40.168280" elapsed="0.000136"/>
</kw>
<kw name="Log To Console" owner="BuiltIn">
<arg>\n[INFO] Running local multi pub/sub test (all binarys in same Container) with ${layer_tag}</arg>
<doc>Logs the given message to the console.</doc>
<status status="PASS" start="2025-07-31T08:37:40.168487" elapsed="0.000127"/>
</kw>
<kw name="Start Container" owner="DockerLibrary">
<arg>${CONTAINER}</arg>
<arg>${IMAGE}</arg>
<arg>local_multi</arg>
<arg>${layer_tag}</arg>
<status status="PASS" start="2025-07-31T08:37:40.168710" elapsed="0.128313"/>
</kw>
<kw name="Sleep" owner="BuiltIn">
<msg time="2025-07-31T08:37:58.297591" level="INFO">Slept 18 seconds.</msg>
<arg>18s</arg>
<doc>Pauses the test executed for the given time.</doc>
<status status="PASS" start="2025-07-31T08:37:40.297250" elapsed="18.000452"/>
</kw>
<kw name="Get Container Logs" owner="DockerLibrary">
<msg time="2025-07-31T08:37:58.300910" level="INFO">${logs} = [Entrypoint] Starting local multi pub/sub test in mode local_udp
[Publisher] Waiting for at least 2 subscriber(s) on topic: test_topic
[Publisher] Waiting for at least 2 subscriber(s) on topic: test_t...</msg>
<var>${logs}</var>
<arg>${CONTAINER}</arg>
<status status="PASS" start="2025-07-31T08:37:58.297859" elapsed="0.003079"/>
</kw>
<kw name="Log To Console" owner="BuiltIn">
<arg>\n[CONTAINER LOG: All Local Binarys Multi Pub/Sub]\n${logs}</arg>
<doc>Logs the given message to the console.</doc>
<status status="PASS" start="2025-07-31T08:37:58.301050" elapsed="0.000231"/>
</kw>
<kw name="Log" owner="BuiltIn">
<msg time="2025-07-31T08:37:58.301577" level="INFO">
[CONTAINER LOG: All Local Binarys Multi Pub/Sub]
[Entrypoint] Starting local multi pub/sub test in mode local_udp
[Publisher] Waiting for at least 2 subscriber(s) on topic: test_topic
[Publisher] Waiting for at least 2 subscriber(s) on topic: test_topic
[Subscriber 1] Waiting for messages...

[Subscriber 2] Waiting for messages...
[Publisher] Found 2 subscriber(s). Proceeding to send messages.
[Publisher] Found 2 subscriber(s). Proceeding to send messages.
[Publisher 1] Started with mode=local_udp, topic=test_topic, node=multi_publisher, count=10, delay=1000ms
[Publisher 2] Started with mode=local_udp, topic=test_topic, node=multi_publisher, count=10, delay=1000ms

[Publisher 2] Finished sending messages.

[Publisher 1] Finished sending messages.

=== [Subscriber 1] Received Message Summary ===
PUB1 messages (42):--------------&gt; 10/10
PUB2 messages (43):-------------&gt; 10/10
[Subscriber 1] [✓] Received messages from both publishers.


=== [Subscriber 2] Received Message Summary ===
PUB1 messages (42):--------------&gt; 10/10
PUB2 messages (43):-------------&gt; 10/10
[Subscriber 2] [✓] Received messages from both publishers.

[Entrypoint] All subscribers received messages from both publishers.
</msg>
<arg>\n[CONTAINER LOG: All Local Binarys Multi Pub/Sub]\n${logs}</arg>
<doc>Logs the given message with the given level.</doc>
<status status="PASS" start="2025-07-31T08:37:58.301425" elapsed="0.000229"/>
</kw>
<kw name="Wait For Container Exit" owner="DockerLibrary">
<msg time="2025-07-31T08:37:58.303119" level="INFO">${exit_code} = 0</msg>
<var>${exit_code}</var>
<arg>${CONTAINER}</arg>
<status status="PASS" start="2025-07-31T08:37:58.301777" elapsed="0.001390"/>
</kw>
<kw name="Should Be Equal As Integers" owner="BuiltIn">
<msg time="2025-07-31T08:37:58.303432" level="INFO">Argument types are:
&lt;class 'int'&gt;
&lt;class 'str'&gt;</msg>
<arg>${exit_code}</arg>
<arg>0</arg>
<arg>Local Multi Pub/Sub Test test failed!</arg>
<doc>Fails if objects are unequal after converting them to integers.</doc>
<status status="PASS" start="2025-07-31T08:37:58.303257" elapsed="0.000230"/>
</kw>
<kw name="Stop Container" owner="DockerLibrary">
<arg>${CONTAINER}</arg>
<status status="PASS" start="2025-07-31T08:37:58.303604" elapsed="0.005206"/>
</kw>
<kw name="Sleep" owner="BuiltIn">
<msg time="2025-07-31T08:37:59.309208" level="INFO">Slept 1 second.</msg>
<arg>1s</arg>
<doc>Pauses the test executed for the given time.</doc>
<status status="PASS" start="2025-07-31T08:37:58.308900" elapsed="1.000436"/>
</kw>
<arg>local_udp</arg>
<status status="PASS" start="2025-07-31T08:37:40.166581" elapsed="19.142852"/>
</kw>
<tag>multi_pub_sub_local_udp</tag>
<status status="PASS" start="2025-07-31T08:37:40.165949" elapsed="19.143623"/>
</test>
<test id="s1-s2-t2" name="Multi Pub/Sub Network UDP Test" line="48">
<kw name="Run Multi Pub Sub Test Network">
<kw name="Set Variable" owner="BuiltIn">
<msg time="2025-07-31T08:37:59.311300" level="INFO">${IMAGE} = multi_pub_sub_network_udp</msg>
<var>${IMAGE}</var>
<arg>${BASE_IMAGE}_${layer_tag}</arg>
<doc>Returns the given values which can then be assigned to a variables.</doc>
<status status="PASS" start="2025-07-31T08:37:59.311112" elapsed="0.000210"/>
</kw>
<kw name="Set Variable" owner="BuiltIn">
<msg time="2025-07-31T08:37:59.311486" level="INFO">${TOPIC} = test_topic</msg>
<var>${TOPIC}</var>
<arg>test_topic</arg>
<doc>Returns the given values which can then be assigned to a variables.</doc>
<status status="PASS" start="2025-07-31T08:37:59.311399" elapsed="0.000104"/>
</kw>
<kw name="Set Variable" owner="BuiltIn">
<msg time="2025-07-31T08:37:59.311677" level="INFO">${PUB1} = pub1_network_udp</msg>
<var>${PUB1}</var>
<arg>pub1_${layer_tag}</arg>
<doc>Returns the given values which can then be assigned to a variables.</doc>
<status status="PASS" start="2025-07-31T08:37:59.311569" elapsed="0.000124"/>
</kw>
<kw name="Set Variable" owner="BuiltIn">
<msg time="2025-07-31T08:37:59.311861" level="INFO">${PUB2} = pub2_network_udp</msg>
<var>${PUB2}</var>
<arg>pub2_${layer_tag}</arg>
<doc>Returns the given values which can then be assigned to a variables.</doc>
<status status="PASS" start="2025-07-31T08:37:59.311758" elapsed="0.000119"/>
</kw>
<kw name="Set Variable" owner="BuiltIn">
<msg time="2025-07-31T08:37:59.312043" level="INFO">${SUB1} = sub1_network_udp</msg>
<var>${SUB1}</var>
<arg>sub1_${layer_tag}</arg>
<doc>Returns the given values which can then be assigned to a variables.</doc>
<status status="PASS" start="2025-07-31T08:37:59.311943" elapsed="0.000116"/>
</kw>
<kw name="Set Variable" owner="BuiltIn">
<msg time="2025-07-31T08:37:59.312257" level="INFO">${SUB2} = sub2_network_udp</msg>
<var>${SUB2}</var>
<arg>sub2_${layer_tag}</arg>
<doc>Returns the given values which can then be assigned to a variables.</doc>
<status status="PASS" start="2025-07-31T08:37:59.312121" elapsed="0.000153"/>
</kw>
<kw name="Log To Console" owner="BuiltIn">
<arg>\n[INFO] Starting multi pub/sub test with ${layer_tag}</arg>
<doc>Logs the given message to the console.</doc>
<status status="PASS" start="2025-07-31T08:37:59.312342" elapsed="0.000124"/>
</kw>
<kw name="Start Container" owner="DockerLibrary">
<arg>${SUB1}</arg>
<arg>${IMAGE}</arg>
<arg>multi_subscriber</arg>
<arg>${layer_tag}</arg>
<arg>${TOPIC}</arg>
<arg>network=${NETWORK}</arg>
<status status="PASS" start="2025-07-31T08:37:59.312536" elapsed="0.136257"/>
</kw>
<kw name="Start Container" owner="DockerLibrary">
<arg>${SUB2}</arg>
<arg>${IMAGE}</arg>
<arg>multi_subscriber2</arg>
<arg>${layer_tag}</arg>
<arg>${TOPIC}</arg>
<arg>network=${NETWORK}</arg>
<status status="PASS" start="2025-07-31T08:37:59.448990" elapsed="0.140638"/>
</kw>
<kw name="Start Container" owner="DockerLibrary">
<arg>${PUB1}</arg>
<arg>${IMAGE}</arg>
<arg>multi_publisher</arg>
<arg>${layer_tag}</arg>
<arg>${TOPIC}</arg>
<arg>network=${NETWORK}</arg>
<status status="PASS" start="2025-07-31T08:37:59.589804" elapsed="0.126711"/>
</kw>
<kw name="Start Container" owner="DockerLibrary">
<arg>${PUB2}</arg>
<arg>${IMAGE}</arg>
<arg>multi_publisher2</arg>
<arg>${layer_tag}</arg>
<arg>${TOPIC}</arg>
<arg>network=${NETWORK}</arg>
<status status="PASS" start="2025-07-31T08:37:59.716689" elapsed="0.123765"/>
</kw>
<kw name="Sleep" owner="BuiltIn">
<msg time="2025-07-31T08:38:17.840933" level="INFO">Slept 18 seconds.</msg>
<arg>18s</arg>
<doc>Pauses the test executed for the given time.</doc>
<status status="PASS" start="2025-07-31T08:37:59.840625" elapsed="18.000419"/>
</kw>
<kw name="Get Container Logs" owner="DockerLibrary">
<msg time="2025-07-31T08:38:17.843925" level="INFO">${log1} = [Entrypoint] Starting multi_subscriber in mode network_udp
[Subscriber 1] Waiting for messages...


=== [Subscriber 1] Received Message Summary ===
PUB1 messages (42):--------------&gt; 10/10
PUB2 messag...</msg>
<var>${log1}</var>
<arg>${SUB1}</arg>
<status status="PASS" start="2025-07-31T08:38:17.841228" elapsed="0.002726"/>
</kw>
<kw name="Log To Console" owner="BuiltIn">
<arg>\n[CONTAINER LOG: SUBSCRIBER 1]\n${log1}</arg>
<doc>Logs the given message to the console.</doc>
<status status="PASS" start="2025-07-31T08:38:17.844058" elapsed="0.000202"/>
</kw>
<kw name="Log" owner="BuiltIn">
<msg time="2025-07-31T08:38:17.844563" level="INFO">
[CONTAINER LOG: SUBSCRIBER 1]
[Entrypoint] Starting multi_subscriber in mode network_udp
[Subscriber 1] Waiting for messages...


=== [Subscriber 1] Received Message Summary ===
PUB1 messages (42):--------------&gt; 10/10
PUB2 messages (43):-------------&gt; 10/10
[Subscriber 1] [✓] Received messages from both publishers.

</msg>
<arg>\n[CONTAINER LOG: SUBSCRIBER 1]\n${log1}</arg>
<doc>Logs the given message with the given level.</doc>
<status status="PASS" start="2025-07-31T08:38:17.844392" elapsed="0.000210"/>
</kw>
<kw name="Get Container Logs" owner="DockerLibrary">
<msg time="2025-07-31T08:38:17.846798" level="INFO">${log2} = [Entrypoint] Starting multi_subscriber2 in mode network_udp
[Subscriber 2] Waiting for messages...

=== [Subscriber 2] Received Message Summary ===
PUB1 messages (42):--------------&gt; 10/10
PUB2 messag...</msg>
<var>${log2}</var>
<arg>${SUB2}</arg>
<status status="PASS" start="2025-07-31T08:38:17.844675" elapsed="0.002148"/>
</kw>
<kw name="Log To Console" owner="BuiltIn">
<arg>\n[CONTAINER LOG: SUBSCRIBER 2]\n${log2}</arg>
<doc>Logs the given message to the console.</doc>
<status status="PASS" start="2025-07-31T08:38:17.846908" elapsed="0.000143"/>
</kw>
<kw name="Log" owner="BuiltIn">
<msg time="2025-07-31T08:38:17.847297" level="INFO">
[CONTAINER LOG: SUBSCRIBER 1]
[Entrypoint] Starting multi_subscriber2 in mode network_udp
[Subscriber 2] Waiting for messages...

=== [Subscriber 2] Received Message Summary ===
PUB1 messages (42):--------------&gt; 10/10
PUB2 messages (43):-------------&gt; 10/10
[Subscriber 2] [✓] Received messages from both publishers.

</msg>
<arg>\n[CONTAINER LOG: SUBSCRIBER 1]\n${log2}</arg>
<doc>Logs the given message with the given level.</doc>
<status status="PASS" start="2025-07-31T08:38:17.847177" elapsed="0.000158"/>
</kw>
<kw name="Wait For Container Exit" owner="DockerLibrary">
<arg>${SUB1}</arg>
<status status="PASS" start="2025-07-31T08:38:17.847408" elapsed="0.001201"/>
</kw>
<kw name="Wait For Container Exit" owner="DockerLibrary">
<arg>${SUB2}</arg>
<status status="PASS" start="2025-07-31T08:38:17.848694" elapsed="0.001043"/>
</kw>
<kw name="Wait For Container Exit" owner="DockerLibrary">
<arg>${PUB1}</arg>
<status status="PASS" start="2025-07-31T08:38:17.849821" elapsed="0.000975"/>
</kw>
<kw name="Wait For Container Exit" owner="DockerLibrary">
<arg>${PUB2}</arg>
<status status="PASS" start="2025-07-31T08:38:17.850878" elapsed="0.001075"/>
</kw>
<kw name="Wait For Container Exit" owner="DockerLibrary">
<msg time="2025-07-31T08:38:17.853042" level="INFO">${exit1} = 0</msg>
<var>${exit1}</var>
<arg>${SUB1}</arg>
<status status="PASS" start="2025-07-31T08:38:17.852043" elapsed="0.001024"/>
</kw>
<kw name="Wait For Container Exit" owner="DockerLibrary">
<msg time="2025-07-31T08:38:17.854030" level="INFO">${exit2} = 0</msg>
<var>${exit2}</var>
<arg>${SUB2}</arg>
<status status="PASS" start="2025-07-31T08:38:17.853169" elapsed="0.000884"/>
</kw>
<kw name="Should Be Equal As Integers" owner="BuiltIn">
<msg time="2025-07-31T08:38:17.854309" level="INFO">Argument types are:
&lt;class 'int'&gt;
&lt;class 'str'&gt;</msg>
<arg>${exit1}</arg>
<arg>0</arg>
<arg>Subscriber 1 failed!</arg>
<doc>Fails if objects are unequal after converting them to integers.</doc>
<status status="PASS" start="2025-07-31T08:38:17.854163" elapsed="0.000192"/>
</kw>
<kw name="Should Be Equal As Integers" owner="BuiltIn">
<msg time="2025-07-31T08:38:17.854542" level="INFO">Argument types are:
&lt;class 'int'&gt;
&lt;class 'str'&gt;</msg>
<arg>${exit2}</arg>
<arg>0</arg>
<arg>Subscriber 2 failed!</arg>
<doc>Fails if objects are unequal after converting them to integers.</doc>
<status status="PASS" start="2025-07-31T08:38:17.854432" elapsed="0.000149"/>
</kw>
<kw name="Log Test Summary" owner="DockerLibrary">
<arg>Multi Pub/Sub Test ${layer_tag}</arg>
<arg>${True}</arg>
<status status="PASS" start="2025-07-31T08:38:17.854713" elapsed="0.000151"/>
</kw>
<kw name="Stop Container" owner="DockerLibrary">
<arg>${SUB1}</arg>
<status status="PASS" start="2025-07-31T08:38:17.854953" elapsed="0.005217"/>
</kw>
<kw name="Stop Container" owner="DockerLibrary">
<arg>${SUB2}</arg>
<status status="PASS" start="2025-07-31T08:38:17.860296" elapsed="0.005308"/>
</kw>
<kw name="Stop Container" owner="DockerLibrary">
<arg>${PUB1}</arg>
<status status="PASS" start="2025-07-31T08:38:17.865712" elapsed="0.005368"/>
</kw>
<kw name="Stop Container" owner="DockerLibrary">
<arg>${PUB2}</arg>
<status status="PASS" start="2025-07-31T08:38:17.871217" elapsed="0.005322"/>
</kw>
<kw name="Sleep" owner="BuiltIn">
<msg time="2025-07-31T08:38:18.876930" level="INFO">Slept 1 second.</msg>
<arg>1s</arg>
<doc>Pauses the test executed for the given time.</doc>
<status status="PASS" start="2025-07-31T08:38:17.876655" elapsed="1.000392"/>
</kw>
<arg>network_udp</arg>
<arg>network</arg>
<status status="PASS" start="2025-07-31T08:37:59.310833" elapsed="19.566337"/>
</kw>
<tag>multi_pub_sub_network_udp</tag>
<status status="PASS" start="2025-07-31T08:37:59.310238" elapsed="19.567075"/>
</test>
<test id="s1-s2-t3" name="Multi Pub/Sub Network TCP Test" line="52">
<kw name="Run Multi Pub Sub Test Network">
<kw name="Set Variable" owner="BuiltIn">
<msg time="2025-07-31T08:38:18.879327" level="INFO">${IMAGE} = multi_pub_sub_network_tcp</msg>
<var>${IMAGE}</var>
<arg>${BASE_IMAGE}_${layer_tag}</arg>
<doc>Returns the given values which can then be assigned to a variables.</doc>
<status status="PASS" start="2025-07-31T08:38:18.879164" elapsed="0.000185"/>
</kw>
<kw name="Set Variable" owner="BuiltIn">
<msg time="2025-07-31T08:38:18.879526" level="INFO">${TOPIC} = test_topic</msg>
<var>${TOPIC}</var>
<arg>test_topic</arg>
<doc>Returns the given values which can then be assigned to a variables.</doc>
<status status="PASS" start="2025-07-31T08:38:18.879424" elapsed="0.000120"/>
</kw>
<kw name="Set Variable" owner="BuiltIn">
<msg time="2025-07-31T08:38:18.879713" level="INFO">${PUB1} = pub1_network_tcp</msg>
<var>${PUB1}</var>
<arg>pub1_${layer_tag}</arg>
<doc>Returns the given values which can then be assigned to a variables.</doc>
<status status="PASS" start="2025-07-31T08:38:18.879611" elapsed="0.000120"/>
</kw>
<kw name="Set Variable" owner="BuiltIn">
<msg time="2025-07-31T08:38:18.879890" level="INFO">${PUB2} = pub2_network_tcp</msg>
<var>${PUB2}</var>
<arg>pub2_${layer_tag}</arg>
<doc>Returns the given values which can then be assigned to a variables.</doc>
<status status="PASS" start="2025-07-31T08:38:18.879793" elapsed="0.000114"/>
</kw>
<kw name="Set Variable" owner="BuiltIn">
<msg time="2025-07-31T08:38:18.880070" level="INFO">${SUB1} = sub1_network_tcp</msg>
<var>${SUB1}</var>
<arg>sub1_${layer_tag}</arg>
<doc>Returns the given values which can then be assigned to a variables.</doc>
<status status="PASS" start="2025-07-31T08:38:18.879969" elapsed="0.000118"/>
</kw>
<kw name="Set Variable" owner="BuiltIn">
<msg time="2025-07-31T08:38:18.880291" level="INFO">${SUB2} = sub2_network_tcp</msg>
<var>${SUB2}</var>
<arg>sub2_${layer_tag}</arg>
<doc>Returns the given values which can then be assigned to a variables.</doc>
<status status="PASS" start="2025-07-31T08:38:18.880182" elapsed="0.000125"/>
</kw>
<kw name="Log To Console" owner="BuiltIn">
<arg>\n[INFO] Starting multi pub/sub test with ${layer_tag}</arg>
<doc>Logs the given message to the console.</doc>
<status status="PASS" start="2025-07-31T08:38:18.880373" elapsed="0.000119"/>
</kw>
<kw name="Start Container" owner="DockerLibrary">
<arg>${SUB1}</arg>
<arg>${IMAGE}</arg>
<arg>multi_subscriber</arg>
<arg>${layer_tag}</arg>
<arg>${TOPIC}</arg>
<arg>network=${NETWORK}</arg>
<status status="PASS" start="2025-07-31T08:38:18.880591" elapsed="0.130360"/>
</kw>
<kw name="Start Container" owner="DockerLibrary">
<arg>${SUB2}</arg>
<arg>${IMAGE}</arg>
<arg>multi_subscriber2</arg>
<arg>${layer_tag}</arg>
<arg>${TOPIC}</arg>
<arg>network=${NETWORK}</arg>
<status status="PASS" start="2025-07-31T08:38:19.011153" elapsed="0.137642"/>
</kw>
<kw name="Start Container" owner="DockerLibrary">
<arg>${PUB1}</arg>
<arg>${IMAGE}</arg>
<arg>multi_publisher</arg>
<arg>${layer_tag}</arg>
<arg>${TOPIC}</arg>
<arg>network=${NETWORK}</arg>
<status status="PASS" start="2025-07-31T08:38:19.149012" elapsed="0.126559"/>
</kw>
<kw name="Start Container" owner="DockerLibrary">
<arg>${PUB2}</arg>
<arg>${IMAGE}</arg>
<arg>multi_publisher2</arg>
<arg>${layer_tag}</arg>
<arg>${TOPIC}</arg>
<arg>network=${NETWORK}</arg>
<status status="PASS" start="2025-07-31T08:38:19.275747" elapsed="0.121592"/>
</kw>
<kw name="Sleep" owner="BuiltIn">
<msg time="2025-07-31T08:38:37.397848" level="INFO">Slept 18 seconds.</msg>
<arg>18s</arg>
<doc>Pauses the test executed for the given time.</doc>
<status status="PASS" start="2025-07-31T08:38:19.397523" elapsed="18.000446"/>
</kw>
<kw name="Get Container Logs" owner="DockerLibrary">
<msg time="2025-07-31T08:38:37.401313" level="INFO">${log1} = [Entrypoint] Starting multi_subscriber in mode network_tcp
[Subscriber 1] Waiting for messages...

1753951112182 ms | 42c2d4f7caab | multi_subscriber | 7 | error | CTCPReaderLayer - TCPPubSub (Error) ...</msg>
<var>${log1}</var>
<arg>${SUB1}</arg>
<status status="PASS" start="2025-07-31T08:38:37.398179" elapsed="0.003164"/>
</kw>
<kw name="Log To Console" owner="BuiltIn">
<arg>\n[CONTAINER LOG: SUBSCRIBER 1]\n${log1}</arg>
<doc>Logs the given message to the console.</doc>
<status status="PASS" start="2025-07-31T08:38:37.401467" elapsed="0.000201"/>
</kw>
<kw name="Log" owner="BuiltIn">
<msg time="2025-07-31T08:38:37.401947" level="INFO">
[CONTAINER LOG: SUBSCRIBER 1]
[Entrypoint] Starting multi_subscriber in mode network_tcp
[Subscriber 1] Waiting for messages...

1753951112182 ms | 42c2d4f7caab | multi_subscriber | 7 | error | CTCPReaderLayer - TCPPubSub (Error) -SubscriberSession 172.18.0.2:40852-&gt;ab22a41c79c8:43479: Error reading header length: End of file
1753951112183 ms | 42c2d4f7caab | multi_subscriber | 7 | warning | CTCPReaderLayer - TCPPubSub (Warning) -SubscriberSession 172.18.0.2:43852: Failed connecting to publisher ab22a41c79c8:43479: Connection refused
1753951112183 ms | 42c2d4f7caab | multi_subscriber | 7 | warning | CTCPReaderLayer - TCPPubSub (Warning) -SubscriberSession 172.18.0.2:43866: Failed connecting to publisher ab22a41c79c8:43479: Connection refused
1753951112184 ms | 42c2d4f7caab | multi_subscriber | 7 | warning | CTCPReaderLayer - TCPPubSub (Warning) -SubscriberSession 172.18.0.2:43878: Failed connecting to publisher ab22a41c79c8:43479: Connection refused
1753951112184 ms | 42c2d4f7caab | multi_subscriber | 7 | warning | CTCPReaderLayer - TCPPubSub (Warning) -SubscriberSession 172.18.0.2:43884: Failed connecting to publisher ab22a41c79c8:43479: Connection refused
1753951112185 ms | 42c2d4f7caab | multi_subscriber | 7 | warning | CTCPReaderLayer - TCPPubSub (Warning) -SubscriberSession 172.18.0.2:43886: Failed connecting to publisher ab22a41c79c8:43479: Connection refused
1753951112204 ms | 42c2d4f7caab | multi_subscriber | 7 | error | CTCPReaderLayer - TCPPubSub (Error) -SubscriberSession 172.18.0.2:35190-&gt;cbc36fe3adcf:43911: Error reading header length: End of file
1753951112204 ms | 42c2d4f7caab | multi_subscriber | 7 | warning | CTCPReaderLayer - TCPPubSub (Warning) -SubscriberSession 172.18.0.2:33386: Failed connecting to publisher cbc36fe3adcf:43911: Connection refused
1753951112205 ms | 42c2d4f7caab | multi_subscriber | 7 | warning | CTCPReaderLayer - TCPPubSub (Warning) -SubscriberSession 172.18.0.2:33388: Failed connecting to publisher cbc36fe3adcf:43911: Connection refused
1753951112205 ms | 42c2d4f7caab | multi_subscriber | 7 | warning | CTCPReaderLayer - TCPPubSub (Warning) -SubscriberSession 172.18.0.2:33404: Failed connecting to publisher cbc36fe3adcf:43911: Connection refused
1753951112206 ms | 42c2d4f7caab | multi_subscriber | 7 | warning | CTCPReaderLayer - TCPPubSub (Warning) -SubscriberSession 172.18.0.2:33416: Failed connecting to publisher cbc36fe3adcf:43911: Connection refused
1753951112207 ms | 42c2d4f7caab | multi_subscriber | 7 | warning | CTCPReaderLayer - TCPPubSub (Warning) -SubscriberSession 172.18.0.2:33418: Failed connecting to publisher cbc36fe3adcf:43911: Connection refused

=== [Subscriber 1] Received Message Summary ===
PUB1 messages (42):--------------&gt; 10/10
PUB2 messages (43):-------------&gt; 10/10
[Subscriber 1] [✓] Received messages from both publishers.

</msg>
<arg>\n[CONTAINER LOG: SUBSCRIBER 1]\n${log1}</arg>
<doc>Logs the given message with the given level.</doc>
<status status="PASS" start="2025-07-31T08:38:37.401778" elapsed="0.000328"/>
</kw>
<kw name="Get Container Logs" owner="DockerLibrary">
<msg time="2025-07-31T08:38:37.404658" level="INFO">${log2} = [Entrypoint] Starting multi_subscriber2 in mode network_tcp
[Subscriber 2] Waiting for messages...
1753951112182 ms | 9418979c1051 | multi_subscriber | 7 | error | CTCPReaderLayer - TCPPubSub (Error) ...</msg>
<var>${log2}</var>
<arg>${SUB2}</arg>
<status status="PASS" start="2025-07-31T08:38:37.402239" elapsed="0.002443"/>
</kw>
<kw name="Log To Console" owner="BuiltIn">
<arg>\n[CONTAINER LOG: SUBSCRIBER 2]\n${log2}</arg>
<doc>Logs the given message to the console.</doc>
<status status="PASS" start="2025-07-31T08:38:37.404767" elapsed="0.000157"/>
</kw>
<kw name="Log" owner="BuiltIn">
<msg time="2025-07-31T08:38:37.405194" level="INFO">
[CONTAINER LOG: SUBSCRIBER 1]
[Entrypoint] Starting multi_subscriber2 in mode network_tcp
[Subscriber 2] Waiting for messages...
1753951112182 ms | 9418979c1051 | multi_subscriber | 7 | error | CTCPReaderLayer - TCPPubSub (Error) -SubscriberSession 172.18.0.3:51754-&gt;ab22a41c79c8:43479: Error reading header length: End of file
1753951112183 ms | 9418979c1051 | multi_subscriber | 7 | warning | CTCPReaderLayer - TCPPubSub (Warning) -SubscriberSession 172.18.0.3:43720: Failed connecting to publisher ab22a41c79c8:43479: Connection refused
1753951112183 ms | 9418979c1051 | multi_subscriber | 7 | warning | CTCPReaderLayer - TCPPubSub (Warning) -SubscriberSession 172.18.0.3:43728: Failed connecting to publisher ab22a41c79c8:43479: Connection refused
1753951112184 ms | 9418979c1051 | multi_subscriber | 7 | warning | CTCPReaderLayer - TCPPubSub (Warning) -SubscriberSession 172.18.0.3:43742: Failed connecting to publisher ab22a41c79c8:43479: Connection refused
1753951112184 ms | 9418979c1051 | multi_subscriber | 7 | warning | CTCPReaderLayer - TCPPubSub (Warning) -SubscriberSession 172.18.0.3:43754: Failed connecting to publisher ab22a41c79c8:43479: Connection refused
1753951112185 ms | 9418979c1051 | multi_subscriber | 7 | warning | CTCPReaderLayer - TCPPubSub (Warning) -SubscriberSession 172.18.0.3:43766: Failed connecting to publisher ab22a41c79c8:43479: Connection refused
1753951112204 ms | 9418979c1051 | multi_subscriber | 7 | error | CTCPReaderLayer - TCPPubSub (Error) -SubscriberSession 172.18.0.3:52464-&gt;cbc36fe3adcf:43911: Error reading header length: End of file
1753951112204 ms | 9418979c1051 | multi_subscriber | 7 | warning | CTCPReaderLayer - TCPPubSub (Warning) -SubscriberSession 172.18.0.3:35418: Failed connecting to publisher cbc36fe3adcf:43911: Connection refused
1753951112205 ms | 9418979c1051 | multi_subscriber | 7 | warning | CTCPReaderLayer - TCPPubSub (Warning) -SubscriberSession 172.18.0.3:35428: Failed connecting to publisher cbc36fe3adcf:43911: Connection refused
1753951112206 ms | 9418979c1051 | multi_subscriber | 7 | warning | CTCPReaderLayer - TCPPubSub (Warning) -SubscriberSession 172.18.0.3:35444: Failed connecting to publisher cbc36fe3adcf:43911: Connection refused
1753951112207 ms | 9418979c1051 | multi_subscriber | 7 | warning | CTCPReaderLayer - TCPPubSub (Warning) -SubscriberSession 172.18.0.3:35448: Failed connecting to publisher cbc36fe3adcf:43911: Connection refused
1753951112207 ms | 9418979c1051 | multi_subscriber | 7 | warning | CTCPReaderLayer - TCPPubSub (Warning) -SubscriberSession 172.18.0.3:35462: Failed connecting to publisher cbc36fe3adcf:43911: Connection refused

=== [Subscriber 2] Received Message Summary ===
PUB1 messages (42):--------------&gt; 10/10
PUB2 messages (43):-------------&gt; 10/10
[Subscriber 2] [✓] Received messages from both publishers.

</msg>
<arg>\n[CONTAINER LOG: SUBSCRIBER 1]\n${log2}</arg>
<doc>Logs the given message with the given level.</doc>
<status status="PASS" start="2025-07-31T08:38:37.405033" elapsed="0.000214"/>
</kw>
<kw name="Wait For Container Exit" owner="DockerLibrary">
<arg>${SUB1}</arg>
<status status="PASS" start="2025-07-31T08:38:37.405320" elapsed="0.001062"/>
</kw>
<kw name="Wait For Container Exit" owner="DockerLibrary">
<arg>${SUB2}</arg>
<status status="PASS" start="2025-07-31T08:38:37.406464" elapsed="0.000943"/>
</kw>
<kw name="Wait For Container Exit" owner="DockerLibrary">
<arg>${PUB1}</arg>
<status status="PASS" start="2025-07-31T08:38:37.407487" elapsed="0.000937"/>
</kw>
<kw name="Wait For Container Exit" owner="DockerLibrary">
<arg>${PUB2}</arg>
<status status="PASS" start="2025-07-31T08:38:37.408505" elapsed="0.000920"/>
</kw>
<kw name="Wait For Container Exit" owner="DockerLibrary">
<msg time="2025-07-31T08:38:37.410394" level="INFO">${exit1} = 0</msg>
<var>${exit1}</var>
<arg>${SUB1}</arg>
<status status="PASS" start="2025-07-31T08:38:37.409508" elapsed="0.000909"/>
</kw>
<kw name="Wait For Container Exit" owner="DockerLibrary">
<msg time="2025-07-31T08:38:37.411572" level="INFO">${exit2} = 0</msg>
<var>${exit2}</var>
<arg>${SUB2}</arg>
<status status="PASS" start="2025-07-31T08:38:37.410496" elapsed="0.001101"/>
</kw>
<kw name="Should Be Equal As Integers" owner="BuiltIn">
<msg time="2025-07-31T08:38:37.411832" level="INFO">Argument types are:
&lt;class 'int'&gt;
&lt;class 'str'&gt;</msg>
<arg>${exit1}</arg>
<arg>0</arg>
<arg>Subscriber 1 failed!</arg>
<doc>Fails if objects are unequal after converting them to integers.</doc>
<status status="PASS" start="2025-07-31T08:38:37.411683" elapsed="0.000195"/>
</kw>
<kw name="Should Be Equal As Integers" owner="BuiltIn">
<msg time="2025-07-31T08:38:37.412149" level="INFO">Argument types are:
&lt;class 'int'&gt;
&lt;class 'str'&gt;</msg>
<arg>${exit2}</arg>
<arg>0</arg>
<arg>Subscriber 2 failed!</arg>
<doc>Fails if objects are unequal after converting them to integers.</doc>
<status status="PASS" start="2025-07-31T08:38:37.412007" elapsed="0.000191"/>
</kw>
<kw name="Log Test Summary" owner="DockerLibrary">
<arg>Multi Pub/Sub Test ${layer_tag}</arg>
<arg>${True}</arg>
<status status="PASS" start="2025-07-31T08:38:37.412275" elapsed="0.000153"/>
</kw>
<kw name="Stop Container" owner="DockerLibrary">
<arg>${SUB1}</arg>
<status status="PASS" start="2025-07-31T08:38:37.412514" elapsed="0.005012"/>
</kw>
<kw name="Stop Container" owner="DockerLibrary">
<arg>${SUB2}</arg>
<status status="PASS" start="2025-07-31T08:38:37.417611" elapsed="0.004829"/>
</kw>
<kw name="Stop Container" owner="DockerLibrary">
<arg>${PUB1}</arg>
<status status="PASS" start="2025-07-31T08:38:37.422525" elapsed="0.004990"/>
</kw>
<kw name="Stop Container" owner="DockerLibrary">
<arg>${PUB2}</arg>
<status status="PASS" start="2025-07-31T08:38:37.427607" elapsed="0.005083"/>
</kw>
<kw name="Sleep" owner="BuiltIn">
<msg time="2025-07-31T08:38:38.433061" level="INFO">Slept 1 second.</msg>
<arg>1s</arg>
<doc>Pauses the test executed for the given time.</doc>
<status status="PASS" start="2025-07-31T08:38:37.432788" elapsed="1.000439"/>
</kw>
<arg>network_tcp</arg>
<arg>network</arg>
<status status="PASS" start="2025-07-31T08:38:18.878883" elapsed="19.554453"/>
</kw>
<tag>multi_pub_sub_network_tcp</tag>
<status status="PASS" start="2025-07-31T08:38:18.878377" elapsed="19.555105"/>
</test>
<status status="PASS" start="2025-07-31T08:37:27.801294" elapsed="70.633669"/>
</suite>
<suite id="s1-s3" name="Network Crash" source="/home/runner/work/ecal-test-suite/ecal-test-suite/integration_tests/network_crash/robottests/network_crash.robot">
<kw name="Init Test Context" type="SETUP">
<kw name="Set Test Context" owner="GlobalPathsLibrary">
<arg>network_crash</arg>
<arg>network_crash</arg>
<doc>Sets the test folder and tag prefix if it's a valid test case.
The folder must exist under integration_tests/ and contain typical test structure.</doc>
<status status="PASS" start="2025-07-31T08:38:38.438417" elapsed="0.000140"/>
</kw>
<kw name="Get Build Script Path" owner="GlobalPathsLibrary">
<msg time="2025-07-31T08:38:38.438740" level="INFO">${build} = /home/runner/work/ecal-test-suite/ecal-test-suite/integration_tests/network_crash/scripts/build_images.sh</msg>
<var>${build}</var>
<status status="PASS" start="2025-07-31T08:38:38.438647" elapsed="0.000112"/>
</kw>
<kw name="Get Network Name" owner="GlobalPathsLibrary">
<msg time="2025-07-31T08:38:38.438899" level="INFO">${net} = ecal_test_net</msg>
<var>${net}</var>
<status status="PASS" start="2025-07-31T08:38:38.438823" elapsed="0.000092"/>
</kw>
<kw name="Get Build Script Args" owner="GlobalPathsLibrary">
<msg time="2025-07-31T08:38:38.439046" level="INFO">${args} = ['network_crash']</msg>
<var>${args}</var>
<status status="PASS" start="2025-07-31T08:38:38.438973" elapsed="0.000089"/>
</kw>
<kw name="Set Suite Variable" owner="BuiltIn">
<msg time="2025-07-31T08:38:38.439323" level="INFO">${BUILD_SCRIPT} = /home/runner/work/ecal-test-suite/ecal-test-suite/integration_tests/network_crash/scripts/build_images.sh</msg>
<arg>${BUILD_SCRIPT}</arg>
<arg>${build}</arg>
<doc>Makes a variable available everywhere within the scope of the current suite.</doc>
<status status="PASS" start="2025-07-31T08:38:38.439175" elapsed="0.000179"/>
</kw>
<kw name="Set Suite Variable" owner="BuiltIn">
<msg time="2025-07-31T08:38:38.439597" level="INFO">${NETWORK} = ecal_test_net</msg>
<arg>${NETWORK}</arg>
<arg>${net}</arg>
<doc>Makes a variable available everywhere within the scope of the current suite.</doc>
<status status="PASS" start="2025-07-31T08:38:38.439429" elapsed="0.000220"/>
</kw>
<kw name="Get Test Description" owner="GlobalPathsLibrary">
<msg time="2025-07-31T08:38:38.439908" level="INFO">${desc} = Test Objective:
Verify that local UDP-based communication remains functional even if a separate network UDP publisher is disconnected —
simulating a network failure scenario such as a cable unplug.

T...</msg>
<var>${desc}</var>
<doc>Reads the *** Comments *** section from the .robot file and returns it as a string.</doc>
<status status="PASS" start="2025-07-31T08:38:38.439722" elapsed="0.000209"/>
</kw>
<kw name="Log" owner="BuiltIn">
<msg time="2025-07-31T08:38:38.440093" level="INFO">Test Objective:
Verify that local UDP-based communication remains functional even if a separate network UDP publisher is disconnected —
simulating a network failure scenario such as a cable unplug.

Test Context:
This test validates the robustness of eCAL's UDP transport layer under fault conditions by ensuring that
local communication is not affected by network-layer interruptions.

Test Scenario:
1. A local UDP subscriber and two local UDP publishers run in the **same container** using eCAL's local mode.
- Publisher 1 sends payloads with value 42 from the beginning.
- Publisher 2 sends value 44, but only **after the network publisher is disconnected** (simulated delay).

2. A network UDP publisher runs in a **separate container**, using eCAL network mode and sends value 43.

3. All publishers run in parallel for a defined period (publisher 2 starts delayed after ~7s).

4. The test then **disconnects** the network UDP publisher from the Docker network.

Success Criteria:
- The subscriber receives:
• Messages with value 42 throughout the test.
• Messages with value 43 only **before** the disconnection.
• Messages with value 44 after the network crash (i.e., from local UDP Publisher 2).
- The subscriber container exits with code 0.
- The log confirms all expected messages have been received.

Note:
This test ensures **fault isolation** between local and network layers in eCAL middleware.</msg>
<arg>${desc}</arg>
<doc>Logs the given message with the given level.</doc>
<status status="PASS" start="2025-07-31T08:38:38.440002" elapsed="0.000155"/>
</kw>
<kw name="Log To Console" owner="BuiltIn">
<arg>[SETUP] Building image...</arg>
<doc>Logs the given message to the console.</doc>
<status status="PASS" start="2025-07-31T08:38:38.440229" elapsed="0.000099"/>
</kw>
<kw name="Run Process" owner="Process">
<msg time="2025-07-31T08:38:38.440561" level="INFO">Starting process:
/home/runner/work/ecal-test-suite/ecal-test-suite/integration_tests/network_crash/scripts/build_images.sh network_crash</msg>
<msg time="2025-07-31T08:38:38.441060" level="INFO">Waiting for process to complete.</msg>
<msg time="2025-07-31T08:38:47.489375" level="INFO">Process completed.</msg>
<msg time="2025-07-31T08:38:47.489556" level="INFO">${result} = &lt;result object with rc 0&gt;</msg>
<var>${result}</var>
<arg>${BUILD_SCRIPT}</arg>
<arg>@{args}</arg>
<doc>Runs a process and waits for it to complete.</doc>
<status status="PASS" start="2025-07-31T08:38:38.440414" elapsed="9.049169"/>
</kw>
<kw name="Should Be Equal As Integers" owner="BuiltIn">
<msg time="2025-07-31T08:38:47.490257" level="INFO">Argument types are:
&lt;class 'int'&gt;
&lt;class 'str'&gt;</msg>
<arg>${result.rc}</arg>
<arg>0</arg>
<arg>Docker image build failed!</arg>
<doc>Fails if objects are unequal after converting them to integers.</doc>
<status status="PASS" start="2025-07-31T08:38:47.489740" elapsed="0.000570"/>
</kw>
<kw name="Create Docker Network" owner="DockerLibrary">
<arg>${NETWORK}</arg>
<status status="PASS" start="2025-07-31T08:38:47.490396" elapsed="0.007513"/>
</kw>
<kw name="Sleep" owner="BuiltIn">
<msg time="2025-07-31T08:38:49.498456" level="INFO">Slept 2 seconds.</msg>
<arg>2s</arg>
<doc>Pauses the test executed for the given time.</doc>
<status status="PASS" start="2025-07-31T08:38:47.498086" elapsed="2.000512"/>
</kw>
<status status="PASS" start="2025-07-31T08:38:38.438258" elapsed="11.060443"/>
</kw>
<test id="s1-s3-t1" name="Local communication survives Network crash" line="45">
<kw name="Run Network Crash Survival Test">
<kw name="Set Variable" owner="BuiltIn">
<msg time="2025-07-31T08:38:49.500016" level="INFO">${IMAGE} = network_crash_local_udp</msg>
<var>${IMAGE}</var>
<arg>${BASE_IMAGE}_local_udp</arg>
<doc>Returns the given values which can then be assigned to a variables.</doc>
<status status="PASS" start="2025-07-31T08:38:49.499875" elapsed="0.000161"/>
</kw>
<kw name="Set Variable" owner="BuiltIn">
<msg time="2025-07-31T08:38:49.500211" level="INFO">${TOPIC} = test_topic</msg>
<var>${TOPIC}</var>
<arg>test_topic</arg>
<doc>Returns the given values which can then be assigned to a variables.</doc>
<status status="PASS" start="2025-07-31T08:38:49.500109" elapsed="0.000119"/>
</kw>
<kw name="Set Variable" owner="BuiltIn">
<msg time="2025-07-31T08:38:49.500374" level="INFO">${NET_PUB} = udp_network_pub</msg>
<var>${NET_PUB}</var>
<arg>udp_network_pub</arg>
[...]
[Publisher] Prepared 50MB message.
[Publisher] Waiting for at least 2 subscriber(s) on topic: test_topic
[Publisher] Found 2 subscriber(s). Pr...</msg>
<var>${log3}</var>
<arg>${PUBLISHER}</arg>
<status status="PASS" start="2025-07-31T08:48:23.820872" elapsed="0.003006"/>
</kw>
<kw name="Log To Console" owner="BuiltIn">
<arg>\n[LOG: SUBSCRIBER]\n${log1}</arg>
<doc>Logs the given message to the console.</doc>
<status status="PASS" start="2025-07-31T08:48:23.823966" elapsed="0.000154"/>
</kw>
<kw name="Log To Console" owner="BuiltIn">
<arg>\n[LOG: CRASH_SUBSCRIBER]\n${log2}</arg>
<doc>Logs the given message to the console.</doc>
<status status="PASS" start="2025-07-31T08:48:23.824256" elapsed="0.000167"/>
</kw>
<kw name="Log To Console" owner="BuiltIn">
<arg>\n[LOG: PUBLISHER]\n${log3}</arg>
<doc>Logs the given message to the console.</doc>
<status status="PASS" start="2025-07-31T08:48:23.824530" elapsed="0.000163"/>
</kw>
<kw name="Log" owner="BuiltIn">
<msg time="2025-07-31T08:48:23.824936" level="INFO">
[LOG: SUBSCRIBER]
[Entrypoint] Starting stable subscriber in mode network_udp
[Test_Sub] Ready and waiting...
[Test_Sub] Received 52428800 bytes (message 1)
[Test_Sub] Received 52428800 bytes (message 2)
[Test_Sub] Received 52428800 bytes (message 3)
[✓] Received 3 messages.
</msg>
<arg>\n[LOG: SUBSCRIBER]\n${log1}</arg>
<doc>Logs the given message with the given level.</doc>
<status status="PASS" start="2025-07-31T08:48:23.824800" elapsed="0.000185"/>
</kw>
<kw name="Log" owner="BuiltIn">
<msg time="2025-07-31T08:48:23.825200" level="INFO">
[LOG: CRASH_SUBSCRIBER]
[Entrypoint] Starting crashing subscriber in mode network_udp
[Crash_Sub] Listening to topic 'test_topic' in mode 'network_udp'
[Crash_Sub] Received 52428800 bytes
[Crash_Sub] Simulating crash after 2 seconds during active reception
./entrypoint.sh: line 62:     7 Aborted                 (core dumped) ./crash_send_subscriber $ARGS $EXTRA
</msg>
<arg>\n[LOG: CRASH_SUBSCRIBER]\n${log2}</arg>
<doc>Logs the given message with the given level.</doc>
<status status="PASS" start="2025-07-31T08:48:23.825078" elapsed="0.000155"/>
</kw>
<kw name="Log" owner="BuiltIn">
<msg time="2025-07-31T08:48:23.825392" level="INFO">
[LOG: PUBLISHER]
[Entrypoint] Starting large publisher in mode network_udp
[Publisher] Prepared 50MB message.
[Publisher] Waiting for at least 2 subscriber(s) on topic: test_topic
[Publisher] Found 2 subscriber(s). Proceeding to send messages.
[Publisher] Subscriber detected. Starting to send.
[Publisher] Send result: ✓, size: 52428800 bytes
[Publisher] Send result: ✓, size: 52428800 bytes
[Publisher] Send result: ✓, size: 52428800 bytes
[Publisher] Finished sending.
</msg>
<arg>\n[LOG: PUBLISHER]\n${log3}</arg>
<doc>Logs the given message with the given level.</doc>
<status status="PASS" start="2025-07-31T08:48:23.825303" elapsed="0.000123"/>
</kw>
<kw name="Wait For Container Exit" owner="DockerLibrary">
<msg time="2025-07-31T08:48:23.826411" level="INFO">${exit1} = 0</msg>
<var>${exit1}</var>
<arg>${SUB_OK}</arg>
<status status="PASS" start="2025-07-31T08:48:23.825492" elapsed="0.000944"/>
</kw>
<kw name="Should Be Equal As Integers" owner="BuiltIn">
<msg time="2025-07-31T08:48:23.826658" level="INFO">Argument types are:
&lt;class 'int'&gt;
&lt;class 'str'&gt;</msg>
<arg>${exit1}</arg>
<arg>0</arg>
<arg>Stable subscriber failed unexpectedly!</arg>
<doc>Fails if objects are unequal after converting them to integers.</doc>
<status status="PASS" start="2025-07-31T08:48:23.826522" elapsed="0.000183"/>
</kw>
<kw name="Log Test Summary" owner="DockerLibrary">
<arg>Network Crash Receive Test ${layer_tag}</arg>
<arg>${True}</arg>
<status status="PASS" start="2025-07-31T08:48:23.826782" elapsed="0.000150"/>
</kw>
<kw name="Stop Container" owner="DockerLibrary">
<arg>${SUB_OK}</arg>
<status status="PASS" start="2025-07-31T08:48:23.827018" elapsed="0.006073"/>
</kw>
<kw name="Stop Container" owner="DockerLibrary">
<arg>${SUB_CRASH}</arg>
<status status="PASS" start="2025-07-31T08:48:23.833213" elapsed="0.004964"/>
</kw>
<kw name="Stop Container" owner="DockerLibrary">
<arg>${PUBLISHER}</arg>
<status status="PASS" start="2025-07-31T08:48:23.838264" elapsed="0.004888"/>
</kw>
<arg>network_udp</arg>
<arg>network</arg>
<status status="PASS" start="2025-07-31T08:47:52.612737" elapsed="31.230477"/>
</kw>
<tag>crash_receive_network_udp</tag>
<status status="PASS" start="2025-07-31T08:47:52.612355" elapsed="31.230954"/>
</test>
<test id="s1-s9-t4" name="Crash During Reception (Network TCP)" line="58">
<kw name="Run Network Crash Receive Test">
<kw name="Set Variable" owner="BuiltIn">
<msg time="2025-07-31T08:48:23.845195" level="INFO">${IMAGE} = sub_send_crash_network_tcp</msg>
<var>${IMAGE}</var>
<arg>${BASE_IMAGE}_${layer_tag}</arg>
<doc>Returns the given values which can then be assigned to a variables.</doc>
<status status="PASS" start="2025-07-31T08:48:23.845020" elapsed="0.000198"/>
</kw>
<kw name="Set Variable" owner="BuiltIn">
<msg time="2025-07-31T08:48:23.845382" level="INFO">${TOPIC} = test_topic</msg>
<var>${TOPIC}</var>
<arg>test_topic</arg>
<doc>Returns the given values which can then be assigned to a variables.</doc>
<status status="PASS" start="2025-07-31T08:48:23.845295" elapsed="0.000106"/>
</kw>
<kw name="Set Variable" owner="BuiltIn">
<msg time="2025-07-31T08:48:23.845575" level="INFO">${SUB_OK} = sub_ok_network_tcp</msg>
<var>${SUB_OK}</var>
<arg>sub_ok_${layer_tag}</arg>
<doc>Returns the given values which can then be assigned to a variables.</doc>
<status status="PASS" start="2025-07-31T08:48:23.845469" elapsed="0.000123"/>
</kw>
<kw name="Set Variable" owner="BuiltIn">
<msg time="2025-07-31T08:48:23.845756" level="INFO">${SUB_CRASH} = sub_crash_network_tcp</msg>
<var>${SUB_CRASH}</var>
<arg>sub_crash_${layer_tag}</arg>
<doc>Returns the given values which can then be assigned to a variables.</doc>
<status status="PASS" start="2025-07-31T08:48:23.845656" elapsed="0.000116"/>
</kw>
<kw name="Set Variable" owner="BuiltIn">
<msg time="2025-07-31T08:48:23.845933" level="INFO">${PUBLISHER} = pub_network_tcp</msg>
<var>${PUBLISHER}</var>
<arg>pub_${layer_tag}</arg>
<doc>Returns the given values which can then be assigned to a variables.</doc>
<status status="PASS" start="2025-07-31T08:48:23.845835" elapsed="0.000114"/>
</kw>
<kw name="Log To Console" owner="BuiltIn">
<arg>\n[INFO] Starting crash test in NETWORK mode: ${layer_tag}</arg>
<doc>Logs the given message to the console.</doc>
<status status="PASS" start="2025-07-31T08:48:23.846010" elapsed="0.000132"/>
</kw>
<kw name="Start Container" owner="DockerLibrary">
<arg>${SUB_OK}</arg>
<arg>${IMAGE}</arg>
<arg>test_subscriber</arg>
<arg>${layer_tag}</arg>
<arg>${TOPIC}</arg>
<arg>${SUB_OK}</arg>
<arg>network=${NETWORK}</arg>
<status status="PASS" start="2025-07-31T08:48:23.846242" elapsed="0.123595"/>
</kw>
<kw name="Start Container" owner="DockerLibrary">
<arg>${SUB_CRASH}</arg>
<arg>${IMAGE}</arg>
<arg>crash_subscriber</arg>
<arg>${layer_tag}</arg>
<arg>${TOPIC}</arg>
<arg>${SUB_CRASH}</arg>
<arg>network=${NETWORK}</arg>
<status status="PASS" start="2025-07-31T08:48:23.970011" elapsed="0.126005"/>
</kw>
<kw name="Start Container" owner="DockerLibrary">
<arg>${PUBLISHER}</arg>
<arg>${IMAGE}</arg>
<arg>large_publisher</arg>
<arg>${layer_tag}</arg>
<arg>${TOPIC}</arg>
<arg>${PUBLISHER}</arg>
<arg>network=${NETWORK}</arg>
<status status="PASS" start="2025-07-31T08:48:24.096294" elapsed="0.120084"/>
</kw>
<kw name="Wait For Container Exit" owner="DockerLibrary">
<arg>${SUB_OK}</arg>
<status status="PASS" start="2025-07-31T08:48:24.216547" elapsed="30.821149"/>
</kw>
<kw name="Wait For Container Exit" owner="DockerLibrary">
<arg>${SUB_CRASH}</arg>
<status status="PASS" start="2025-07-31T08:48:55.037913" elapsed="0.001767"/>
</kw>
<kw name="Wait For Container Exit" owner="DockerLibrary">
<arg>${PUBLISHER}</arg>
<status status="PASS" start="2025-07-31T08:48:55.039813" elapsed="0.001281"/>
</kw>
<kw name="Get Container Logs" owner="DockerLibrary">
<msg time="2025-07-31T08:48:55.043729" level="INFO">${log1} = [Entrypoint] Starting stable subscriber in mode network_tcp
[Test_Sub] Ready and waiting...
[Test_Sub] Received 52428800 bytes (message 1)
[Test_Sub] Received 52428800 bytes (message 2)
[Test_Sub] Rec...</msg>
<var>${log1}</var>
<arg>${SUB_OK}</arg>
<status status="PASS" start="2025-07-31T08:48:55.041312" elapsed="0.002445"/>
</kw>
<kw name="Get Container Logs" owner="DockerLibrary">
<msg time="2025-07-31T08:48:55.046244" level="INFO">${log2} = [Entrypoint] Starting crashing subscriber in mode network_tcp
[Crash_Sub] Simulating crash after 2 seconds during active reception
[Crash_Sub] Listening to topic 'test_topic' in mode 'network_tcp'
[Cr...</msg>
<var>${log2}</var>
<arg>${SUB_CRASH}</arg>
<status status="PASS" start="2025-07-31T08:48:55.043849" elapsed="0.002427"/>
</kw>
<kw name="Get Container Logs" owner="DockerLibrary">
<msg time="2025-07-31T08:48:55.048617" level="INFO">${log3} = [Entrypoint] Starting large publisher in mode network_tcp
[Publisher] Prepared 50MB message.
[Publisher] Waiting for at least 2 subscriber(s) on topic: test_topic
1753951704972 ms | 45e412cbd481 | lar...</msg>
<var>${log3}</var>
<arg>${PUBLISHER}</arg>
<status status="PASS" start="2025-07-31T08:48:55.046389" elapsed="0.002253"/>
</kw>
<kw name="Log To Console" owner="BuiltIn">
<arg>\n[LOG: SUBSCRIBER]\n${log1}</arg>
<doc>Logs the given message to the console.</doc>
<status status="PASS" start="2025-07-31T08:48:55.048735" elapsed="0.000178"/>
</kw>
<kw name="Log To Console" owner="BuiltIn">
<arg>\n[LOG: CRASH_SUBSCRIBER]\n${log2}</arg>
<doc>Logs the given message to the console.</doc>
<status status="PASS" start="2025-07-31T08:48:55.049020" elapsed="0.000175"/>
</kw>
<kw name="Log To Console" owner="BuiltIn">
<arg>\n[LOG: PUBLISHER]\n${log3}</arg>
<doc>Logs the given message to the console.</doc>
<status status="PASS" start="2025-07-31T08:48:55.049291" elapsed="0.000146"/>
</kw>
<kw name="Log" owner="BuiltIn">
<msg time="2025-07-31T08:48:55.049645" level="INFO">
[LOG: SUBSCRIBER]
[Entrypoint] Starting stable subscriber in mode network_tcp
[Test_Sub] Ready and waiting...
[Test_Sub] Received 52428800 bytes (message 1)
[Test_Sub] Received 52428800 bytes (message 2)
[Test_Sub] Received 52428800 bytes (message 3)
1753951709694 ms | 16758a8c6d96 | test_sub | 7 | error | CTCPReaderLayer - TCPPubSub (Error) -SubscriberSession 172.18.0.2:43416-&gt;45e412cbd481:44839: Error reading header length: End of file
1753951709694 ms | 16758a8c6d96 | test_sub | 7 | warning | CTCPReaderLayer - TCPPubSub (Warning) -SubscriberSession 172.18.0.2:43422: Failed connecting to publisher 45e412cbd481:44839: Connection refused
1753951709695 ms | 16758a8c6d96 | test_sub | 7 | warning | CTCPReaderLayer - TCPPubSub (Warning) -SubscriberSession 172.18.0.2:43430: Failed connecting to publisher 45e412cbd481:44839: Connection refused
1753951709695 ms | 16758a8c6d96 | test_sub | 7 | warning | CTCPReaderLayer - TCPPubSub (Warning) -SubscriberSession 172.18.0.2:43442: Failed connecting to publisher 45e412cbd481:44839: Connection refused
1753951709696 ms | 16758a8c6d96 | test_sub | 7 | warning | CTCPReaderLayer - TCPPubSub (Warning) -SubscriberSession 172.18.0.2:43452: Failed connecting to publisher 45e412cbd481:44839: Connection refused
1753951709696 ms | 16758a8c6d96 | test_sub | 7 | warning | CTCPReaderLayer - TCPPubSub (Warning) -SubscriberSession 172.18.0.2:43466: Failed connecting to publisher 45e412cbd481:44839: Connection refused
[✓] Received 3 messages.
</msg>
<arg>\n[LOG: SUBSCRIBER]\n${log1}</arg>
<doc>Logs the given message with the given level.</doc>
<status status="PASS" start="2025-07-31T08:48:55.049532" elapsed="0.000159"/>
</kw>
<kw name="Log" owner="BuiltIn">
<msg time="2025-07-31T08:48:55.049853" level="INFO">
[LOG: CRASH_SUBSCRIBER]
[Entrypoint] Starting crashing subscriber in mode network_tcp
[Crash_Sub] Simulating crash after 2 seconds during active reception
[Crash_Sub] Listening to topic 'test_topic' in mode 'network_tcp'
[Crash_Sub] Received 52428800 bytes
./entrypoint.sh: line 62:     7 Aborted                 (core dumped) ./crash_send_subscriber $ARGS $EXTRA
</msg>
<arg>\n[LOG: CRASH_SUBSCRIBER]\n${log2}</arg>
<doc>Logs the given message with the given level.</doc>
<status status="PASS" start="2025-07-31T08:48:55.049762" elapsed="0.000122"/>
</kw>
<kw name="Log" owner="BuiltIn">
<msg time="2025-07-31T08:48:55.050041" level="INFO">
[LOG: PUBLISHER]
[Entrypoint] Starting large publisher in mode network_tcp
[Publisher] Prepared 50MB message.
[Publisher] Waiting for at least 2 subscriber(s) on topic: test_topic
1753951704972 ms | 45e412cbd481 | large_publisher | 7 | info | CTCPReaderLayer - TCPPubSub (Info) -Publisher :::0: Created publisher and waiting for clients.
1753951704973 ms | 45e412cbd481 | large_publisher | 7 | info | CTCPReaderLayer - TCPPubSub (Info) -Publisher :::44839: Subscriber ::ffff:172.18.0.2:43416 has connected.
1753951704973 ms | 45e412cbd481 | large_publisher | 7 | info | CTCPReaderLayer - TCPPubSub (Info) -Publisher :::44839: Subscriber ::ffff:172.18.0.3:34648 has connected.
[Publisher] Found 2 subscriber(s). Proceeding to send messages.
[Publisher] Subscriber detected. Starting to send.
[Publisher] Send result: ✓, size: 52428800 bytes
[Publisher] Send result: ✓, size: 52428800 bytes
1753951707675 ms | 45e412cbd481 | large_publisher | 7 | warning | CTCPReaderLayer - TCPPubSub (Warning) -PublisherSession ::ffff:172.18.0.4:44839-&gt;?: Failed sending data: Broken pipe
[Publisher] Send result: ✓, size: 52428800 bytes
[Publisher] Finished sending.
</msg>
<arg>\n[LOG: PUBLISHER]\n${log3}</arg>
<doc>Logs the given message with the given level.</doc>
<status status="PASS" start="2025-07-31T08:48:55.049951" elapsed="0.000128"/>
</kw>
<kw name="Wait For Container Exit" owner="DockerLibrary">
<msg time="2025-07-31T08:48:55.051180" level="INFO">${exit1} = 0</msg>
<var>${exit1}</var>
<arg>${SUB_OK}</arg>
<status status="PASS" start="2025-07-31T08:48:55.050179" elapsed="0.001027"/>
</kw>
<kw name="Should Be Equal As Integers" owner="BuiltIn">
<msg time="2025-07-31T08:48:55.051426" level="INFO">Argument types are:
&lt;class 'int'&gt;
&lt;class 'str'&gt;</msg>
<arg>${exit1}</arg>
<arg>0</arg>
<arg>Stable subscriber failed unexpectedly!</arg>
<doc>Fails if objects are unequal after converting them to integers.</doc>
<status status="PASS" start="2025-07-31T08:48:55.051292" elapsed="0.000178"/>
</kw>
<kw name="Log Test Summary" owner="DockerLibrary">
<arg>Network Crash Receive Test ${layer_tag}</arg>
<arg>${True}</arg>
<status status="PASS" start="2025-07-31T08:48:55.051547" elapsed="0.000149"/>
</kw>
<kw name="Stop Container" owner="DockerLibrary">
<arg>${SUB_OK}</arg>
<status status="PASS" start="2025-07-31T08:48:55.051778" elapsed="0.005009"/>
</kw>
<kw name="Stop Container" owner="DockerLibrary">
<arg>${SUB_CRASH}</arg>
<status status="PASS" start="2025-07-31T08:48:55.056874" elapsed="0.004918"/>
</kw>
<kw name="Stop Container" owner="DockerLibrary">
<arg>${PUBLISHER}</arg>
<status status="PASS" start="2025-07-31T08:48:55.061881" elapsed="0.005095"/>
</kw>
<arg>network_tcp</arg>
<arg>network</arg>
<status status="PASS" start="2025-07-31T08:48:23.844810" elapsed="31.222231"/>
</kw>
<tag>crash_receive_network_tcp</tag>
<status status="PASS" start="2025-07-31T08:48:23.844419" elapsed="31.222785"/>
</test>
<status status="PASS" start="2025-07-31T08:46:29.891987" elapsed="145.176289"/>
</suite>
<status status="PASS" start="2025-07-31T08:36:19.338703" elapsed="755.730292"/>
</suite>
<statistics>
<total>
<stat pass="25" fail="0" skip="0">All Tests</stat>
</total>
<tag>
<stat pass="1" fail="0" skip="0">basic_pub_sub_local_shm</stat>
<stat pass="1" fail="0" skip="0">basic_pub_sub_local_tcp</stat>
<stat pass="1" fail="0" skip="0">basic_pub_sub_local_udp</stat>
<stat pass="1" fail="0" skip="0">basic_pub_sub_network_tcp</stat>
<stat pass="1" fail="0" skip="0">basic_pub_sub_network_udp</stat>
<stat pass="1" fail="0" skip="0">crash_receive_local_shm</stat>
<stat pass="1" fail="0" skip="0">crash_receive_local_tcp</stat>
<stat pass="1" fail="0" skip="0">crash_receive_network_tcp</stat>
<stat pass="1" fail="0" skip="0">crash_receive_network_udp</stat>
<stat pass="1" fail="0" skip="0">multi_pub_sub_local_udp</stat>
<stat pass="1" fail="0" skip="0">multi_pub_sub_network_tcp</stat>
<stat pass="1" fail="0" skip="0">multi_pub_sub_network_udp</stat>
<stat pass="1" fail="0" skip="0">network_crash_test</stat>
<stat pass="1" fail="0" skip="0">pub_crash_local_shm</stat>
<stat pass="2" fail="0" skip="0">pub_crash_network_tcp</stat>
<stat pass="1" fail="0" skip="0">pub_crash_network_udp</stat>
<stat pass="1" fail="0" skip="0">rpc_n_to_n_test</stat>
<stat pass="2" fail="0" skip="0">rpc_reconnect</stat>
<stat pass="1" fail="0" skip="0">rpc_server_client_ping_test</stat>
<stat pass="1" fail="0" skip="0">sub_crash_local_shm</stat>
<stat pass="1" fail="0" skip="0">sub_crash_local_tcp</stat>
<stat pass="1" fail="0" skip="0">sub_crash_local_udp</stat>
<stat pass="1" fail="0" skip="0">sub_crash_network_udp</stat>
</tag>
<suite>
<stat name="Basic Pub Sub &amp; Multi Pub Sub &amp; Network Crash &amp; Pub Crash &amp; Rpc N To N Test &amp; Rpc Ping Test &amp; Rpc Reconnect Test &amp; Sub Crash &amp; Sub Send Crash" id="s1" pass="25" fail="0" skip="0">Basic Pub Sub &amp; Multi Pub Sub &amp; Network Crash &amp; Pub Crash &amp; Rpc N To N Test &amp; Rpc Ping Test &amp; Rpc Reconnect Test &amp; Sub Crash &amp; Sub Send Crash</stat>
<stat name="Basic Pub Sub" id="s1-s1" pass="5" fail="0" skip="0">Basic Pub Sub &amp; Multi Pub Sub &amp; Network Crash &amp; Pub Crash &amp; Rpc N To N Test &amp; Rpc Ping Test &amp; Rpc Reconnect Test &amp; Sub Crash &amp; Sub Send Crash.Basic Pub Sub</stat>
<stat name="Multi Pub Sub" id="s1-s2" pass="3" fail="0" skip="0">Basic Pub Sub &amp; Multi Pub Sub &amp; Network Crash &amp; Pub Crash &amp; Rpc N To N Test &amp; Rpc Ping Test &amp; Rpc Reconnect Test &amp; Sub Crash &amp; Sub Send Crash.Multi Pub Sub</stat>
<stat name="Network Crash" id="s1-s3" pass="1" fail="0" skip="0">Basic Pub Sub &amp; Multi Pub Sub &amp; Network Crash &amp; Pub Crash &amp; Rpc N To N Test &amp; Rpc Ping Test &amp; Rpc Reconnect Test &amp; Sub Crash &amp; Sub Send Crash.Network Crash</stat>
<stat name="Pub Crash" id="s1-s4" pass="3" fail="0" skip="0">Basic Pub Sub &amp; Multi Pub Sub &amp; Network Crash &amp; Pub Crash &amp; Rpc N To N Test &amp; Rpc Ping Test &amp; Rpc Reconnect Test &amp; Sub Crash &amp; Sub Send Crash.Pub Crash</stat>
<stat name="Rpc N To N Test" id="s1-s5" pass="1" fail="0" skip="0">Basic Pub Sub &amp; Multi Pub Sub &amp; Network Crash &amp; Pub Crash &amp; Rpc N To N Test &amp; Rpc Ping Test &amp; Rpc Reconnect Test &amp; Sub Crash &amp; Sub Send Crash.Rpc N To N Test</stat>
<stat name="Rpc Ping Test" id="s1-s6" pass="1" fail="0" skip="0">Basic Pub Sub &amp; Multi Pub Sub &amp; Network Crash &amp; Pub Crash &amp; Rpc N To N Test &amp; Rpc Ping Test &amp; Rpc Reconnect Test &amp; Sub Crash &amp; Sub Send Crash.Rpc Ping Test</stat>
<stat name="Rpc Reconnect Test" id="s1-s7" pass="2" fail="0" skip="0">Basic Pub Sub &amp; Multi Pub Sub &amp; Network Crash &amp; Pub Crash &amp; Rpc N To N Test &amp; Rpc Ping Test &amp; Rpc Reconnect Test &amp; Sub Crash &amp; Sub Send Crash.Rpc Reconnect Test</stat>
<stat name="Sub Crash" id="s1-s8" pass="5" fail="0" skip="0">Basic Pub Sub &amp; Multi Pub Sub &amp; Network Crash &amp; Pub Crash &amp; Rpc N To N Test &amp; Rpc Ping Test &amp; Rpc Reconnect Test &amp; Sub Crash &amp; Sub Send Crash.Sub Crash</stat>
<stat name="Sub Send Crash" id="s1-s9" pass="4" fail="0" skip="0">Basic Pub Sub &amp; Multi Pub Sub &amp; Network Crash &amp; Pub Crash &amp; Rpc N To N Test &amp; Rpc Ping Test &amp; Rpc Reconnect Test &amp; Sub Crash &amp; Sub Send Crash.Sub Send Crash</stat>
</suite>
</statistics>
<errors>
</errors>
</robot>
