<?xml version="1.0" encoding="UTF-8"?>
<robot generator="Robot 7.4.1 (Python 3.12.3 on linux)" generated="2026-01-23T13:36:44.550058" rpa="false" schemaversion="5">
<suite id="s1" name="Basic Pub Sub &amp; Multi Pub Sub &amp; Network Crash &amp; Pub Crash &amp; Rpc N To N Test &amp; Rpc Ping Test &amp; Rpc Reconnect Test &amp; Sub Crash &amp; Sub Send Crash">
<suite id="s1-s1" name="Basic Pub Sub" source="/home/runner/work/ecal-test-suite/ecal-test-suite/integration_tests/basic_pub_sub/robottests/basic_pub_sub.robot">
<kw name="Init Test Context" type="SETUP">
<kw name="Set Test Context" owner="GlobalPathsLibrary">
<arg>basic_pub_sub</arg>
<arg>basic_pub_sub</arg>
<doc>Sets the test folder and tag prefix if it's a valid test case.
The folder must exist under integration_tests/ and contain typical test structure.</doc>
<status status="PASS" start="2026-01-23T13:36:44.676905" elapsed="0.000178"/>
</kw>
<kw name="Get Build Script Path" owner="GlobalPathsLibrary">
<msg time="2026-01-23T13:36:44.677334" level="INFO">${build} = /home/runner/work/ecal-test-suite/ecal-test-suite/integration_tests/basic_pub_sub/scripts/build_images.sh</msg>
<var>${build}</var>
<status status="PASS" start="2026-01-23T13:36:44.677222" elapsed="0.000139"/>
</kw>
<kw name="Get Network Name" owner="GlobalPathsLibrary">
<msg time="2026-01-23T13:36:44.677595" level="INFO">${net} = ecal_test_net</msg>
<var>${net}</var>
<status status="PASS" start="2026-01-23T13:36:44.677435" elapsed="0.000180"/>
</kw>
<kw name="Get Build Script Args" owner="GlobalPathsLibrary">
<msg time="2026-01-23T13:36:44.677774" level="INFO">${args} = ['basic_pub_sub']</msg>
<var>${args}</var>
<status status="PASS" start="2026-01-23T13:36:44.677684" elapsed="0.000108"/>
</kw>
<kw name="Set Suite Variable" owner="BuiltIn">
<msg time="2026-01-23T13:36:44.678207" level="INFO">${BUILD_SCRIPT} = /home/runner/work/ecal-test-suite/ecal-test-suite/integration_tests/basic_pub_sub/scripts/build_images.sh</msg>
<arg>${BUILD_SCRIPT}</arg>
<arg>${build}</arg>
<doc>Makes a variable available everywhere within the scope of the current suite.</doc>
<status status="PASS" start="2026-01-23T13:36:44.677875" elapsed="0.000369"/>
</kw>
<kw name="Set Suite Variable" owner="BuiltIn">
<msg time="2026-01-23T13:36:44.678566" level="INFO">${NETWORK} = ecal_test_net</msg>
<arg>${NETWORK}</arg>
<arg>${net}</arg>
<doc>Makes a variable available everywhere within the scope of the current suite.</doc>
<status status="PASS" start="2026-01-23T13:36:44.678332" elapsed="0.000265"/>
</kw>
<kw name="Get Test Description" owner="GlobalPathsLibrary">
<msg time="2026-01-23T13:36:44.678814" level="INFO">${desc} = This test checks basic communication between a single publisher and a single subscriber.

Test Setup:
- The publisher sends 4 messages, each 0.2 MB in size, on a single topic.
- The subscriber listens...</msg>
<var>${desc}</var>
<doc>Reads the *** Comments *** section from the .robot file and returns it as a string.</doc>
<status status="PASS" start="2026-01-23T13:36:44.678670" elapsed="0.000164"/>
</kw>
<kw name="Log" owner="BuiltIn">
<msg time="2026-01-23T13:36:44.679087" level="INFO">This test checks basic communication between a single publisher and a single subscriber.

Test Setup:
- The publisher sends 4 messages, each 0.2 MB in size, on a single topic.
- The subscriber listens on that topic for 6 seconds and counts received messages.

Covered eCAL modes:
- local_shm
- local_udp
- local_tcp
- network_udp
- network_tcp

Goals:
- Ensure that basic 1:1 communication works reliably across all transport modes.
- Validate correct transmission of payloads (200 KB).

Success Criteria:
- The subscriber receives exactly 4 messages.
- If true, it exits with code 0.
- Otherwise, it exits with code 1.</msg>
<arg>${desc}</arg>
<doc>Logs the given message with the given level.</doc>
<status status="PASS" start="2026-01-23T13:36:44.678911" elapsed="0.000231"/>
</kw>
<kw name="Log To Console" owner="BuiltIn">
<arg>[SETUP] Building Docker image...</arg>
<doc>Logs the given message to the console.</doc>
<status status="PASS" start="2026-01-23T13:36:44.679222" elapsed="0.000190"/>
</kw>
<kw name="Run Process" owner="Process">
<msg time="2026-01-23T13:36:44.679736" level="INFO">Starting process:
/home/runner/work/ecal-test-suite/ecal-test-suite/integration_tests/basic_pub_sub/scripts/build_images.sh basic_pub_sub</msg>
<msg time="2026-01-23T13:36:44.680093" level="INFO">Waiting for process to complete.</msg>
<msg time="2026-01-23T13:36:58.972336" level="INFO">Process completed.</msg>
<msg time="2026-01-23T13:36:58.972506" level="INFO">${result} = &lt;result object with rc 0&gt;</msg>
<var>${result}</var>
<arg>${BUILD_SCRIPT}</arg>
<arg>@{args}</arg>
<doc>Runs a process and waits for it to complete.</doc>
<status status="PASS" start="2026-01-23T13:36:44.679499" elapsed="14.293032"/>
</kw>
<kw name="Should Be Equal As Integers" owner="BuiltIn">
<msg time="2026-01-23T13:36:58.973341" level="INFO">Argument types are:
&lt;class 'int'&gt;
&lt;class 'str'&gt;</msg>
<arg>${result.rc}</arg>
<arg>0</arg>
<arg>Failed to build Docker image!</arg>
<doc>Fails if objects are unequal after converting them to integers.</doc>
<status status="PASS" start="2026-01-23T13:36:58.972681" elapsed="0.000717"/>
</kw>
<kw name="Create Docker Network" owner="DockerLibrary">
<arg>${NETWORK}</arg>
<status status="PASS" start="2026-01-23T13:36:58.973486" elapsed="0.044208"/>
</kw>
<kw name="Sleep" owner="BuiltIn">
<msg time="2026-01-23T13:37:02.018337" level="INFO">Slept 3 seconds.</msg>
<arg>3s</arg>
<doc>Pauses the test executed for the given time.</doc>
<status status="PASS" start="2026-01-23T13:36:59.017861" elapsed="3.000597"/>
</kw>
<status status="PASS" start="2026-01-23T13:36:44.676485" elapsed="17.342077"/>
</kw>
<test id="s1-s1-t1" name="Basic Pub/Sub Local SHM" line="38">
<kw name="Run Local Pub Sub Test">
<kw name="Set Variable" owner="BuiltIn">
<msg time="2026-01-23T13:37:02.019821" level="INFO">${IMAGE} = basic_pub_sub_local_shm</msg>
<var>${IMAGE}</var>
<arg>${BASE_IMAGE}_${layer_tag}</arg>
<doc>Returns the given values which can then be assigned to a variables.</doc>
<status status="PASS" start="2026-01-23T13:37:02.019525" elapsed="0.000317"/>
</kw>
<kw name="Set Variable" owner="BuiltIn">
<msg time="2026-01-23T13:37:02.020135" level="INFO">${CONTAINER} = basic_local_local_shm</msg>
<var>${CONTAINER}</var>
<arg>basic_local_${layer_tag}</arg>
<doc>Returns the given values which can then be assigned to a variables.</doc>
<status status="PASS" start="2026-01-23T13:37:02.019918" elapsed="0.000237"/>
</kw>
<kw name="Log To Console" owner="BuiltIn">
<arg>\n[INFO] Running local pub/sub test in mode: ${layer_tag}</arg>
<doc>Logs the given message to the console.</doc>
<status status="PASS" start="2026-01-23T13:37:02.020228" elapsed="0.000206"/>
</kw>
<kw name="Start Container" owner="DockerLibrary">
<arg>${CONTAINER}</arg>
<arg>${IMAGE}</arg>
<arg>local</arg>
<arg>${layer_tag}</arg>
<arg>test_topic</arg>
<arg>${CONTAINER}</arg>
<status status="PASS" start="2026-01-23T13:37:02.020525" elapsed="0.112682"/>
</kw>
<kw name="Sleep" owner="BuiltIn">
<msg time="2026-01-23T13:37:11.133967" level="INFO">Slept 9 seconds.</msg>
<arg>9s</arg>
<doc>Pauses the test executed for the given time.</doc>
<status status="PASS" start="2026-01-23T13:37:02.133435" elapsed="9.000647"/>
</kw>
<kw name="Get Container Logs" owner="DockerLibrary">
<msg time="2026-01-23T13:37:11.143013" level="INFO">${logs} = [Entrypoint] Starting subscriber and publisher in mode local_shm
Shared memory monitoring is enabled (domain: ecal_mon - queue size: 1024)
[Publisher] Waiting for at least 1 subscriber(s) on topic: te...</msg>
<var>${logs}</var>
<arg>${CONTAINER}</arg>
<status status="PASS" start="2026-01-23T13:37:11.134281" elapsed="0.008763"/>
</kw>
<kw name="Log To Console" owner="BuiltIn">
<arg>\n[CONTAINER LOG: LOCAL PUB+SUB]\n${logs}</arg>
<doc>Logs the given message to the console.</doc>
<status status="PASS" start="2026-01-23T13:37:11.143150" elapsed="0.000298"/>
</kw>
<kw name="Log" owner="BuiltIn">
<msg time="2026-01-23T13:37:11.143769" level="INFO">
[CONTAINER LOG: LOCAL PUB+SUB]
[Entrypoint] Starting subscriber and publisher in mode local_shm
Shared memory monitoring is enabled (domain: ecal_mon - queue size: 1024)
[Publisher] Waiting for at least 1 subscriber(s) on topic: test_topic
[Publisher] Found 1 subscriber(s). Proceeding to send messages.
[Publisher] Send result: ✓, size: 209715 bytes
[Publisher] Send result: ✓, size: 209715 bytes
[Publisher] Send result: ✓, size: 209715 bytes
[Publisher] Send result: ✓, size: 209715 bytes
[Publisher] Finished sending.
Shared memory monitoring is enabled (domain: ecal_mon - queue size: 1024)


[Subscriber] Ready and waiting...

[Subscriber] Received 209715 bytes (message 1)
[Subscriber] Received 209715 bytes (message 2)
[Subscriber] Received 209715 bytes (message 3)
[Subscriber] Received 209715 bytes (message 4)
[Subscriber] Received 4 messages.
</msg>
<arg>\n[CONTAINER LOG: LOCAL PUB+SUB]\n${logs}</arg>
<doc>Logs the given message with the given level.</doc>
<status status="PASS" start="2026-01-23T13:37:11.143562" elapsed="0.000297"/>
</kw>
<kw name="Wait For Container Exit" owner="DockerLibrary">
<msg time="2026-01-23T13:37:11.144998" level="INFO">${exit_code} = 0</msg>
<var>${exit_code}</var>
<arg>${CONTAINER}</arg>
<status status="PASS" start="2026-01-23T13:37:11.143939" elapsed="0.001082"/>
</kw>
<kw name="Should Be Equal As Integers" owner="BuiltIn">
<msg time="2026-01-23T13:37:11.145364" level="INFO">Argument types are:
&lt;class 'int'&gt;
&lt;class 'str'&gt;</msg>
<arg>${exit_code}</arg>
<arg>0</arg>
<arg>Local communication test failed!</arg>
<doc>Fails if objects are unequal after converting them to integers.</doc>
<status status="PASS" start="2026-01-23T13:37:11.145103" elapsed="0.000308"/>
</kw>
<kw name="Log Test Summary" owner="DockerLibrary">
<arg>Basic Pub/Sub Local ${layer_tag}</arg>
<arg>${True}</arg>
<status status="PASS" start="2026-01-23T13:37:11.145489" elapsed="0.000157"/>
</kw>
<kw name="Stop Container" owner="DockerLibrary">
<arg>${CONTAINER}</arg>
<status status="PASS" start="2026-01-23T13:37:11.145727" elapsed="0.005100"/>
</kw>
<kw name="Sleep" owner="BuiltIn">
<msg time="2026-01-23T13:37:12.151251" level="INFO">Slept 1 second.</msg>
<arg>1s</arg>
<doc>Pauses the test executed for the given time.</doc>
<status status="PASS" start="2026-01-23T13:37:11.150911" elapsed="1.000450"/>
</kw>
<arg>local_shm</arg>
<status status="PASS" start="2026-01-23T13:37:02.019274" elapsed="10.132178"/>
</kw>
<tag>basic_pub_sub_local_shm</tag>
<status status="PASS" start="2026-01-23T13:37:02.018650" elapsed="10.132934"/>
</test>
<test id="s1-s1-t2" name="Basic Pub/Sub Local UDP" line="42">
<kw name="Run Local Pub Sub Test">
<kw name="Set Variable" owner="BuiltIn">
<msg time="2026-01-23T13:37:12.153215" level="INFO">${IMAGE} = basic_pub_sub_local_udp</msg>
<var>${IMAGE}</var>
<arg>${BASE_IMAGE}_${layer_tag}</arg>
<doc>Returns the given values which can then be assigned to a variables.</doc>
<status status="PASS" start="2026-01-23T13:37:12.152892" elapsed="0.000350"/>
</kw>
<kw name="Set Variable" owner="BuiltIn">
<msg time="2026-01-23T13:37:12.153513" level="INFO">${CONTAINER} = basic_local_local_udp</msg>
<var>${CONTAINER}</var>
<arg>basic_local_${layer_tag}</arg>
<doc>Returns the given values which can then be assigned to a variables.</doc>
<status status="PASS" start="2026-01-23T13:37:12.153320" elapsed="0.000211"/>
</kw>
<kw name="Log To Console" owner="BuiltIn">
<arg>\n[INFO] Running local pub/sub test in mode: ${layer_tag}</arg>
<doc>Logs the given message to the console.</doc>
<status status="PASS" start="2026-01-23T13:37:12.153602" elapsed="0.000207"/>
</kw>
<kw name="Start Container" owner="DockerLibrary">
<arg>${CONTAINER}</arg>
<arg>${IMAGE}</arg>
<arg>local</arg>
<arg>${layer_tag}</arg>
<arg>test_topic</arg>
<arg>${CONTAINER}</arg>
<status status="PASS" start="2026-01-23T13:37:12.153899" elapsed="0.115154"/>
</kw>
<kw name="Sleep" owner="BuiltIn">
<msg time="2026-01-23T13:37:21.269660" level="INFO">Slept 9 seconds.</msg>
<arg>9s</arg>
<doc>Pauses the test executed for the given time.</doc>
<status status="PASS" start="2026-01-23T13:37:12.269268" elapsed="9.000509"/>
</kw>
<kw name="Get Container Logs" owner="DockerLibrary">
<msg time="2026-01-23T13:37:21.273018" level="INFO">${logs} = [Entrypoint] Starting subscriber and publisher in mode local_udp
[Publisher] Waiting for at least 1 subscriber(s) on topic: test_topic
[Publisher] Found 1 subscriber(s). Proceeding to send messages.
[...</msg>
<var>${logs}</var>
<arg>${CONTAINER}</arg>
<status status="PASS" start="2026-01-23T13:37:21.269967" elapsed="0.003078"/>
</kw>
<kw name="Log To Console" owner="BuiltIn">
<arg>\n[CONTAINER LOG: LOCAL PUB+SUB]\n${logs}</arg>
<doc>Logs the given message to the console.</doc>
<status status="PASS" start="2026-01-23T13:37:21.273157" elapsed="0.000306"/>
</kw>
<kw name="Log" owner="BuiltIn">
<msg time="2026-01-23T13:37:21.273781" level="INFO">
[CONTAINER LOG: LOCAL PUB+SUB]
[Entrypoint] Starting subscriber and publisher in mode local_udp
[Publisher] Waiting for at least 1 subscriber(s) on topic: test_topic
[Publisher] Found 1 subscriber(s). Proceeding to send messages.
[Publisher] Send result: ✓, size: 209715 bytes
[Publisher] Send result: ✓, size: 209715 bytes
[Publisher] Send result: ✓, size: 209715 bytes
[Publisher] Send result: ✓, size: 209715 bytes
[Publisher] Finished sending.


[Subscriber] Ready and waiting...

[Subscriber] Received 209715 bytes (message 1)
[Subscriber] Received 209715 bytes (message 2)
[Subscriber] Received 209715 bytes (message 3)
[Subscriber] Received 209715 bytes (message 4)
[Subscriber] Received 4 messages.
</msg>
<arg>\n[CONTAINER LOG: LOCAL PUB+SUB]\n${logs}</arg>
<doc>Logs the given message with the given level.</doc>
<status status="PASS" start="2026-01-23T13:37:21.273580" elapsed="0.000241"/>
</kw>
<kw name="Wait For Container Exit" owner="DockerLibrary">
<msg time="2026-01-23T13:37:21.274953" level="INFO">${exit_code} = 0</msg>
<var>${exit_code}</var>
<arg>${CONTAINER}</arg>
<status status="PASS" start="2026-01-23T13:37:21.273897" elapsed="0.001080"/>
</kw>
<kw name="Should Be Equal As Integers" owner="BuiltIn">
<msg time="2026-01-23T13:37:21.275325" level="INFO">Argument types are:
&lt;class 'int'&gt;
&lt;class 'str'&gt;</msg>
<arg>${exit_code}</arg>
<arg>0</arg>
<arg>Local communication test failed!</arg>
<doc>Fails if objects are unequal after converting them to integers.</doc>
<status status="PASS" start="2026-01-23T13:37:21.275058" elapsed="0.000313"/>
</kw>
<kw name="Log Test Summary" owner="DockerLibrary">
<arg>Basic Pub/Sub Local ${layer_tag}</arg>
<arg>${True}</arg>
<status status="PASS" start="2026-01-23T13:37:21.275450" elapsed="0.000151"/>
</kw>
<kw name="Stop Container" owner="DockerLibrary">
<arg>${CONTAINER}</arg>
<status status="PASS" start="2026-01-23T13:37:21.275683" elapsed="0.004901"/>
</kw>
<kw name="Sleep" owner="BuiltIn">
<msg time="2026-01-23T13:37:22.281003" level="INFO">Slept 1 second.</msg>
<arg>1s</arg>
<doc>Pauses the test executed for the given time.</doc>
<status status="PASS" start="2026-01-23T13:37:21.280667" elapsed="1.000485"/>
</kw>
<arg>local_udp</arg>
<status status="PASS" start="2026-01-23T13:37:12.152668" elapsed="10.128587"/>
</kw>
<tag>basic_pub_sub_local_udp</tag>
<status status="PASS" start="2026-01-23T13:37:12.152245" elapsed="10.129143"/>
</test>
<test id="s1-s1-t3" name="Basic Pub/Sub Local TCP" line="46">
<kw name="Run Local Pub Sub Test">
<kw name="Set Variable" owner="BuiltIn">
<msg time="2026-01-23T13:37:22.282992" level="INFO">${IMAGE} = basic_pub_sub_local_tcp</msg>
<var>${IMAGE}</var>
<arg>${BASE_IMAGE}_${layer_tag}</arg>
<doc>Returns the given values which can then be assigned to a variables.</doc>
<status status="PASS" start="2026-01-23T13:37:22.282714" elapsed="0.000298"/>
</kw>
<kw name="Set Variable" owner="BuiltIn">
<msg time="2026-01-23T13:37:22.283319" level="INFO">${CONTAINER} = basic_local_local_tcp</msg>
<var>${CONTAINER}</var>
<arg>basic_local_${layer_tag}</arg>
<doc>Returns the given values which can then be assigned to a variables.</doc>
<status status="PASS" start="2026-01-23T13:37:22.283089" elapsed="0.000249"/>
</kw>
<kw name="Log To Console" owner="BuiltIn">
<arg>\n[INFO] Running local pub/sub test in mode: ${layer_tag}</arg>
<doc>Logs the given message to the console.</doc>
<status status="PASS" start="2026-01-23T13:37:22.283408" elapsed="0.000279"/>
</kw>
<kw name="Start Container" owner="DockerLibrary">
<arg>${CONTAINER}</arg>
<arg>${IMAGE}</arg>
<arg>local</arg>
<arg>${layer_tag}</arg>
<arg>test_topic</arg>
<arg>${CONTAINER}</arg>
<status status="PASS" start="2026-01-23T13:37:22.283791" elapsed="0.107602"/>
</kw>
<kw name="Sleep" owner="BuiltIn">
<msg time="2026-01-23T13:37:31.392154" level="INFO">Slept 9 seconds.</msg>
<arg>9s</arg>
<doc>Pauses the test executed for the given time.</doc>
<status status="PASS" start="2026-01-23T13:37:22.391620" elapsed="9.000654"/>
</kw>
<kw name="Get Container Logs" owner="DockerLibrary">
<msg time="2026-01-23T13:37:31.395378" level="INFO">${logs} = [Entrypoint] Starting subscriber and publisher in mode local_tcp
[Publisher] Waiting for at least 1 subscriber(s) on topic: test_topic
1769175444395 ms | c7c9bd273c0f | pub_test | 7 | info | CTCPReade...</msg>
<var>${logs}</var>
<arg>${CONTAINER}</arg>
<status status="PASS" start="2026-01-23T13:37:31.392445" elapsed="0.002958"/>
</kw>
<kw name="Log To Console" owner="BuiltIn">
<arg>\n[CONTAINER LOG: LOCAL PUB+SUB]\n${logs}</arg>
<doc>Logs the given message to the console.</doc>
<status status="PASS" start="2026-01-23T13:37:31.395490" elapsed="0.000282"/>
</kw>
<kw name="Log" owner="BuiltIn">
<msg time="2026-01-23T13:37:31.396097" level="INFO">
[CONTAINER LOG: LOCAL PUB+SUB]
[Entrypoint] Starting subscriber and publisher in mode local_tcp
[Publisher] Waiting for at least 1 subscriber(s) on topic: test_topic
1769175444395 ms | c7c9bd273c0f | pub_test | 7 | info | CTCPReaderLayer - TCPPubSub (Info) -Publisher :::0: Created publisher and waiting for clients.
[Publisher] Found 1 subscriber(s). Proceeding to send messages.
1769175444396 ms | c7c9bd273c0f | pub_test | 7 | info | CTCPReaderLayer - TCPPubSub (Info) -Publisher :::41771: Subscriber ::ffff:172.17.0.3:39628 has connected.
[Publisher] Send result: ✓, size: 209715 bytes
[Publisher] Send result: ✓, size: 209715 bytes
[Publisher] Send result: ✓, size: 209715 bytes
[Publisher] Send result: ✓, size: 209715 bytes
[Publisher] Finished sending.


[Subscriber] Ready and waiting...

[Subscriber] Received 209715 bytes (message 1)
[Subscriber] Received 209715 bytes (message 2)
[Subscriber] Received 209715 bytes (message 3)
[Subscriber] Received 209715 bytes (message 4)
1769175447897 ms | c7c9bd273c0f | sub_test | 13 | error | CTCPReaderLayer - TCPPubSub (Error) -SubscriberSession 172.17.0.3:39628-&gt;c7c9bd273c0f:41771: Error reading header length: End of file
1769175447897 ms | c7c9bd273c0f | sub_test | 13 | warning | CTCPReaderLayer - TCPPubSub (Warning) -SubscriberSession 172.17.0.3:35440: Failed connecting to publisher c7c9bd273c0f:41771: Connection refused
1769175447897 ms | c7c9bd273c0f | sub_test | 13 | warning | CTCPReaderLayer - TCPPubSub (Warning) -SubscriberSession 172.17.0.3:35442: Failed connecting to publisher c7c9bd273c0f:41771: Connection refused
1769175447898 ms | c7c9bd273c0f | sub_test | 13 | warning | CTCPReaderLayer - TCPPubSub (Warning) -SubscriberSession 172.17.0.3:35448: Failed connecting to publisher c7c9bd273c0f:41771: Connection refused
1769175447898 ms | c7c9bd273c0f | sub_test | 13 | warning | CTCPReaderLayer - TCPPubSub (Warning) -SubscriberSession 172.17.0.3:35458: Failed connecting to publisher c7c9bd273c0f:41771: Connection refused
1769175447898 ms | c7c9bd273c0f | sub_test | 13 | warning | CTCPReaderLayer - TCPPubSub (Warning) -SubscriberSession 172.17.0.3:35472: Failed connecting to publisher c7c9bd273c0f:41771: Connection refused
[Subscriber] Received 4 messages.
</msg>
<arg>\n[CONTAINER LOG: LOCAL PUB+SUB]\n${logs}</arg>
<doc>Logs the given message with the given level.</doc>
<status status="PASS" start="2026-01-23T13:37:31.395887" elapsed="0.000295"/>
</kw>
<kw name="Wait For Container Exit" owner="DockerLibrary">
<msg time="2026-01-23T13:37:31.397363" level="INFO">${exit_code} = 0</msg>
<var>${exit_code}</var>
<arg>${CONTAINER}</arg>
<status status="PASS" start="2026-01-23T13:37:31.396261" elapsed="0.001125"/>
</kw>
<kw name="Should Be Equal As Integers" owner="BuiltIn">
<msg time="2026-01-23T13:37:31.397685" level="INFO">Argument types are:
&lt;class 'int'&gt;
&lt;class 'str'&gt;</msg>
<arg>${exit_code}</arg>
<arg>0</arg>
<arg>Local communication test failed!</arg>
<doc>Fails if objects are unequal after converting them to integers.</doc>
<status status="PASS" start="2026-01-23T13:37:31.397467" elapsed="0.000262"/>
</kw>
<kw name="Log Test Summary" owner="DockerLibrary">
<arg>Basic Pub/Sub Local ${layer_tag}</arg>
<arg>${True}</arg>
<status status="PASS" start="2026-01-23T13:37:31.397805" elapsed="0.000133"/>
</kw>
<kw name="Stop Container" owner="DockerLibrary">
<arg>${CONTAINER}</arg>
<status status="PASS" start="2026-01-23T13:37:31.398030" elapsed="0.005249"/>
</kw>
<kw name="Sleep" owner="BuiltIn">
<msg time="2026-01-23T13:37:32.403704" level="INFO">Slept 1 second.</msg>
<arg>1s</arg>
<doc>Pauses the test executed for the given time.</doc>
<status status="PASS" start="2026-01-23T13:37:31.403363" elapsed="1.000464"/>
</kw>
<arg>local_tcp</arg>
<status status="PASS" start="2026-01-23T13:37:22.282490" elapsed="10.121429"/>
</kw>
<tag>basic_pub_sub_local_tcp</tag>
<status status="PASS" start="2026-01-23T13:37:22.282038" elapsed="10.122013"/>
</test>
<test id="s1-s1-t4" name="Basic Pub/Sub Network UDP" line="50">
<kw name="Run Network Pub Sub Test">
<kw name="Set Variable" owner="BuiltIn">
<msg time="2026-01-23T13:37:32.405679" level="INFO">${IMAGE} = basic_pub_sub_network_udp</msg>
<var>${IMAGE}</var>
<arg>${BASE_IMAGE}_${layer_tag}</arg>
<doc>Returns the given values which can then be assigned to a variables.</doc>
<status status="PASS" start="2026-01-23T13:37:32.405398" elapsed="0.000302"/>
</kw>
<kw name="Set Variable" owner="BuiltIn">
<msg time="2026-01-23T13:37:32.405974" level="INFO">${TOPIC} = topic_network_udp</msg>
<var>${TOPIC}</var>
<arg>topic_${layer_tag}</arg>
<doc>Returns the given values which can then be assigned to a variables.</doc>
<status status="PASS" start="2026-01-23T13:37:32.405776" elapsed="0.000217"/>
</kw>
<kw name="Set Variable" owner="BuiltIn">
<msg time="2026-01-23T13:37:32.406273" level="INFO">${SUB_NAME} = sub_network_udp</msg>
<var>${SUB_NAME}</var>
<arg>sub_${layer_tag}</arg>
<doc>Returns the given values which can then be assigned to a variables.</doc>
<status status="PASS" start="2026-01-23T13:37:32.406062" elapsed="0.000229"/>
</kw>
<kw name="Set Variable" owner="BuiltIn">
<msg time="2026-01-23T13:37:32.406535" level="INFO">${PUB_NAME} = pub_network_udp</msg>
<var>${PUB_NAME}</var>
<arg>pub_${layer_tag}</arg>
<doc>Returns the given values which can then be assigned to a variables.</doc>
<status status="PASS" start="2026-01-23T13:37:32.406359" elapsed="0.000194"/>
</kw>
<kw name="Log To Console" owner="BuiltIn">
<arg>\n[INFO] Running network pub/sub test in mode: ${layer_tag}</arg>
<doc>Logs the given message to the console.</doc>
<status status="PASS" start="2026-01-23T13:37:32.406621" elapsed="0.000190"/>
</kw>
<kw name="Start Container" owner="DockerLibrary">
<arg>${SUB_NAME}</arg>
<arg>${IMAGE}</arg>
<arg>subscriber</arg>
<arg>${layer_tag}</arg>
<arg>${TOPIC}</arg>
<arg>${SUB_NAME}</arg>
<arg>network=${NETWORK}</arg>
<status status="PASS" start="2026-01-23T13:37:32.406896" elapsed="0.133741"/>
</kw>
<kw name="Start Container" owner="DockerLibrary">
<arg>${PUB_NAME}</arg>
<arg>${IMAGE}</arg>
<arg>publisher</arg>
<arg>${layer_tag}</arg>
<arg>${TOPIC}</arg>
<arg>${PUB_NAME}</arg>
<arg>network=${NETWORK}</arg>
<status status="PASS" start="2026-01-23T13:37:32.540797" elapsed="0.113489"/>
</kw>
<kw name="Sleep" owner="BuiltIn">
<msg time="2026-01-23T13:37:41.654884" level="INFO">Slept 9 seconds.</msg>
<arg>9s</arg>
<doc>Pauses the test executed for the given time.</doc>
<status status="PASS" start="2026-01-23T13:37:32.654453" elapsed="9.000551"/>
</kw>
<kw name="Get Container Logs" owner="DockerLibrary">
<msg time="2026-01-23T13:37:41.657896" level="INFO">${log_sub} = [Entrypoint] Starting subscriber in mode network_udp


[Subscriber] Ready and waiting...

[Subscriber] Received 209715 bytes (message 1)
[Subscriber] Received 209715 bytes (message 2)
[Subscriber] Rec...</msg>
<var>${log_sub}</var>
<arg>${SUB_NAME}</arg>
<status status="PASS" start="2026-01-23T13:37:41.655199" elapsed="0.002772"/>
</kw>
<kw name="Get Container Logs" owner="DockerLibrary">
<msg time="2026-01-23T13:37:41.660096" level="INFO">${log_pub} = [Entrypoint] Starting publisher in mode network_udp
[Publisher] Waiting for at least 1 subscriber(s) on topic: topic_network_udp
[Publisher] Found 1 subscriber(s). Proceeding to send messages.
[Publis...</msg>
<var>${log_pub}</var>
<arg>${PUB_NAME}</arg>
<status status="PASS" start="2026-01-23T13:37:41.658056" elapsed="0.002082"/>
</kw>
<kw name="Log To Console" owner="BuiltIn">
<arg>\n[CONTAINER LOG: PUBLISHER]\n${log_pub}</arg>
<doc>Logs the given message to the console.</doc>
<status status="PASS" start="2026-01-23T13:37:41.660226" elapsed="0.000289"/>
</kw>
<kw name="Log" owner="BuiltIn">
<msg time="2026-01-23T13:37:41.660821" level="INFO">
[CONTAINER LOG: PUBLISHER]
[Entrypoint] Starting publisher in mode network_udp
[Publisher] Waiting for at least 1 subscriber(s) on topic: topic_network_udp
[Publisher] Found 1 subscriber(s). Proceeding to send messages.
[Publisher] Send result: ✓, size: 209715 bytes
[Publisher] Send result: ✓, size: 209715 bytes
[Publisher] Send result: ✓, size: 209715 bytes
[Publisher] Send result: ✓, size: 209715 bytes
[Publisher] Finished sending.
</msg>
<arg>\n[CONTAINER LOG: PUBLISHER]\n${log_pub}</arg>
<doc>Logs the given message with the given level.</doc>
<status status="PASS" start="2026-01-23T13:37:41.660630" elapsed="0.000228"/>
</kw>
<kw name="Log To Console" owner="BuiltIn">
<arg>\n[CONTAINER LOG: SUBSCRIBER]\n${log_sub}</arg>
<doc>Logs the given message to the console.</doc>
<status status="PASS" start="2026-01-23T13:37:41.660931" elapsed="0.000227"/>
</kw>
<kw name="Log" owner="BuiltIn">
<msg time="2026-01-23T13:37:41.661530" level="INFO">
[CONTAINER LOG: SUBSCRIBER]
[Entrypoint] Starting subscriber in mode network_udp


[Subscriber] Ready and waiting...

[Subscriber] Received 209715 bytes (message 1)
[Subscriber] Received 209715 bytes (message 2)
[Subscriber] Received 209715 bytes (message 3)
[Subscriber] Received 209715 bytes (message 4)
[Subscriber] Received 4 messages.
</msg>
<arg>\n[CONTAINER LOG: SUBSCRIBER]\n${log_sub}</arg>
<doc>Logs the given message with the given level.</doc>
<status status="PASS" start="2026-01-23T13:37:41.661254" elapsed="0.000327"/>
</kw>
<kw name="Wait For Container Exit" owner="DockerLibrary">
<msg time="2026-01-23T13:37:41.662730" level="INFO">${exit_code} = 0</msg>
<var>${exit_code}</var>
<arg>${SUB_NAME}</arg>
<status status="PASS" start="2026-01-23T13:37:41.661682" elapsed="0.001070"/>
</kw>
<kw name="Should Be Equal As Integers" owner="BuiltIn">
<msg time="2026-01-23T13:37:41.663071" level="INFO">Argument types are:
&lt;class 'int'&gt;
&lt;class 'str'&gt;</msg>
<arg>${exit_code}</arg>
<arg>0</arg>
<arg>Subscriber failed in ${layer_tag}!</arg>
<doc>Fails if objects are unequal after converting them to integers.</doc>
<status status="PASS" start="2026-01-23T13:37:41.662836" elapsed="0.000278"/>
</kw>
<kw name="Log Test Summary" owner="DockerLibrary">
<arg>Basic Pub/Sub Network ${layer_tag}</arg>
<arg>${True}</arg>
<status status="PASS" start="2026-01-23T13:37:41.663217" elapsed="0.000147"/>
</kw>
<kw name="Stop Container" owner="DockerLibrary">
<arg>${SUB_NAME}</arg>
<status status="PASS" start="2026-01-23T13:37:41.663459" elapsed="0.004719"/>
</kw>
<kw name="Stop Container" owner="DockerLibrary">
<arg>${PUB_NAME}</arg>
<status status="PASS" start="2026-01-23T13:37:41.668260" elapsed="0.005568"/>
</kw>
<kw name="Sleep" owner="BuiltIn">
<msg time="2026-01-23T13:37:42.674261" level="INFO">Slept 1 second.</msg>
<arg>1s</arg>
<doc>Pauses the test executed for the given time.</doc>
<status status="PASS" start="2026-01-23T13:37:41.673915" elapsed="1.000467"/>
</kw>
<arg>network_udp</arg>
<arg>network</arg>
<status status="PASS" start="2026-01-23T13:37:32.405104" elapsed="10.269370"/>
</kw>
<tag>basic_pub_sub_network_udp</tag>
<status status="PASS" start="2026-01-23T13:37:32.404682" elapsed="10.269925"/>
</test>
<test id="s1-s1-t5" name="Basic Pub/Sub Network TCP" line="54">
<kw name="Run Network Pub Sub Test">
<kw name="Set Variable" owner="BuiltIn">
<msg time="2026-01-23T13:37:42.676499" level="INFO">${IMAGE} = basic_pub_sub_network_tcp</msg>
<var>${IMAGE}</var>
<arg>${BASE_IMAGE}_${layer_tag}</arg>
<doc>Returns the given values which can then be assigned to a variables.</doc>
<status status="PASS" start="2026-01-23T13:37:42.676219" elapsed="0.000301"/>
</kw>
<kw name="Set Variable" owner="BuiltIn">
<msg time="2026-01-23T13:37:42.676785" level="INFO">${TOPIC} = topic_network_tcp</msg>
<var>${TOPIC}</var>
<arg>topic_${layer_tag}</arg>
<doc>Returns the given values which can then be assigned to a variables.</doc>
<status status="PASS" start="2026-01-23T13:37:42.676596" elapsed="0.000207"/>
</kw>
<kw name="Set Variable" owner="BuiltIn">
<msg time="2026-01-23T13:37:42.677052" level="INFO">${SUB_NAME} = sub_network_tcp</msg>
<var>${SUB_NAME}</var>
<arg>sub_${layer_tag}</arg>
<doc>Returns the given values which can then be assigned to a variables.</doc>
<status status="PASS" start="2026-01-23T13:37:42.676871" elapsed="0.000198"/>
</kw>
<kw name="Set Variable" owner="BuiltIn">
<msg time="2026-01-23T13:37:42.677351" level="INFO">${PUB_NAME} = pub_network_tcp</msg>
<var>${PUB_NAME}</var>
<arg>pub_${layer_tag}</arg>
<doc>Returns the given values which can then be assigned to a variables.</doc>
<status status="PASS" start="2026-01-23T13:37:42.677161" elapsed="0.000207"/>
</kw>
<kw name="Log To Console" owner="BuiltIn">
<arg>\n[INFO] Running network pub/sub test in mode: ${layer_tag}</arg>
<doc>Logs the given message to the console.</doc>
<status status="PASS" start="2026-01-23T13:37:42.677436" elapsed="0.000201"/>
</kw>
<kw name="Start Container" owner="DockerLibrary">
<arg>${SUB_NAME}</arg>
<arg>${IMAGE}</arg>
<arg>subscriber</arg>
<arg>${layer_tag}</arg>
<arg>${TOPIC}</arg>
<arg>${SUB_NAME}</arg>
<arg>network=${NETWORK}</arg>
<status status="PASS" start="2026-01-23T13:37:42.677725" elapsed="0.127914"/>
</kw>
<kw name="Start Container" owner="DockerLibrary">
<arg>${PUB_NAME}</arg>
<arg>${IMAGE}</arg>
<arg>publisher</arg>
<arg>${layer_tag}</arg>
<arg>${TOPIC}</arg>
<arg>${PUB_NAME}</arg>
<arg>network=${NETWORK}</arg>
<status status="PASS" start="2026-01-23T13:37:42.805805" elapsed="0.117429"/>
</kw>
<kw name="Sleep" owner="BuiltIn">
<msg time="2026-01-23T13:37:51.923834" level="INFO">Slept 9 seconds.</msg>
<arg>9s</arg>
<doc>Pauses the test executed for the given time.</doc>
<status status="PASS" start="2026-01-23T13:37:42.923405" elapsed="9.000553"/>
</kw>
<kw name="Get Container Logs" owner="DockerLibrary">
<msg time="2026-01-23T13:37:51.927382" level="INFO">${log_sub} = [Entrypoint] Starting subscriber in mode network_tcp


[Subscriber] Ready and waiting...

[Subscriber] Received 209715 bytes (message 1)
[Subscriber] Received 209715 bytes (message 2)
[Subscriber] Rec...</msg>
<var>${log_sub}</var>
<arg>${SUB_NAME}</arg>
<status status="PASS" start="2026-01-23T13:37:51.924157" elapsed="0.003256"/>
</kw>
<kw name="Get Container Logs" owner="DockerLibrary">
<msg time="2026-01-23T13:37:51.929624" level="INFO">${log_pub} = [Entrypoint] Starting publisher in mode network_tcp
[Publisher] Waiting for at least 1 subscriber(s) on topic: topic_network_tcp
1769175463808 ms | 60447575ccaa | pub_network_tcp | 7 | info | CTCPRead...</msg>
<var>${log_pub}</var>
<arg>${PUB_NAME}</arg>
<status status="PASS" start="2026-01-23T13:37:51.927529" elapsed="0.002121"/>
</kw>
<kw name="Log To Console" owner="BuiltIn">
<arg>\n[CONTAINER LOG: PUBLISHER]\n${log_pub}</arg>
<doc>Logs the given message to the console.</doc>
<status status="PASS" start="2026-01-23T13:37:51.929742" elapsed="0.000293"/>
</kw>
<kw name="Log" owner="BuiltIn">
<msg time="2026-01-23T13:37:51.930439" level="INFO">
[CONTAINER LOG: PUBLISHER]
[Entrypoint] Starting publisher in mode network_tcp
[Publisher] Waiting for at least 1 subscriber(s) on topic: topic_network_tcp
1769175463808 ms | 60447575ccaa | pub_network_tcp | 7 | info | CTCPReaderLayer - TCPPubSub (Info) -Publisher :::0: Created publisher and waiting for clients.
1769175463809 ms | 60447575ccaa | pub_network_tcp | 7 | info | CTCPReaderLayer - TCPPubSub (Info) -Publisher :::35327: Subscriber ::ffff:172.18.0.2:42272 has connected.
[Publisher] Found 1 subscriber(s). Proceeding to send messages.
[Publisher] Send result: ✓, size: 209715 bytes
[Publisher] Send result: ✓, size: 209715 bytes
[Publisher] Send result: ✓, size: 209715 bytes
[Publisher] Send result: ✓, size: 209715 bytes
[Publisher] Finished sending.
</msg>
<arg>\n[CONTAINER LOG: PUBLISHER]\n${log_pub}</arg>
<doc>Logs the given message with the given level.</doc>
<status status="PASS" start="2026-01-23T13:37:51.930167" elapsed="0.000366"/>
</kw>
<kw name="Log To Console" owner="BuiltIn">
<arg>\n[CONTAINER LOG: SUBSCRIBER]\n${log_sub}</arg>
<doc>Logs the given message to the console.</doc>
<status status="PASS" start="2026-01-23T13:37:51.930611" elapsed="0.000207"/>
</kw>
<kw name="Log" owner="BuiltIn">
<msg time="2026-01-23T13:37:51.931110" level="INFO">
[CONTAINER LOG: SUBSCRIBER]
[Entrypoint] Starting subscriber in mode network_tcp


[Subscriber] Ready and waiting...

[Subscriber] Received 209715 bytes (message 1)
[Subscriber] Received 209715 bytes (message 2)
[Subscriber] Received 209715 bytes (message 3)
[Subscriber] Received 209715 bytes (message 4)
1769175467328 ms | c680fdaac281 | sub_network_tcp | 7 | error | CTCPReaderLayer - TCPPubSub (Error) -SubscriberSession 172.18.0.2:42272-&gt;60447575ccaa:35327: Error reading header length: End of file
1769175467329 ms | c680fdaac281 | sub_network_tcp | 7 | warning | CTCPReaderLayer - TCPPubSub (Warning) -SubscriberSession 172.18.0.2:42274: Failed connecting to publisher 60447575ccaa:35327: Connection refused
1769175467329 ms | c680fdaac281 | sub_network_tcp | 7 | warning | CTCPReaderLayer - TCPPubSub (Warning) -SubscriberSession 172.18.0.2:42276: Failed connecting to publisher 60447575ccaa:35327: Connection refused
1769175467330 ms | c680fdaac281 | sub_network_tcp | 7 | warning | CTCPReaderLayer - TCPPubSub (Warning) -SubscriberSession 172.18.0.2:42284: Failed connecting to publisher 60447575ccaa:35327: Connection refused
1769175467330 ms | c680fdaac281 | sub_network_tcp | 7 | warning | CTCPReaderLayer - TCPPubSub (Warning) -SubscriberSession 172.18.0.2:42292: Failed connecting to publisher 60447575ccaa:35327: Connection refused
1769175467330 ms | c680fdaac281 | sub_network_tcp | 7 | warning | CTCPReaderLayer - TCPPubSub (Warning) -SubscriberSession 172.18.0.2:42296: Failed connecting to publisher 60447575ccaa:35327: Connection refused
[Subscriber] Received 4 messages.
</msg>
<arg>\n[CONTAINER LOG: SUBSCRIBER]\n${log_sub}</arg>
<doc>Logs the given message with the given level.</doc>
<status status="PASS" start="2026-01-23T13:37:51.930926" elapsed="0.000254"/>
</kw>
<kw name="Wait For Container Exit" owner="DockerLibrary">
<msg time="2026-01-23T13:37:51.932353" level="INFO">${exit_code} = 0</msg>
<var>${exit_code}</var>
<arg>${SUB_NAME}</arg>
<status status="PASS" start="2026-01-23T13:37:51.931256" elapsed="0.001120"/>
</kw>
<kw name="Should Be Equal As Integers" owner="BuiltIn">
<msg time="2026-01-23T13:37:51.932690" level="INFO">Argument types are:
&lt;class 'int'&gt;
&lt;class 'str'&gt;</msg>
<arg>${exit_code}</arg>
<arg>0</arg>
<arg>Subscriber failed in ${layer_tag}!</arg>
<doc>Fails if objects are unequal after converting them to integers.</doc>
<status status="PASS" start="2026-01-23T13:37:51.932454" elapsed="0.000280"/>
</kw>
<kw name="Log Test Summary" owner="DockerLibrary">
<arg>Basic Pub/Sub Network ${layer_tag}</arg>
<arg>${True}</arg>
<status status="PASS" start="2026-01-23T13:37:51.932809" elapsed="0.000132"/>
</kw>
<kw name="Stop Container" owner="DockerLibrary">
<arg>${SUB_NAME}</arg>
<status status="PASS" start="2026-01-23T13:37:51.933036" elapsed="0.004759"/>
</kw>
<kw name="Stop Container" owner="DockerLibrary">
<arg>${PUB_NAME}</arg>
<status status="PASS" start="2026-01-23T13:37:51.937877" elapsed="0.004986"/>
</kw>
<kw name="Sleep" owner="BuiltIn">
<msg time="2026-01-23T13:37:52.943309" level="INFO">Slept 1 second.</msg>
<arg>1s</arg>
<doc>Pauses the test executed for the given time.</doc>
<status status="PASS" start="2026-01-23T13:37:51.942946" elapsed="1.000484"/>
</kw>
<arg>network_tcp</arg>
<arg>network</arg>
<status status="PASS" start="2026-01-23T13:37:42.675955" elapsed="10.267566"/>
</kw>
<tag>basic_pub_sub_network_tcp</tag>
<status status="PASS" start="2026-01-23T13:37:42.675540" elapsed="10.268118"/>
</test>
<status status="PASS" start="2026-01-23T13:36:44.576674" elapsed="68.368133"/>
</suite>
<suite id="s1-s2" name="Multi Pub Sub" source="/home/runner/work/ecal-test-suite/ecal-test-suite/integration_tests/multi_pub_sub/robottests/multi_pub_sub.robot">
<kw name="Init Test Context" type="SETUP">
<kw name="Set Test Context" owner="GlobalPathsLibrary">
<arg>multi_pub_sub</arg>
<arg>multi_pub_sub</arg>
<doc>Sets the test folder and tag prefix if it's a valid test case.
The folder must exist under integration_tests/ and contain typical test structure.</doc>
<status status="PASS" start="2026-01-23T13:37:52.948270" elapsed="0.000138"/>
</kw>
<kw name="Get Build Script Path" owner="GlobalPathsLibrary">
<msg time="2026-01-23T13:37:52.948571" level="INFO">${build} = /home/runner/work/ecal-test-suite/ecal-test-suite/integration_tests/multi_pub_sub/scripts/build_images.sh</msg>
<var>${build}</var>
<status status="PASS" start="2026-01-23T13:37:52.948484" elapsed="0.000106"/>
</kw>
<kw name="Get Network Name" owner="GlobalPathsLibrary">
<msg time="2026-01-23T13:37:52.948737" level="INFO">${net} = ecal_test_net</msg>
<var>${net}</var>
<status status="PASS" start="2026-01-23T13:37:52.948650" elapsed="0.000104"/>
</kw>
<kw name="Get Build Script Args" owner="GlobalPathsLibrary">
<msg time="2026-01-23T13:37:52.948885" level="INFO">${args} = ['multi_pub_sub']</msg>
<var>${args}</var>
<status status="PASS" start="2026-01-23T13:37:52.948813" elapsed="0.000088"/>
</kw>
<kw name="Set Suite Variable" owner="BuiltIn">
<msg time="2026-01-23T13:37:52.949239" level="INFO">${BUILD_SCRIPT} = /home/runner/work/ecal-test-suite/ecal-test-suite/integration_tests/multi_pub_sub/scripts/build_images.sh</msg>
<arg>${BUILD_SCRIPT}</arg>
<arg>${build}</arg>
<doc>Makes a variable available everywhere within the scope of the current suite.</doc>
<status status="PASS" start="2026-01-23T13:37:52.948974" elapsed="0.000297"/>
</kw>
<kw name="Set Suite Variable" owner="BuiltIn">
<msg time="2026-01-23T13:37:52.949552" level="INFO">${NETWORK} = ecal_test_net</msg>
<arg>${NETWORK}</arg>
<arg>${net}</arg>
<doc>Makes a variable available everywhere within the scope of the current suite.</doc>
<status status="PASS" start="2026-01-23T13:37:52.949349" elapsed="0.000230"/>
</kw>
<kw name="Get Test Description" owner="GlobalPathsLibrary">
<msg time="2026-01-23T13:37:52.949812" level="INFO">${desc} = This test validates eCAL communication in a scenario involving multiple publishers and subscribers.

Test Setup:
- Two publishers run in parallel and publish messages on the **same topic**.
• Publishe...</msg>
<var>${desc}</var>
<doc>Reads the *** Comments *** section from the .robot file and returns it as a string.</doc>
<status status="PASS" start="2026-01-23T13:37:52.949647" elapsed="0.000187"/>
</kw>
<kw name="Log" owner="BuiltIn">
<msg time="2026-01-23T13:37:52.950071" level="INFO">This test validates eCAL communication in a scenario involving multiple publishers and subscribers.

Test Setup:
- Two publishers run in parallel and publish messages on the **same topic**.
• Publisher 1 sends messages containing the byte value **42**.
• Publisher 2 sends messages containing the byte value **43**.
- Two subscribers listen on that same topic and must receive all messages from both publishers.

Covered eCAL modes:
- (local_shm)   --&gt; Failing
- local_udp
- (local_tcp) --&gt; Failing
- network_udp
- network_tcp

Goals:
- Ensure that eCAL correctly distributes messages from **multiple sources** to **multiple receivers**.
- Verify that **topic routing, message integrity, and delivery** work consistently across different transport modes.

Success Criteria:
- Each subscriber must receive **10 messages with value 42** and **10 with value 43**.
- If this condition is met, the subscriber exits with code **0**.
- If any expected messages are missing, the subscriber exits with code **1**.</msg>
<arg>${desc}</arg>
<doc>Logs the given message with the given level.</doc>
<status status="PASS" start="2026-01-23T13:37:52.949906" elapsed="0.000273"/>
</kw>
<kw name="Log To Console" owner="BuiltIn">
<arg>[SETUP] Building Docker image...</arg>
<doc>Logs the given message to the console.</doc>
<status status="PASS" start="2026-01-23T13:37:52.950257" elapsed="0.000177"/>
</kw>
<kw name="Run Process" owner="Process">
<msg time="2026-01-23T13:37:52.950799" level="INFO">Starting process:
/home/runner/work/ecal-test-suite/ecal-test-suite/integration_tests/multi_pub_sub/scripts/build_images.sh multi_pub_sub</msg>
<msg time="2026-01-23T13:37:52.951239" level="INFO">Waiting for process to complete.</msg>
<msg time="2026-01-23T13:38:01.951966" level="INFO">Process completed.</msg>
<msg time="2026-01-23T13:38:01.952169" level="INFO">${result} = &lt;result object with rc 0&gt;</msg>
<var>${result}</var>
<arg>${BUILD_SCRIPT}</arg>
<arg>@{args}</arg>
<doc>Runs a process and waits for it to complete.</doc>
<status status="PASS" start="2026-01-23T13:37:52.950547" elapsed="9.001650"/>
</kw>
<kw name="Should Be Equal As Integers" owner="BuiltIn">
<msg time="2026-01-23T13:38:01.952974" level="INFO">Argument types are:
&lt;class 'int'&gt;
&lt;class 'str'&gt;</msg>
<arg>${result.rc}</arg>
<arg>0</arg>
<arg>Failed to build Docker image!</arg>
<doc>Fails if objects are unequal after converting them to integers.</doc>
<status status="PASS" start="2026-01-23T13:38:01.952357" elapsed="0.000669"/>
</kw>
<kw name="Create Docker Network" owner="DockerLibrary">
<arg>${NETWORK}</arg>
<status status="PASS" start="2026-01-23T13:38:01.953115" elapsed="0.007634"/>
</kw>
<kw name="Sleep" owner="BuiltIn">
<msg time="2026-01-23T13:38:04.961320" level="INFO">Slept 3 seconds.</msg>
<arg>3s</arg>
<doc>Pauses the test executed for the given time.</doc>
<status status="PASS" start="2026-01-23T13:38:01.960898" elapsed="3.000544"/>
</kw>
<status status="PASS" start="2026-01-23T13:37:52.948086" elapsed="12.013443"/>
</kw>
<test id="s1-s2-t1" name="Multi Pub/Sub Local UDP Test" line="44">
<kw name="Run Multi Pub Sub Test Local">
<kw name="Set Variable" owner="BuiltIn">
<msg time="2026-01-23T13:38:04.962942" level="INFO">${IMAGE} = multi_pub_sub_local_udp</msg>
<var>${IMAGE}</var>
<arg>${BASE_IMAGE}_${layer_tag}</arg>
<doc>Returns the given values which can then be assigned to a variables.</doc>
<status status="PASS" start="2026-01-23T13:38:04.962650" elapsed="0.000313"/>
</kw>
<kw name="Set Variable" owner="BuiltIn">
<msg time="2026-01-23T13:38:04.963268" level="INFO">${CONTAINER} = multi_locallocal_udp</msg>
<var>${CONTAINER}</var>
<arg>multi_local${layer_tag}</arg>
<doc>Returns the given values which can then be assigned to a variables.</doc>
<status status="PASS" start="2026-01-23T13:38:04.963040" elapsed="0.000248"/>
</kw>
<kw name="Log To Console" owner="BuiltIn">
<arg>\n[INFO] Running local multi pub/sub test (all binarys in same Container) with ${layer_tag}</arg>
<doc>Logs the given message to the console.</doc>
<status status="PASS" start="2026-01-23T13:38:04.963361" elapsed="0.000208"/>
</kw>
<kw name="Start Container" owner="DockerLibrary">
<arg>${CONTAINER}</arg>
<arg>${IMAGE}</arg>
<arg>local_multi</arg>
<arg>${layer_tag}</arg>
<status status="PASS" start="2026-01-23T13:38:04.963668" elapsed="0.122003"/>
</kw>
<kw name="Sleep" owner="BuiltIn">
<msg time="2026-01-23T13:38:23.086478" level="INFO">Slept 18 seconds.</msg>
<arg>18s</arg>
<doc>Pauses the test executed for the given time.</doc>
<status status="PASS" start="2026-01-23T13:38:05.085902" elapsed="18.000696"/>
</kw>
<kw name="Get Container Logs" owner="DockerLibrary">
<msg time="2026-01-23T13:38:23.089732" level="INFO">${logs} = [Entrypoint] Starting local multi pub/sub test in mode local_udp
[Publisher] Waiting for at least 2 subscriber(s) on topic: test_topic
[Publisher] Waiting for at least 2 subscriber(s) on topic: test_t...</msg>
<var>${logs}</var>
<arg>${CONTAINER}</arg>
<status status="PASS" start="2026-01-23T13:38:23.086768" elapsed="0.002990"/>
</kw>
<kw name="Log To Console" owner="BuiltIn">
<arg>\n[CONTAINER LOG: All Local Binarys Multi Pub/Sub]\n${logs}</arg>
<doc>Logs the given message to the console.</doc>
<status status="PASS" start="2026-01-23T13:38:23.089851" elapsed="0.000315"/>
</kw>
<kw name="Log" owner="BuiltIn">
<msg time="2026-01-23T13:38:23.090487" level="INFO">
[CONTAINER LOG: All Local Binarys Multi Pub/Sub]
[Entrypoint] Starting local multi pub/sub test in mode local_udp
[Publisher] Waiting for at least 2 subscriber(s) on topic: test_topic
[Publisher] Waiting for at least 2 subscriber(s) on topic: test_topic
[Subscriber 1] Waiting for messages...

[Subscriber 2] Waiting for messages...
[Publisher] Found 2 subscriber(s). Proceeding to send messages.
[Publisher] Found 2 subscriber(s). Proceeding to send messages.
[Publisher 1] Started with mode=local_udp, topic=test_topic, node=multi_publisher, count=10, delay=1000ms
[Publisher 2] Started with mode=local_udp, topic=test_topic, node=multi_publisher, count=10, delay=1000ms

[Publisher 2] Finished sending messages.

[Publisher 1] Finished sending messages.

=== [Subscriber 1] Received Message Summary ===
PUB1 messages (42):--------------&gt; 10/10
PUB2 messages (43):-------------&gt; 10/10
[Subscriber 1] [✓] Received messages from both publishers.


=== [Subscriber 2] Received Message Summary ===
PUB1 messages (42):--------------&gt; 10/10
PUB2 messages (43):-------------&gt; 10/10
[Subscriber 2] [✓] Received messages from both publishers.

[Entrypoint] All subscribers received messages from both publishers.
</msg>
<arg>\n[CONTAINER LOG: All Local Binarys Multi Pub/Sub]\n${logs}</arg>
<doc>Logs the given message with the given level.</doc>
<status status="PASS" start="2026-01-23T13:38:23.090283" elapsed="0.000246"/>
</kw>
<kw name="Wait For Container Exit" owner="DockerLibrary">
<msg time="2026-01-23T13:38:23.091687" level="INFO">${exit_code} = 0</msg>
<var>${exit_code}</var>
<arg>${CONTAINER}</arg>
<status status="PASS" start="2026-01-23T13:38:23.090606" elapsed="0.001103"/>
</kw>
<kw name="Should Be Equal As Integers" owner="BuiltIn">
<msg time="2026-01-23T13:38:23.092013" level="INFO">Argument types are:
&lt;class 'int'&gt;
&lt;class 'str'&gt;</msg>
<arg>${exit_code}</arg>
<arg>0</arg>
<arg>Local Multi Pub/Sub Test test failed!</arg>
<doc>Fails if objects are unequal after converting them to integers.</doc>
<status status="PASS" start="2026-01-23T13:38:23.091790" elapsed="0.000266"/>
</kw>
<kw name="Stop Container" owner="DockerLibrary">
<arg>${CONTAINER}</arg>
<status status="PASS" start="2026-01-23T13:38:23.092164" elapsed="0.004878"/>
</kw>
<kw name="Sleep" owner="BuiltIn">
<msg time="2026-01-23T13:38:24.097503" level="INFO">Slept 1 second.</msg>
<arg>1s</arg>
<doc>Pauses the test executed for the given time.</doc>
<status status="PASS" start="2026-01-23T13:38:23.097156" elapsed="1.000455"/>
</kw>
<arg>local_udp</arg>
<status status="PASS" start="2026-01-23T13:38:04.962096" elapsed="19.135597"/>
</kw>
<tag>multi_pub_sub_local_udp</tag>
<status status="PASS" start="2026-01-23T13:38:04.961604" elapsed="19.136226"/>
</test>
<test id="s1-s2-t2" name="Multi Pub/Sub Network UDP Test" line="48">
<kw name="Run Multi Pub Sub Test Network">
<kw name="Set Variable" owner="BuiltIn">
<msg time="2026-01-23T13:38:24.099619" level="INFO">${IMAGE} = multi_pub_sub_network_udp</msg>
<var>${IMAGE}</var>
<arg>${BASE_IMAGE}_${layer_tag}</arg>
<doc>Returns the given values which can then be assigned to a variables.</doc>
<status status="PASS" start="2026-01-23T13:38:24.099337" elapsed="0.000302"/>
</kw>
<kw name="Set Variable" owner="BuiltIn">
<msg time="2026-01-23T13:38:24.099879" level="INFO">${TOPIC} = test_topic</msg>
<var>${TOPIC}</var>
<arg>test_topic</arg>
<doc>Returns the given values which can then be assigned to a variables.</doc>
<status status="PASS" start="2026-01-23T13:38:24.099714" elapsed="0.000183"/>
</kw>
<kw name="Set Variable" owner="BuiltIn">
<msg time="2026-01-23T13:38:24.100161" level="INFO">${PUB1} = pub1_network_udp</msg>
<var>${PUB1}</var>
<arg>pub1_${layer_tag}</arg>
<doc>Returns the given values which can then be assigned to a variables.</doc>
<status status="PASS" start="2026-01-23T13:38:24.099966" elapsed="0.000214"/>
</kw>
<kw name="Set Variable" owner="BuiltIn">
<msg time="2026-01-23T13:38:24.100433" level="INFO">${PUB2} = pub2_network_udp</msg>
<var>${PUB2}</var>
<arg>pub2_${layer_tag}</arg>
<doc>Returns the given values which can then be assigned to a variables.</doc>
<status status="PASS" start="2026-01-23T13:38:24.100254" elapsed="0.000196"/>
</kw>
<kw name="Set Variable" owner="BuiltIn">
<msg time="2026-01-23T13:38:24.100695" level="INFO">${SUB1} = sub1_network_udp</msg>
<var>${SUB1}</var>
<arg>sub1_${layer_tag}</arg>
<doc>Returns the given values which can then be assigned to a variables.</doc>
<status status="PASS" start="2026-01-23T13:38:24.100518" elapsed="0.000193"/>
</kw>
<kw name="Set Variable" owner="BuiltIn">
<msg time="2026-01-23T13:38:24.100953" level="INFO">${SUB2} = sub2_network_udp</msg>
<var>${SUB2}</var>
<arg>sub2_${layer_tag}</arg>
<doc>Returns the given values which can then be assigned to a variables.</doc>
<status status="PASS" start="2026-01-23T13:38:24.100776" elapsed="0.000193"/>
</kw>
<kw name="Log To Console" owner="BuiltIn">
<arg>\n[INFO] Starting multi pub/sub test with ${layer_tag}</arg>
<doc>Logs the given message to the console.</doc>
<status status="PASS" start="2026-01-23T13:38:24.101035" elapsed="0.000214"/>
</kw>
<kw name="Start Container" owner="DockerLibrary">
<arg>${SUB1}</arg>
<arg>${IMAGE}</arg>
<arg>multi_subscriber</arg>
<arg>${layer_tag}</arg>
<arg>${TOPIC}</arg>
<arg>network=${NETWORK}</arg>
<status status="PASS" start="2026-01-23T13:38:24.101349" elapsed="0.123270"/>
</kw>
<kw name="Start Container" owner="DockerLibrary">
<arg>${SUB2}</arg>
<arg>${IMAGE}</arg>
<arg>multi_subscriber2</arg>
<arg>${layer_tag}</arg>
<arg>${TOPIC}</arg>
<arg>network=${NETWORK}</arg>
<status status="PASS" start="2026-01-23T13:38:24.224781" elapsed="0.116122"/>
</kw>
<kw name="Start Container" owner="DockerLibrary">
<arg>${PUB1}</arg>
<arg>${IMAGE}</arg>
<arg>multi_publisher</arg>
<arg>${layer_tag}</arg>
<arg>${TOPIC}</arg>
<arg>network=${NETWORK}</arg>
<status status="PASS" start="2026-01-23T13:38:24.341068" elapsed="0.116412"/>
</kw>
<kw name="Start Container" owner="DockerLibrary">
<arg>${PUB2}</arg>
<arg>${IMAGE}</arg>
<arg>multi_publisher2</arg>
<arg>${layer_tag}</arg>
<arg>${TOPIC}</arg>
<arg>network=${NETWORK}</arg>
<status status="PASS" start="2026-01-23T13:38:24.457698" elapsed="0.124971"/>
</kw>
<kw name="Sleep" owner="BuiltIn">
<msg time="2026-01-23T13:38:42.583297" level="INFO">Slept 18 seconds.</msg>
<arg>18s</arg>
<doc>Pauses the test executed for the given time.</doc>
<status status="PASS" start="2026-01-23T13:38:24.582840" elapsed="18.000567"/>
</kw>
<kw name="Get Container Logs" owner="DockerLibrary">
<msg time="2026-01-23T13:38:42.586358" level="INFO">${log1} = [Entrypoint] Starting multi_subscriber in mode network_udp
[Subscriber 1] Waiting for messages...


=== [Subscriber 1] Received Message Summary ===
PUB1 messages (42):--------------&gt; 10/10
PUB2 messag...</msg>
<var>${log1}</var>
<arg>${SUB1}</arg>
<status status="PASS" start="2026-01-23T13:38:42.583560" elapsed="0.002827"/>
</kw>
<kw name="Log To Console" owner="BuiltIn">
<arg>\n[CONTAINER LOG: SUBSCRIBER 1]\n${log1}</arg>
<doc>Logs the given message to the console.</doc>
<status status="PASS" start="2026-01-23T13:38:42.586481" elapsed="0.000297"/>
</kw>
<kw name="Log" owner="BuiltIn">
<msg time="2026-01-23T13:38:42.587085" level="INFO">
[CONTAINER LOG: SUBSCRIBER 1]
[Entrypoint] Starting multi_subscriber in mode network_udp
[Subscriber 1] Waiting for messages...


=== [Subscriber 1] Received Message Summary ===
PUB1 messages (42):--------------&gt; 10/10
PUB2 messages (43):-------------&gt; 10/10
[Subscriber 1] [✓] Received messages from both publishers.

</msg>
<arg>\n[CONTAINER LOG: SUBSCRIBER 1]\n${log1}</arg>
<doc>Logs the given message with the given level.</doc>
<status status="PASS" start="2026-01-23T13:38:42.586892" elapsed="0.000257"/>
</kw>
<kw name="Get Container Logs" owner="DockerLibrary">
<msg time="2026-01-23T13:38:42.589421" level="INFO">${log2} = [Entrypoint] Starting multi_subscriber2 in mode network_udp
[Subscriber 2] Waiting for messages...

=== [Subscriber 2] Received Message Summary ===
PUB1 messages (42):--------------&gt; 10/10
PUB2 messag...</msg>
<var>${log2}</var>
<arg>${SUB2}</arg>
<status status="PASS" start="2026-01-23T13:38:42.587230" elapsed="0.002216"/>
</kw>
<kw name="Log To Console" owner="BuiltIn">
<arg>\n[CONTAINER LOG: SUBSCRIBER 2]\n${log2}</arg>
<doc>Logs the given message to the console.</doc>
<status status="PASS" start="2026-01-23T13:38:42.589527" elapsed="0.000240"/>
</kw>
<kw name="Log" owner="BuiltIn">
<msg time="2026-01-23T13:38:42.590041" level="INFO">
[CONTAINER LOG: SUBSCRIBER 1]
[Entrypoint] Starting multi_subscriber2 in mode network_udp
[Subscriber 2] Waiting for messages...

=== [Subscriber 2] Received Message Summary ===
PUB1 messages (42):--------------&gt; 10/10
PUB2 messages (43):-------------&gt; 10/10
[Subscriber 2] [✓] Received messages from both publishers.

</msg>
<arg>\n[CONTAINER LOG: SUBSCRIBER 1]\n${log2}</arg>
<doc>Logs the given message with the given level.</doc>
<status status="PASS" start="2026-01-23T13:38:42.589858" elapsed="0.000219"/>
</kw>
<kw name="Wait For Container Exit" owner="DockerLibrary">
<arg>${SUB1}</arg>
<status status="PASS" start="2026-01-23T13:38:42.590181" elapsed="0.000989"/>
</kw>
<kw name="Wait For Container Exit" owner="DockerLibrary">
<arg>${SUB2}</arg>
<status status="PASS" start="2026-01-23T13:38:42.591252" elapsed="0.000948"/>
</kw>
<kw name="Wait For Container Exit" owner="DockerLibrary">
<arg>${PUB1}</arg>
<status status="PASS" start="2026-01-23T13:38:42.592280" elapsed="0.000904"/>
</kw>
<kw name="Wait For Container Exit" owner="DockerLibrary">
<arg>${PUB2}</arg>
<status status="PASS" start="2026-01-23T13:38:42.593262" elapsed="0.000951"/>
</kw>
<kw name="Wait For Container Exit" owner="DockerLibrary">
<msg time="2026-01-23T13:38:42.595171" level="INFO">${exit1} = 0</msg>
<var>${exit1}</var>
<arg>${SUB1}</arg>
<status status="PASS" start="2026-01-23T13:38:42.594295" elapsed="0.000900"/>
</kw>
<kw name="Wait For Container Exit" owner="DockerLibrary">
<msg time="2026-01-23T13:38:42.596145" level="INFO">${exit2} = 0</msg>
<var>${exit2}</var>
<arg>${SUB2}</arg>
<status status="PASS" start="2026-01-23T13:38:42.595273" elapsed="0.000898"/>
</kw>
<kw name="Should Be Equal As Integers" owner="BuiltIn">
<msg time="2026-01-23T13:38:42.596487" level="INFO">Argument types are:
&lt;class 'int'&gt;
&lt;class 'str'&gt;</msg>
<arg>${exit1}</arg>
<arg>0</arg>
<arg>Subscriber 1 failed!</arg>
<doc>Fails if objects are unequal after converting them to integers.</doc>
<status status="PASS" start="2026-01-23T13:38:42.596259" elapsed="0.000272"/>
</kw>
<kw name="Should Be Equal As Integers" owner="BuiltIn">
<msg time="2026-01-23T13:38:42.596798" level="INFO">Argument types are:
&lt;class 'int'&gt;
&lt;class 'str'&gt;</msg>
<arg>${exit2}</arg>
<arg>0</arg>
<arg>Subscriber 2 failed!</arg>
<doc>Fails if objects are unequal after converting them to integers.</doc>
<status status="PASS" start="2026-01-23T13:38:42.596608" elapsed="0.000234"/>
</kw>
<kw name="Log Test Summary" owner="DockerLibrary">
<arg>Multi Pub/Sub Test ${layer_tag}</arg>
<arg>${True}</arg>
<status status="PASS" start="2026-01-23T13:38:42.596967" elapsed="0.000153"/>
</kw>
<kw name="Stop Container" owner="DockerLibrary">
<arg>${SUB1}</arg>
<status status="PASS" start="2026-01-23T13:38:42.597227" elapsed="0.004824"/>
</kw>
<kw name="Stop Container" owner="DockerLibrary">
<arg>${SUB2}</arg>
<status status="PASS" start="2026-01-23T13:38:42.602157" elapsed="0.005086"/>
</kw>
<kw name="Stop Container" owner="DockerLibrary">
<arg>${PUB1}</arg>
<status status="PASS" start="2026-01-23T13:38:42.607326" elapsed="0.005054"/>
</kw>
<kw name="Stop Container" owner="DockerLibrary">
<arg>${PUB2}</arg>
<status status="PASS" start="2026-01-23T13:38:42.612461" elapsed="0.004823"/>
</kw>
<kw name="Sleep" owner="BuiltIn">
<msg time="2026-01-23T13:38:43.617718" level="INFO">Slept 1 second.</msg>
<arg>1s</arg>
<doc>Pauses the test executed for the given time.</doc>
<status status="PASS" start="2026-01-23T13:38:42.617370" elapsed="1.000472"/>
</kw>
<arg>network_udp</arg>
<arg>network</arg>
<status status="PASS" start="2026-01-23T13:38:24.099053" elapsed="19.518884"/>
</kw>
<tag>multi_pub_sub_network_udp</tag>
<status status="PASS" start="2026-01-23T13:38:24.098483" elapsed="19.519592"/>
</test>
<test id="s1-s2-t3" name="Multi Pub/Sub Network TCP Test" line="52">
<kw name="Run Multi Pub Sub Test Network">
<kw name="Set Variable" owner="BuiltIn">
<msg time="2026-01-23T13:38:43.620445" level="INFO">${IMAGE} = multi_pub_sub_network_tcp</msg>
<var>${IMAGE}</var>
<arg>${BASE_IMAGE}_${layer_tag}</arg>
<doc>Returns the given values which can then be assigned to a variables.</doc>
<status status="PASS" start="2026-01-23T13:38:43.620158" elapsed="0.000309"/>
</kw>
<kw name="Set Variable" owner="BuiltIn">
<msg time="2026-01-23T13:38:43.620712" level="INFO">${TOPIC} = test_topic</msg>
<var>${TOPIC}</var>
<arg>test_topic</arg>
<doc>Returns the given values which can then be assigned to a variables.</doc>
<status status="PASS" start="2026-01-23T13:38:43.620544" elapsed="0.000186"/>
</kw>
<kw name="Set Variable" owner="BuiltIn">
<msg time="2026-01-23T13:38:43.620978" level="INFO">${PUB1} = pub1_network_tcp</msg>
<var>${PUB1}</var>
<arg>pub1_${layer_tag}</arg>
<doc>Returns the given values which can then be assigned to a variables.</doc>
<status status="PASS" start="2026-01-23T13:38:43.620798" elapsed="0.000197"/>
</kw>
<kw name="Set Variable" owner="BuiltIn">
<msg time="2026-01-23T13:38:43.621281" level="INFO">${PUB2} = pub2_network_tcp</msg>
<var>${PUB2}</var>
<arg>pub2_${layer_tag}</arg>
<doc>Returns the given values which can then be assigned to a variables.</doc>
<status status="PASS" start="2026-01-23T13:38:43.621061" elapsed="0.000237"/>
</kw>
<kw name="Set Variable" owner="BuiltIn">
<msg time="2026-01-23T13:38:43.621545" level="INFO">${SUB1} = sub1_network_tcp</msg>
<var>${SUB1}</var>
<arg>sub1_${layer_tag}</arg>
<doc>Returns the given values which can then be assigned to a variables.</doc>
<status status="PASS" start="2026-01-23T13:38:43.621367" elapsed="0.000194"/>
</kw>
<kw name="Set Variable" owner="BuiltIn">
<msg time="2026-01-23T13:38:43.621821" level="INFO">${SUB2} = sub2_network_tcp</msg>
<var>${SUB2}</var>
<arg>sub2_${layer_tag}</arg>
<doc>Returns the given values which can then be assigned to a variables.</doc>
<status status="PASS" start="2026-01-23T13:38:43.621627" elapsed="0.000211"/>
</kw>
<kw name="Log To Console" owner="BuiltIn">
<arg>\n[INFO] Starting multi pub/sub test with ${layer_tag}</arg>
<doc>Logs the given message to the console.</doc>
<status status="PASS" start="2026-01-23T13:38:43.621904" elapsed="0.000209"/>
</kw>
<kw name="Start Container" owner="DockerLibrary">
<arg>${SUB1}</arg>
<arg>${IMAGE}</arg>
<arg>multi_subscriber</arg>
<arg>${layer_tag}</arg>
<arg>${TOPIC}</arg>
<arg>network=${NETWORK}</arg>
<status status="PASS" start="2026-01-23T13:38:43.622212" elapsed="0.120100"/>
</kw>
<kw name="Start Container" owner="DockerLibrary">
<arg>${SUB2}</arg>
<arg>${IMAGE}</arg>
<arg>multi_subscriber2</arg>
<arg>${layer_tag}</arg>
<arg>${TOPIC}</arg>
<arg>network=${NETWORK}</arg>
<status status="PASS" start="2026-01-23T13:38:43.742472" elapsed="0.110575"/>
</kw>
<kw name="Start Container" owner="DockerLibrary">
<arg>${PUB1}</arg>
<arg>${IMAGE}</arg>
<arg>multi_publisher</arg>
<arg>${layer_tag}</arg>
<arg>${TOPIC}</arg>
<arg>network=${NETWORK}</arg>
<status status="PASS" start="2026-01-23T13:38:43.853235" elapsed="0.115986"/>
</kw>
<kw name="Start Container" owner="DockerLibrary">
<arg>${PUB2}</arg>
<arg>${IMAGE}</arg>
<arg>multi_publisher2</arg>
<arg>${layer_tag}</arg>
<arg>${TOPIC}</arg>
<arg>network=${NETWORK}</arg>
<status status="PASS" start="2026-01-23T13:38:43.969386" elapsed="0.118961"/>
</kw>
<kw name="Sleep" owner="BuiltIn">
<msg time="2026-01-23T13:39:02.088952" level="INFO">Slept 18 seconds.</msg>
<arg>18s</arg>
<doc>Pauses the test executed for the given time.</doc>
<status status="PASS" start="2026-01-23T13:38:44.088512" elapsed="18.000563"/>
</kw>
<kw name="Get Container Logs" owner="DockerLibrary">
<msg time="2026-01-23T13:39:02.092383" level="INFO">${log1} = [Entrypoint] Starting multi_subscriber in mode network_tcp
[Subscriber 1] Waiting for messages...

1769175536875 ms | bb5393d375e1 | multi_subscriber | 7 | error | CTCPReaderLayer - TCPPubSub (Error) ...</msg>
<var>${log1}</var>
<arg>${SUB1}</arg>
<status status="PASS" start="2026-01-23T13:39:02.089292" elapsed="0.003116"/>
</kw>
<kw name="Log To Console" owner="BuiltIn">
<arg>\n[CONTAINER LOG: SUBSCRIBER 1]\n${log1}</arg>
<doc>Logs the given message to the console.</doc>
<status status="PASS" start="2026-01-23T13:39:02.092509" elapsed="0.000303"/>
</kw>
<kw name="Log" owner="BuiltIn">
<msg time="2026-01-23T13:39:02.093152" level="INFO">
[CONTAINER LOG: SUBSCRIBER 1]
[Entrypoint] Starting multi_subscriber in mode network_tcp
[Subscriber 1] Waiting for messages...

1769175536875 ms | bb5393d375e1 | multi_subscriber | 7 | error | CTCPReaderLayer - TCPPubSub (Error) -SubscriberSession 172.18.0.2:56186-&gt;f183adc4a8a5:41289: Error reading header length: End of file
1769175536876 ms | bb5393d375e1 | multi_subscriber | 7 | warning | CTCPReaderLayer - TCPPubSub (Warning) -SubscriberSession 172.18.0.2:43510: Failed connecting to publisher f183adc4a8a5:41289: Connection refused
1769175536876 ms | bb5393d375e1 | multi_subscriber | 7 | warning | CTCPReaderLayer - TCPPubSub (Warning) -SubscriberSession 172.18.0.2:43512: Failed connecting to publisher f183adc4a8a5:41289: Connection refused
1769175536877 ms | bb5393d375e1 | multi_subscriber | 7 | warning | CTCPReaderLayer - TCPPubSub (Warning) -SubscriberSession 172.18.0.2:43526: Failed connecting to publisher f183adc4a8a5:41289: Connection refused
1769175536877 ms | bb5393d375e1 | multi_subscriber | 7 | warning | CTCPReaderLayer - TCPPubSub (Warning) -SubscriberSession 172.18.0.2:43542: Failed connecting to publisher f183adc4a8a5:41289: Connection refused
1769175536878 ms | bb5393d375e1 | multi_subscriber | 7 | warning | CTCPReaderLayer - TCPPubSub (Warning) -SubscriberSession 172.18.0.2:43554: Failed connecting to publisher f183adc4a8a5:41289: Connection refused
1769175536894 ms | bb5393d375e1 | multi_subscriber | 7 | error | CTCPReaderLayer - TCPPubSub (Error) -SubscriberSession 172.18.0.2:44630-&gt;647d9810f465:38727: Error reading header length: End of file
1769175536894 ms | bb5393d375e1 | multi_subscriber | 7 | warning | CTCPReaderLayer - TCPPubSub (Warning) -SubscriberSession 172.18.0.2:45190: Failed connecting to publisher 647d9810f465:38727: Connection refused
1769175536895 ms | bb5393d375e1 | multi_subscriber | 7 | warning | CTCPReaderLayer - TCPPubSub (Warning) -SubscriberSession 172.18.0.2:45206: Failed connecting to publisher 647d9810f465:38727: Connection refused
1769175536895 ms | bb5393d375e1 | multi_subscriber | 7 | warning | CTCPReaderLayer - TCPPubSub (Warning) -SubscriberSession 172.18.0.2:45208: Failed connecting to publisher 647d9810f465:38727: Connection refused
1769175536896 ms | bb5393d375e1 | multi_subscriber | 7 | warning | CTCPReaderLayer - TCPPubSub (Warning) -SubscriberSession 172.18.0.2:45212: Failed connecting to publisher 647d9810f465:38727: Connection refused
1769175536896 ms | bb5393d375e1 | multi_subscriber | 7 | warning | CTCPReaderLayer - TCPPubSub (Warning) -SubscriberSession 172.18.0.2:45218: Failed connecting to publisher 647d9810f465:38727: Connection refused

=== [Subscriber 1] Received Message Summary ===
PUB1 messages (42):--------------&gt; 10/10
PUB2 messages (43):-------------&gt; 10/10
[Subscriber 1] [✓] Received messages from both publishers.

</msg>
<arg>\n[CONTAINER LOG: SUBSCRIBER 1]\n${log1}</arg>
<doc>Logs the given message with the given level.</doc>
<status status="PASS" start="2026-01-23T13:39:02.092923" elapsed="0.000343"/>
</kw>
<kw name="Get Container Logs" owner="DockerLibrary">
<msg time="2026-01-23T13:39:02.095483" level="INFO">${log2} = [Entrypoint] Starting multi_subscriber2 in mode network_tcp
[Subscriber 2] Waiting for messages...
1769175536875 ms | c273949cf5d3 | multi_subscriber | 7 | error | CTCPReaderLayer - TCPPubSub (Error) ...</msg>
<var>${log2}</var>
<arg>${SUB2}</arg>
<status status="PASS" start="2026-01-23T13:39:02.093342" elapsed="0.002165"/>
</kw>
<kw name="Log To Console" owner="BuiltIn">
<arg>\n[CONTAINER LOG: SUBSCRIBER 2]\n${log2}</arg>
<doc>Logs the given message to the console.</doc>
<status status="PASS" start="2026-01-23T13:39:02.095586" elapsed="0.000243"/>
</kw>
<kw name="Log" owner="BuiltIn">
<msg time="2026-01-23T13:39:02.096194" level="INFO">
[CONTAINER LOG: SUBSCRIBER 1]
[Entrypoint] Starting multi_subscriber2 in mode network_tcp
[Subscriber 2] Waiting for messages...
1769175536875 ms | c273949cf5d3 | multi_subscriber | 7 | error | CTCPReaderLayer - TCPPubSub (Error) -SubscriberSession 172.18.0.3:43448-&gt;f183adc4a8a5:41289: Error reading header length: End of file
1769175536876 ms | c273949cf5d3 | multi_subscriber | 7 | warning | CTCPReaderLayer - TCPPubSub (Warning) -SubscriberSession 172.18.0.3:48962: Failed connecting to publisher f183adc4a8a5:41289: Connection refused
1769175536876 ms | c273949cf5d3 | multi_subscriber | 7 | warning | CTCPReaderLayer - TCPPubSub (Warning) -SubscriberSession 172.18.0.3:48978: Failed connecting to publisher f183adc4a8a5:41289: Connection refused
1769175536876 ms | c273949cf5d3 | multi_subscriber | 7 | warning | CTCPReaderLayer - TCPPubSub (Warning) -SubscriberSession 172.18.0.3:48986: Failed connecting to publisher f183adc4a8a5:41289: Connection refused
1769175536877 ms | c273949cf5d3 | multi_subscriber | 7 | warning | CTCPReaderLayer - TCPPubSub (Warning) -SubscriberSession 172.18.0.3:48992: Failed connecting to publisher f183adc4a8a5:41289: Connection refused
1769175536878 ms | c273949cf5d3 | multi_subscriber | 7 | warning | CTCPReaderLayer - TCPPubSub (Warning) -SubscriberSession 172.18.0.3:49004: Failed connecting to publisher f183adc4a8a5:41289: Connection refused
1769175536894 ms | c273949cf5d3 | multi_subscriber | 7 | error | CTCPReaderLayer - TCPPubSub (Error) -SubscriberSession 172.18.0.3:60586-&gt;647d9810f465:38727: Error reading header length: End of file
1769175536894 ms | c273949cf5d3 | multi_subscriber | 7 | warning | CTCPReaderLayer - TCPPubSub (Warning) -SubscriberSession 172.18.0.3:42524: Failed connecting to publisher 647d9810f465:38727: Connection refused
1769175536895 ms | c273949cf5d3 | multi_subscriber | 7 | warning | CTCPReaderLayer - TCPPubSub (Warning) -SubscriberSession 172.18.0.3:42534: Failed connecting to publisher 647d9810f465:38727: Connection refused
1769175536896 ms | c273949cf5d3 | multi_subscriber | 7 | warning | CTCPReaderLayer - TCPPubSub (Warning) -SubscriberSession 172.18.0.3:42540: Failed connecting to publisher 647d9810f465:38727: Connection refused
1769175536896 ms | c273949cf5d3 | multi_subscriber | 7 | warning | CTCPReaderLayer - TCPPubSub (Warning) -SubscriberSession 172.18.0.3:42552: Failed connecting to publisher 647d9810f465:38727: Connection refused
1769175536897 ms | c273949cf5d3 | multi_subscriber | 7 | warning | CTCPReaderLayer - TCPPubSub (Warning) -SubscriberSession 172.18.0.3:42564: Failed connecting to publisher 647d9810f465:38727: Connection refused

=== [Subscriber 2] Received Message Summary ===
PUB1 messages (42):--------------&gt; 10/10
PUB2 messages (43):-------------&gt; 10/10
[Subscriber 2] [✓] Received messages from both publishers.

</msg>
<arg>\n[CONTAINER LOG: SUBSCRIBER 1]\n${log2}</arg>
<doc>Logs the given message with the given level.</doc>
<status status="PASS" start="2026-01-23T13:39:02.095946" elapsed="0.000303"/>
</kw>
<kw name="Wait For Container Exit" owner="DockerLibrary">
<arg>${SUB1}</arg>
<status status="PASS" start="2026-01-23T13:39:02.096323" elapsed="0.001028"/>
</kw>
<kw name="Wait For Container Exit" owner="DockerLibrary">
<arg>${SUB2}</arg>
<status status="PASS" start="2026-01-23T13:39:02.097431" elapsed="0.000941"/>
</kw>
<kw name="Wait For Container Exit" owner="DockerLibrary">
<arg>${PUB1}</arg>
<status status="PASS" start="2026-01-23T13:39:02.098454" elapsed="0.000931"/>
</kw>
<kw name="Wait For Container Exit" owner="DockerLibrary">
<arg>${PUB2}</arg>
<status status="PASS" start="2026-01-23T13:39:02.099466" elapsed="0.000927"/>
</kw>
<kw name="Wait For Container Exit" owner="DockerLibrary">
<msg time="2026-01-23T13:39:02.101322" level="INFO">${exit1} = 0</msg>
<var>${exit1}</var>
<arg>${SUB1}</arg>
<status status="PASS" start="2026-01-23T13:39:02.100473" elapsed="0.000872"/>
</kw>
<kw name="Wait For Container Exit" owner="DockerLibrary">
<msg time="2026-01-23T13:39:02.102281" level="INFO">${exit2} = 0</msg>
<var>${exit2}</var>
<arg>${SUB2}</arg>
<status status="PASS" start="2026-01-23T13:39:02.101420" elapsed="0.000883"/>
</kw>
<kw name="Should Be Equal As Integers" owner="BuiltIn">
<msg time="2026-01-23T13:39:02.102596" level="INFO">Argument types are:
&lt;class 'int'&gt;
&lt;class 'str'&gt;</msg>
<arg>${exit1}</arg>
<arg>0</arg>
<arg>Subscriber 1 failed!</arg>
<doc>Fails if objects are unequal after converting them to integers.</doc>
<status status="PASS" start="2026-01-23T13:39:02.102380" elapsed="0.000260"/>
</kw>
<kw name="Should Be Equal As Integers" owner="BuiltIn">
<msg time="2026-01-23T13:39:02.103058" level="INFO">Argument types are:
&lt;class 'int'&gt;
&lt;class 'str'&gt;</msg>
<arg>${exit2}</arg>
<arg>0</arg>
<arg>Subscriber 2 failed!</arg>
<doc>Fails if objects are unequal after converting them to integers.</doc>
<status status="PASS" start="2026-01-23T13:39:02.102746" elapsed="0.000353"/>
</kw>
<kw name="Log Test Summary" owner="DockerLibrary">
<arg>Multi Pub/Sub Test ${layer_tag}</arg>
<arg>${True}</arg>
<status status="PASS" start="2026-01-23T13:39:02.103215" elapsed="0.000153"/>
</kw>
<kw name="Stop Container" owner="DockerLibrary">
<arg>${SUB1}</arg>
<status status="PASS" start="2026-01-23T13:39:02.103454" elapsed="0.005146"/>
</kw>
<kw name="Stop Container" owner="DockerLibrary">
<arg>${SUB2}</arg>
<status status="PASS" start="2026-01-23T13:39:02.108680" elapsed="0.005294"/>
</kw>
<kw name="Stop Container" owner="DockerLibrary">
<arg>${PUB1}</arg>
<status status="PASS" start="2026-01-23T13:39:02.114056" elapsed="0.005220"/>
</kw>
<kw name="Stop Container" owner="DockerLibrary">
<arg>${PUB2}</arg>
<status status="PASS" start="2026-01-23T13:39:02.119356" elapsed="0.005039"/>
</kw>
<kw name="Sleep" owner="BuiltIn">
<msg time="2026-01-23T13:39:03.124831" level="INFO">Slept 1 second.</msg>
<arg>1s</arg>
<doc>Pauses the test executed for the given time.</doc>
<status status="PASS" start="2026-01-23T13:39:02.124480" elapsed="1.000465"/>
</kw>
<arg>network_tcp</arg>
<arg>network</arg>
<status status="PASS" start="2026-01-23T13:38:43.619889" elapsed="19.505140"/>
</kw>
<tag>multi_pub_sub_network_tcp</tag>
<status status="PASS" start="2026-01-23T13:38:43.619419" elapsed="19.505786"/>
</test>
<status status="PASS" start="2026-01-23T13:37:52.945543" elapsed="70.181013"/>
</suite>
<suite id="s1-s3" name="Network Crash" source="/home/runner/work/ecal-test-suite/ecal-test-suite/integration_tests/network_crash/robottests/network_crash.robot">
<kw name="Init Test Context" type="SETUP">
<kw name="Set Test Context" owner="GlobalPathsLibrary">
<arg>network_crash</arg>
<arg>network_crash</arg>
<doc>Sets the test folder and tag prefix if it's a valid test case.
The folder must exist under integration_tests/ and contain typical test structure.</doc>
<status status="PASS" start="2026-01-23T13:39:03.130078" elapsed="0.000171"/>
</kw>
<kw name="Get Build Script Path" owner="GlobalPathsLibrary">
<msg time="2026-01-23T13:39:03.130433" level="INFO">${build} = /home/runner/work/ecal-test-suite/ecal-test-suite/integration_tests/network_crash/scripts/build_images.sh</msg>
<var>${build}</var>
<status status="PASS" start="2026-01-23T13:39:03.130331" elapsed="0.000121"/>
</kw>
<kw name="Get Network Name" owner="GlobalPathsLibrary">
<msg time="2026-01-23T13:39:03.130593" level="INFO">${net} = ecal_test_net</msg>
<var>${net}</var>
<status status="PASS" start="2026-01-23T13:39:03.130516" elapsed="0.000093"/>
</kw>
<kw name="Get Build Script Args" owner="GlobalPathsLibrary">
<msg time="2026-01-23T13:39:03.130739" level="INFO">${args} = ['network_crash']</msg>
<var>${args}</var>
<status status="PASS" start="2026-01-23T13:39:03.130667" elapsed="0.000088"/>
</kw>
<kw name="Set Suite Variable" owner="BuiltIn">
<msg time="2026-01-23T13:39:03.131076" level="INFO">${BUILD_SCRIPT} = /home/runner/work/ecal-test-suite/ecal-test-suite/integration_tests/network_crash/scripts/build_images.sh</msg>
<arg>${BUILD_SCRIPT}</arg>
<arg>${build}</arg>
<doc>Makes a variable available everywhere within the scope of the current suite.</doc>
<status status="PASS" start="2026-01-23T13:39:03.130829" elapsed="0.000276"/>
</kw>
<kw name="Set Suite Variable" owner="BuiltIn">
<msg time="2026-01-23T13:39:03.131426" level="INFO">${NETWORK} = ecal_test_net</msg>
<arg>${NETWORK}</arg>
<arg>${net}</arg>
<doc>Makes a variable available everywhere within the scope of the current suite.</doc>
<status status="PASS" start="2026-01-23T13:39:03.131215" elapsed="0.000240"/>
</kw>
<kw name="Get Test Description" owner="GlobalPathsLibrary">
<msg time="2026-01-23T13:39:03.131689" level="INFO">${desc} = Test Objective:
Verify that local UDP-based communication remains functional even if a separate network UDP publisher is disconnected —
simulating a network failure scenario such as a cable unplug.

T...</msg>
<var>${desc}</var>
<doc>Reads the *** Comments *** section from the .robot file and returns it as a string.</doc>
<status status="PASS" start="2026-01-23T13:39:03.131523" elapsed="0.000189"/>
</kw>
<kw name="Log" owner="BuiltIn">
<msg time="2026-01-23T13:39:03.131952" level="INFO">Test Objective:
Verify that local UDP-based communication remains functional even if a separate network UDP publisher is disconnected —
simulating a network failure scenario such as a cable unplug.

Test Context:
This test validates the robustness of eCAL's UDP transport layer under fault conditions by ensuring that
local communication is not affected by network-layer interruptions.

Test Scenario:
1. A local UDP subscriber and two local UDP publishers run in the **same container** using eCAL's local mode.
- Publisher 1 sends payloads with value 42 from the beginning.
- Publisher 2 sends value 44, but only **after the network publisher is disconnected** (simulated delay).

2. A network UDP publisher runs in a **separate container**, using eCAL network mode and sends value 43.

3. All publishers run in parallel for a defined period (publisher 2 starts delayed after ~7s).

4. The test then **disconnects** the network UDP publisher from the Docker network.

Success Criteria:
- The subscriber receives:
• Messages with value 42 throughout the test.
• Messages with value 43 only **before** the disconnection.
• Messages with value 44 after the network crash (i.e., from local UDP Publisher 2).
- The subscriber container exits with code 0.
- The log confirms all expected messages have been received.

Note:
This test ensures **fault isolation** between local and network layers in eCAL middleware.</msg>
<arg>${desc}</arg>
<doc>Logs the given message with the given level.</doc>
<status status="PASS" start="2026-01-23T13:39:03.131783" elapsed="0.000208"/>
</kw>
<kw name="Log To Console" owner="BuiltIn">
<arg>[SETUP] Building image...</arg>
<doc>Logs the given message to the console.</doc>
<status status="PASS" start="2026-01-23T13:39:03.132059" elapsed="0.000251"/>
</kw>
<kw name="Run Process" owner="Process">
<msg time="2026-01-23T13:39:03.132647" level="INFO">Starting process:
/home/runner/work/ecal-test-suite/ecal-test-suite/integration_tests/network_crash/scripts/build_images.sh network_crash</msg>
<msg time="2026-01-23T13:39:03.133035" level="INFO">Waiting for process to complete.</msg>
<msg time="2026-01-23T13:39:11.975158" level="INFO">Process completed.</msg>
<msg time="2026-01-23T13:39:11.975322" level="INFO">${result} = &lt;result object with rc 0&gt;</msg>
<var>${result}</var>
<arg>${BUILD_SCRIPT}</arg>
<arg>@{args}</arg>
<doc>Runs a process and waits for it to complete.</doc>
<status status="PASS" start="2026-01-23T13:39:03.132417" elapsed="8.842930"/>
</kw>
<kw name="Should Be Equal As Integers" owner="BuiltIn">
<msg time="2026-01-23T13:39:11.976114" level="INFO">Argument types are:
&lt;class 'int'&gt;
&lt;class 'str'&gt;</msg>
<arg>${result.rc}</arg>
<arg>0</arg>
<arg>Docker image build failed!</arg>
<doc>Fails if objects are unequal after converting them to integers.</doc>
<status status="PASS" start="2026-01-23T13:39:11.975501" elapsed="0.000693"/>
</kw>
<kw name="Create Docker Network" owner="DockerLibrary">
<arg>${NETWORK}</arg>
<status status="PASS" start="2026-01-23T13:39:11.976283" elapsed="0.007020"/>
</kw>
<kw name="Sleep" owner="BuiltIn">
<msg time="2026-01-23T13:39:13.983780" level="INFO">Slept 2 seconds.</msg>
<arg>2s</arg>
<doc>Pauses the test executed for the given time.</doc>
<status status="PASS" start="2026-01-23T13:39:11.983415" elapsed="2.000478"/>
</kw>
<status status="PASS" start="2026-01-23T13:39:03.129894" elapsed="10.854082"/>
</kw>
<test id="s1-s3-t1" name="Local communication survives Network crash" line="45">
<kw name="Run Network Crash Survival Test">
<kw name="Set Variable" owner="BuiltIn">
<msg time="2026-01-23T13:39:13.985396" level="INFO">${IMAGE} = network_crash_local_udp</msg>
<var>${IMAGE}</var>
<arg>${BASE_IMAGE}_local_udp</arg>
<doc>Returns the given values which can then be assigned to a variables.</doc>
<status status="PASS" start="2026-01-23T13:39:13.985106" elapsed="0.000310"/>
</kw>
<kw name="Set Variable" owner="BuiltIn">
<msg time="2026-01-23T13:39:13.985657" level="INFO">${TOPIC} = test_topic</msg>
<var>${TOPIC}</var>
<arg>test_topic</arg>
<doc>Returns the given values which can then be assigned to a variables.</doc>
<status status="PASS" start="2026-01-23T13:39:13.985491" elapsed="0.000184"/>
</kw>
<kw name="Set Variable" owner="BuiltIn">
<msg time="2026-01-23T13:39:13.985901" level="INFO">${NET_PUB} = udp_network_pub</msg>
<var>${NET_PUB}</var>
<arg>udp_network_pub</arg>
[...]
[Publisher] Prepared 50MB message.
[Publisher] Waiting for at least 2 subscriber(s) on topic: test_topic
[Publisher] Found 2 subscriber(s). Pr...</msg>
<var>${log3}</var>
<arg>${PUBLISHER}</arg>
<status status="PASS" start="2026-01-23T13:48:47.764196" elapsed="0.002191"/>
</kw>
<kw name="Log To Console" owner="BuiltIn">
<arg>\n[LOG: SUBSCRIBER]\n${log1}</arg>
<doc>Logs the given message to the console.</doc>
<status status="PASS" start="2026-01-23T13:48:47.766472" elapsed="0.000277"/>
</kw>
<kw name="Log To Console" owner="BuiltIn">
<arg>\n[LOG: CRASH_SUBSCRIBER]\n${log2}</arg>
<doc>Logs the given message to the console.</doc>
<status status="PASS" start="2026-01-23T13:48:47.766854" elapsed="0.000232"/>
</kw>
<kw name="Log To Console" owner="BuiltIn">
<arg>\n[LOG: PUBLISHER]\n${log3}</arg>
<doc>Logs the given message to the console.</doc>
<status status="PASS" start="2026-01-23T13:48:47.767196" elapsed="0.000202"/>
</kw>
<kw name="Log" owner="BuiltIn">
<msg time="2026-01-23T13:48:47.767653" level="INFO">
[LOG: SUBSCRIBER]
[Entrypoint] Starting stable subscriber in mode network_udp
[Test_Sub] Ready and waiting...
[Test_Sub] Received 52428800 bytes (message 1)
[Test_Sub] Received 52428800 bytes (message 2)
[Test_Sub] Received 52428800 bytes (message 3)
[✓] Received 3 messages.
</msg>
<arg>\n[LOG: SUBSCRIBER]\n${log1}</arg>
<doc>Logs the given message with the given level.</doc>
<status status="PASS" start="2026-01-23T13:48:47.767475" elapsed="0.000212"/>
</kw>
<kw name="Log" owner="BuiltIn">
<msg time="2026-01-23T13:48:47.768040" level="INFO">
[LOG: CRASH_SUBSCRIBER]
[Entrypoint] Starting crashing subscriber in mode network_udp
[Crash_Sub] Simulating crash after 2 seconds during active reception
[Crash_Sub] Listening to topic 'test_topic' in mode 'network_udp'
[Crash_Sub] Received 52428800 bytes
./entrypoint.sh: line 62:     7 Aborted                 (core dumped) ./crash_send_subscriber $ARGS $EXTRA
</msg>
<arg>\n[LOG: CRASH_SUBSCRIBER]\n${log2}</arg>
<doc>Logs the given message with the given level.</doc>
<status status="PASS" start="2026-01-23T13:48:47.767777" elapsed="0.000315"/>
</kw>
<kw name="Log" owner="BuiltIn">
<msg time="2026-01-23T13:48:47.768471" level="INFO">
[LOG: PUBLISHER]
[Entrypoint] Starting large publisher in mode network_udp
[Publisher] Prepared 50MB message.
[Publisher] Waiting for at least 2 subscriber(s) on topic: test_topic
[Publisher] Found 2 subscriber(s). Proceeding to send messages.
[Publisher] Subscriber detected. Starting to send.
[Publisher] Send result: ✓, size: 52428800 bytes
[Publisher] Send result: ✓, size: 52428800 bytes
[Publisher] Send result: ✓, size: 52428800 bytes
[Publisher] Finished sending.
</msg>
<arg>\n[LOG: PUBLISHER]\n${log3}</arg>
<doc>Logs the given message with the given level.</doc>
<status status="PASS" start="2026-01-23T13:48:47.768221" elapsed="0.000300"/>
</kw>
<kw name="Wait For Container Exit" owner="DockerLibrary">
<msg time="2026-01-23T13:48:47.769624" level="INFO">${exit1} = 0</msg>
<var>${exit1}</var>
<arg>${SUB_OK}</arg>
<status status="PASS" start="2026-01-23T13:48:47.768617" elapsed="0.001029"/>
</kw>
<kw name="Should Be Equal As Integers" owner="BuiltIn">
<msg time="2026-01-23T13:48:47.769935" level="INFO">Argument types are:
&lt;class 'int'&gt;
&lt;class 'str'&gt;</msg>
<arg>${exit1}</arg>
<arg>0</arg>
<arg>Stable subscriber failed unexpectedly!</arg>
<doc>Fails if objects are unequal after converting them to integers.</doc>
<status status="PASS" start="2026-01-23T13:48:47.769725" elapsed="0.000259"/>
</kw>
<kw name="Log Test Summary" owner="DockerLibrary">
<arg>Network Crash Receive Test ${layer_tag}</arg>
<arg>${True}</arg>
<status status="PASS" start="2026-01-23T13:48:47.770059" elapsed="0.000179"/>
</kw>
<kw name="Stop Container" owner="DockerLibrary">
<arg>${SUB_OK}</arg>
<status status="PASS" start="2026-01-23T13:48:47.770339" elapsed="0.004846"/>
</kw>
<kw name="Stop Container" owner="DockerLibrary">
<arg>${SUB_CRASH}</arg>
<status status="PASS" start="2026-01-23T13:48:47.775268" elapsed="0.004607"/>
</kw>
<kw name="Stop Container" owner="DockerLibrary">
<arg>${PUBLISHER}</arg>
<status status="PASS" start="2026-01-23T13:48:47.779957" elapsed="0.004706"/>
</kw>
<arg>network_udp</arg>
<arg>network</arg>
<status status="PASS" start="2026-01-23T13:48:16.557177" elapsed="31.227543"/>
</kw>
<tag>crash_receive_network_udp</tag>
<status status="PASS" start="2026-01-23T13:48:16.556747" elapsed="31.228061"/>
</test>
<test id="s1-s9-t4" name="Crash During Reception (Network TCP)" line="58">
<kw name="Run Network Crash Receive Test">
<kw name="Set Variable" owner="BuiltIn">
<msg time="2026-01-23T13:48:47.786528" level="INFO">${IMAGE} = sub_send_crash_network_tcp</msg>
<var>${IMAGE}</var>
<arg>${BASE_IMAGE}_${layer_tag}</arg>
<doc>Returns the given values which can then be assigned to a variables.</doc>
<status status="PASS" start="2026-01-23T13:48:47.786286" elapsed="0.000262"/>
</kw>
<kw name="Set Variable" owner="BuiltIn">
<msg time="2026-01-23T13:48:47.786791" level="INFO">${TOPIC} = test_topic</msg>
<var>${TOPIC}</var>
<arg>test_topic</arg>
<doc>Returns the given values which can then be assigned to a variables.</doc>
<status status="PASS" start="2026-01-23T13:48:47.786625" elapsed="0.000184"/>
</kw>
<kw name="Set Variable" owner="BuiltIn">
<msg time="2026-01-23T13:48:47.787063" level="INFO">${SUB_OK} = sub_ok_network_tcp</msg>
<var>${SUB_OK}</var>
<arg>sub_ok_${layer_tag}</arg>
<doc>Returns the given values which can then be assigned to a variables.</doc>
<status status="PASS" start="2026-01-23T13:48:47.786878" elapsed="0.000204"/>
</kw>
<kw name="Set Variable" owner="BuiltIn">
<msg time="2026-01-23T13:48:47.787391" level="INFO">${SUB_CRASH} = sub_crash_network_tcp</msg>
<var>${SUB_CRASH}</var>
<arg>sub_crash_${layer_tag}</arg>
<doc>Returns the given values which can then be assigned to a variables.</doc>
<status status="PASS" start="2026-01-23T13:48:47.787188" elapsed="0.000221"/>
</kw>
<kw name="Set Variable" owner="BuiltIn">
<msg time="2026-01-23T13:48:47.787663" level="INFO">${PUBLISHER} = pub_network_tcp</msg>
<var>${PUBLISHER}</var>
<arg>pub_${layer_tag}</arg>
<doc>Returns the given values which can then be assigned to a variables.</doc>
<status status="PASS" start="2026-01-23T13:48:47.787481" elapsed="0.000199"/>
</kw>
<kw name="Log To Console" owner="BuiltIn">
<arg>\n[INFO] Starting crash test in NETWORK mode: ${layer_tag}</arg>
<doc>Logs the given message to the console.</doc>
<status status="PASS" start="2026-01-23T13:48:47.787746" elapsed="0.000187"/>
</kw>
<kw name="Start Container" owner="DockerLibrary">
<arg>${SUB_OK}</arg>
<arg>${IMAGE}</arg>
<arg>test_subscriber</arg>
<arg>${layer_tag}</arg>
<arg>${TOPIC}</arg>
<arg>${SUB_OK}</arg>
<arg>network=${NETWORK}</arg>
<status status="PASS" start="2026-01-23T13:48:47.788033" elapsed="0.122673"/>
</kw>
<kw name="Start Container" owner="DockerLibrary">
<arg>${SUB_CRASH}</arg>
<arg>${IMAGE}</arg>
<arg>crash_subscriber</arg>
<arg>${layer_tag}</arg>
<arg>${TOPIC}</arg>
<arg>${SUB_CRASH}</arg>
<arg>network=${NETWORK}</arg>
<status status="PASS" start="2026-01-23T13:48:47.910869" elapsed="0.115543"/>
</kw>
<kw name="Start Container" owner="DockerLibrary">
<arg>${PUBLISHER}</arg>
<arg>${IMAGE}</arg>
<arg>large_publisher</arg>
<arg>${layer_tag}</arg>
<arg>${TOPIC}</arg>
<arg>${PUBLISHER}</arg>
<arg>network=${NETWORK}</arg>
<status status="PASS" start="2026-01-23T13:48:48.026638" elapsed="0.125871"/>
</kw>
<kw name="Wait For Container Exit" owner="DockerLibrary">
<arg>${SUB_OK}</arg>
<status status="PASS" start="2026-01-23T13:48:48.152674" elapsed="30.818325"/>
</kw>
<kw name="Wait For Container Exit" owner="DockerLibrary">
<arg>${SUB_CRASH}</arg>
<status status="PASS" start="2026-01-23T13:49:18.971402" elapsed="0.002041"/>
</kw>
<kw name="Wait For Container Exit" owner="DockerLibrary">
<arg>${PUBLISHER}</arg>
<status status="PASS" start="2026-01-23T13:49:18.973558" elapsed="0.001037"/>
</kw>
<kw name="Get Container Logs" owner="DockerLibrary">
<msg time="2026-01-23T13:49:18.977054" level="INFO">${log1} = [Entrypoint] Starting stable subscriber in mode network_tcp
[Test_Sub] Ready and waiting...
[Test_Sub] Received 52428800 bytes (message 1)
[Test_Sub] Received 52428800 bytes (message 2)
[Test_Sub] Rec...</msg>
<var>${log1}</var>
<arg>${SUB_OK}</arg>
<status status="PASS" start="2026-01-23T13:49:18.974684" elapsed="0.002396"/>
</kw>
<kw name="Get Container Logs" owner="DockerLibrary">
<msg time="2026-01-23T13:49:18.979269" level="INFO">${log2} = [Entrypoint] Starting crashing subscriber in mode network_tcp
[Crash_Sub] Listening to topic 'test_topic' in mode 'network_tcp'
[Crash_Sub] Simulating crash after 2 seconds during active reception
[Cr...</msg>
<var>${log2}</var>
<arg>${SUB_CRASH}</arg>
<status status="PASS" start="2026-01-23T13:49:18.977188" elapsed="0.002105"/>
</kw>
<kw name="Get Container Logs" owner="DockerLibrary">
<msg time="2026-01-23T13:49:18.981463" level="INFO">${log3} = [Entrypoint] Starting large publisher in mode network_tcp
[Publisher] Prepared 50MB message.
[Publisher] Waiting for at least 2 subscriber(s) on topic: test_topic
1769176128913 ms | d8cdd54920fb | lar...</msg>
<var>${log3}</var>
<arg>${PUBLISHER}</arg>
<status status="PASS" start="2026-01-23T13:49:18.979376" elapsed="0.002112"/>
</kw>
<kw name="Log To Console" owner="BuiltIn">
<arg>\n[LOG: SUBSCRIBER]\n${log1}</arg>
<doc>Logs the given message to the console.</doc>
<status status="PASS" start="2026-01-23T13:49:18.981574" elapsed="0.000298"/>
</kw>
<kw name="Log To Console" owner="BuiltIn">
<arg>\n[LOG: CRASH_SUBSCRIBER]\n${log2}</arg>
<doc>Logs the given message to the console.</doc>
<status status="PASS" start="2026-01-23T13:49:18.981980" elapsed="0.000358"/>
</kw>
<kw name="Log To Console" owner="BuiltIn">
<arg>\n[LOG: PUBLISHER]\n${log3}</arg>
<doc>Logs the given message to the console.</doc>
<status status="PASS" start="2026-01-23T13:49:18.982447" elapsed="0.000300"/>
</kw>
<kw name="Log" owner="BuiltIn">
<msg time="2026-01-23T13:49:18.983159" level="INFO">
[LOG: SUBSCRIBER]
[Entrypoint] Starting stable subscriber in mode network_tcp
[Test_Sub] Ready and waiting...
[Test_Sub] Received 52428800 bytes (message 1)
[Test_Sub] Received 52428800 bytes (message 2)
[Test_Sub] Received 52428800 bytes (message 3)
1769176133627 ms | 1838ef653b1e | test_sub | 7 | error | CTCPReaderLayer - TCPPubSub (Error) -SubscriberSession 172.18.0.2:46922-&gt;d8cdd54920fb:33259: Error reading header length: End of file
1769176133627 ms | 1838ef653b1e | test_sub | 7 | warning | CTCPReaderLayer - TCPPubSub (Warning) -SubscriberSession 172.18.0.2:46926: Failed connecting to publisher d8cdd54920fb:33259: Connection refused
1769176133628 ms | 1838ef653b1e | test_sub | 7 | warning | CTCPReaderLayer - TCPPubSub (Warning) -SubscriberSession 172.18.0.2:46928: Failed connecting to publisher d8cdd54920fb:33259: Connection refused
1769176133628 ms | 1838ef653b1e | test_sub | 7 | warning | CTCPReaderLayer - TCPPubSub (Warning) -SubscriberSession 172.18.0.2:46942: Failed connecting to publisher d8cdd54920fb:33259: Connection refused
1769176133629 ms | 1838ef653b1e | test_sub | 7 | warning | CTCPReaderLayer - TCPPubSub (Warning) -SubscriberSession 172.18.0.2:46946: Failed connecting to publisher d8cdd54920fb:33259: Connection refused
1769176133629 ms | 1838ef653b1e | test_sub | 7 | warning | CTCPReaderLayer - TCPPubSub (Warning) -SubscriberSession 172.18.0.2:46962: Failed connecting to publisher d8cdd54920fb:33259: Connection refused
[✓] Received 3 messages.
</msg>
<arg>\n[LOG: SUBSCRIBER]\n${log1}</arg>
<doc>Logs the given message with the given level.</doc>
<status status="PASS" start="2026-01-23T13:49:18.982862" elapsed="0.000366"/>
</kw>
<kw name="Log" owner="BuiltIn">
<msg time="2026-01-23T13:49:18.983618" level="INFO">
[LOG: CRASH_SUBSCRIBER]
[Entrypoint] Starting crashing subscriber in mode network_tcp
[Crash_Sub] Listening to topic 'test_topic' in mode 'network_tcp'
[Crash_Sub] Simulating crash after 2 seconds during active reception
[Crash_Sub] Received 52428800 bytes
./entrypoint.sh: line 62:     7 Aborted                 (core dumped) ./crash_send_subscriber $ARGS $EXTRA
</msg>
<arg>\n[LOG: CRASH_SUBSCRIBER]\n${log2}</arg>
<doc>Logs the given message with the given level.</doc>
<status status="PASS" start="2026-01-23T13:49:18.983344" elapsed="0.000329"/>
</kw>
<kw name="Log" owner="BuiltIn">
<msg time="2026-01-23T13:49:18.984063" level="INFO">
[LOG: PUBLISHER]
[Entrypoint] Starting large publisher in mode network_tcp
[Publisher] Prepared 50MB message.
[Publisher] Waiting for at least 2 subscriber(s) on topic: test_topic
1769176128913 ms | d8cdd54920fb | large_publisher | 7 | info | CTCPReaderLayer - TCPPubSub (Info) -Publisher :::0: Created publisher and waiting for clients.
1769176128914 ms | d8cdd54920fb | large_publisher | 7 | info | CTCPReaderLayer - TCPPubSub (Info) -Publisher :::33259: Subscriber ::ffff:172.18.0.2:46922 has connected.
1769176128914 ms | d8cdd54920fb | large_publisher | 7 | info | CTCPReaderLayer - TCPPubSub (Info) -Publisher :::33259: Subscriber ::ffff:172.18.0.3:46250 has connected.
[Publisher] Found 2 subscriber(s). Proceeding to send messages.
[Publisher] Subscriber detected. Starting to send.
[Publisher] Send result: ✓, size: 52428800 bytes
[Publisher] Send result: ✓, size: 52428800 bytes
1769176131609 ms | d8cdd54920fb | large_publisher | 7 | warning | CTCPReaderLayer - TCPPubSub (Warning) -PublisherSession ::ffff:172.18.0.4:33259-&gt;?: Failed sending data: Broken pipe
[Publisher] Send result: ✓, size: 52428800 bytes
[Publisher] Finished sending.
</msg>
<arg>\n[LOG: PUBLISHER]\n${log3}</arg>
<doc>Logs the given message with the given level.</doc>
<status status="PASS" start="2026-01-23T13:49:18.983794" elapsed="0.000313"/>
</kw>
<kw name="Wait For Container Exit" owner="DockerLibrary">
<msg time="2026-01-23T13:49:18.985151" level="INFO">${exit1} = 0</msg>
<var>${exit1}</var>
<arg>${SUB_OK}</arg>
<status status="PASS" start="2026-01-23T13:49:18.984215" elapsed="0.000963"/>
</kw>
<kw name="Should Be Equal As Integers" owner="BuiltIn">
<msg time="2026-01-23T13:49:18.985484" level="INFO">Argument types are:
&lt;class 'int'&gt;
&lt;class 'str'&gt;</msg>
<arg>${exit1}</arg>
<arg>0</arg>
<arg>Stable subscriber failed unexpectedly!</arg>
<doc>Fails if objects are unequal after converting them to integers.</doc>
<status status="PASS" start="2026-01-23T13:49:18.985263" elapsed="0.000265"/>
</kw>
<kw name="Log Test Summary" owner="DockerLibrary">
<arg>Network Crash Receive Test ${layer_tag}</arg>
<arg>${True}</arg>
<status status="PASS" start="2026-01-23T13:49:18.985607" elapsed="0.000137"/>
</kw>
<kw name="Stop Container" owner="DockerLibrary">
<arg>${SUB_OK}</arg>
<status status="PASS" start="2026-01-23T13:49:18.985840" elapsed="0.004977"/>
</kw>
<kw name="Stop Container" owner="DockerLibrary">
<arg>${SUB_CRASH}</arg>
<status status="PASS" start="2026-01-23T13:49:18.990898" elapsed="0.004829"/>
</kw>
<kw name="Stop Container" owner="DockerLibrary">
<arg>${PUBLISHER}</arg>
<status status="PASS" start="2026-01-23T13:49:18.995809" elapsed="0.004848"/>
</kw>
<arg>network_tcp</arg>
<arg>network</arg>
<status status="PASS" start="2026-01-23T13:48:47.786056" elapsed="31.214661"/>
</kw>
<tag>crash_receive_network_tcp</tag>
<status status="PASS" start="2026-01-23T13:48:47.785672" elapsed="31.215168"/>
</test>
<status status="PASS" start="2026-01-23T13:46:54.108297" elapsed="144.893515"/>
</suite>
<status status="PASS" start="2026-01-23T13:36:44.550772" elapsed="754.451770"/>
</suite>
<statistics>
<total>
<stat pass="25" fail="0" skip="0">All Tests</stat>
</total>
<tag>
<stat pass="1" fail="0" skip="0">basic_pub_sub_local_shm</stat>
<stat pass="1" fail="0" skip="0">basic_pub_sub_local_tcp</stat>
<stat pass="1" fail="0" skip="0">basic_pub_sub_local_udp</stat>
<stat pass="1" fail="0" skip="0">basic_pub_sub_network_tcp</stat>
<stat pass="1" fail="0" skip="0">basic_pub_sub_network_udp</stat>
<stat pass="1" fail="0" skip="0">crash_receive_local_shm</stat>
<stat pass="1" fail="0" skip="0">crash_receive_local_tcp</stat>
<stat pass="1" fail="0" skip="0">crash_receive_network_tcp</stat>
<stat pass="1" fail="0" skip="0">crash_receive_network_udp</stat>
<stat pass="1" fail="0" skip="0">multi_pub_sub_local_udp</stat>
<stat pass="1" fail="0" skip="0">multi_pub_sub_network_tcp</stat>
<stat pass="1" fail="0" skip="0">multi_pub_sub_network_udp</stat>
<stat pass="1" fail="0" skip="0">network_crash_test</stat>
<stat pass="1" fail="0" skip="0">pub_crash_local_shm</stat>
<stat pass="2" fail="0" skip="0">pub_crash_network_tcp</stat>
<stat pass="1" fail="0" skip="0">pub_crash_network_udp</stat>
<stat pass="1" fail="0" skip="0">rpc_n_to_n_test</stat>
<stat pass="2" fail="0" skip="0">rpc_reconnect</stat>
<stat pass="1" fail="0" skip="0">rpc_server_client_ping_test</stat>
<stat pass="1" fail="0" skip="0">sub_crash_local_shm</stat>
<stat pass="1" fail="0" skip="0">sub_crash_local_tcp</stat>
<stat pass="1" fail="0" skip="0">sub_crash_local_udp</stat>
<stat pass="1" fail="0" skip="0">sub_crash_network_udp</stat>
</tag>
<suite>
<stat name="Basic Pub Sub &amp; Multi Pub Sub &amp; Network Crash &amp; Pub Crash &amp; Rpc N To N Test &amp; Rpc Ping Test &amp; Rpc Reconnect Test &amp; Sub Crash &amp; Sub Send Crash" id="s1" pass="25" fail="0" skip="0">Basic Pub Sub &amp; Multi Pub Sub &amp; Network Crash &amp; Pub Crash &amp; Rpc N To N Test &amp; Rpc Ping Test &amp; Rpc Reconnect Test &amp; Sub Crash &amp; Sub Send Crash</stat>
<stat name="Basic Pub Sub" id="s1-s1" pass="5" fail="0" skip="0">Basic Pub Sub &amp; Multi Pub Sub &amp; Network Crash &amp; Pub Crash &amp; Rpc N To N Test &amp; Rpc Ping Test &amp; Rpc Reconnect Test &amp; Sub Crash &amp; Sub Send Crash.Basic Pub Sub</stat>
<stat name="Multi Pub Sub" id="s1-s2" pass="3" fail="0" skip="0">Basic Pub Sub &amp; Multi Pub Sub &amp; Network Crash &amp; Pub Crash &amp; Rpc N To N Test &amp; Rpc Ping Test &amp; Rpc Reconnect Test &amp; Sub Crash &amp; Sub Send Crash.Multi Pub Sub</stat>
<stat name="Network Crash" id="s1-s3" pass="1" fail="0" skip="0">Basic Pub Sub &amp; Multi Pub Sub &amp; Network Crash &amp; Pub Crash &amp; Rpc N To N Test &amp; Rpc Ping Test &amp; Rpc Reconnect Test &amp; Sub Crash &amp; Sub Send Crash.Network Crash</stat>
<stat name="Pub Crash" id="s1-s4" pass="3" fail="0" skip="0">Basic Pub Sub &amp; Multi Pub Sub &amp; Network Crash &amp; Pub Crash &amp; Rpc N To N Test &amp; Rpc Ping Test &amp; Rpc Reconnect Test &amp; Sub Crash &amp; Sub Send Crash.Pub Crash</stat>
<stat name="Rpc N To N Test" id="s1-s5" pass="1" fail="0" skip="0">Basic Pub Sub &amp; Multi Pub Sub &amp; Network Crash &amp; Pub Crash &amp; Rpc N To N Test &amp; Rpc Ping Test &amp; Rpc Reconnect Test &amp; Sub Crash &amp; Sub Send Crash.Rpc N To N Test</stat>
<stat name="Rpc Ping Test" id="s1-s6" pass="1" fail="0" skip="0">Basic Pub Sub &amp; Multi Pub Sub &amp; Network Crash &amp; Pub Crash &amp; Rpc N To N Test &amp; Rpc Ping Test &amp; Rpc Reconnect Test &amp; Sub Crash &amp; Sub Send Crash.Rpc Ping Test</stat>
<stat name="Rpc Reconnect Test" id="s1-s7" pass="2" fail="0" skip="0">Basic Pub Sub &amp; Multi Pub Sub &amp; Network Crash &amp; Pub Crash &amp; Rpc N To N Test &amp; Rpc Ping Test &amp; Rpc Reconnect Test &amp; Sub Crash &amp; Sub Send Crash.Rpc Reconnect Test</stat>
<stat name="Sub Crash" id="s1-s8" pass="5" fail="0" skip="0">Basic Pub Sub &amp; Multi Pub Sub &amp; Network Crash &amp; Pub Crash &amp; Rpc N To N Test &amp; Rpc Ping Test &amp; Rpc Reconnect Test &amp; Sub Crash &amp; Sub Send Crash.Sub Crash</stat>
<stat name="Sub Send Crash" id="s1-s9" pass="4" fail="0" skip="0">Basic Pub Sub &amp; Multi Pub Sub &amp; Network Crash &amp; Pub Crash &amp; Rpc N To N Test &amp; Rpc Ping Test &amp; Rpc Reconnect Test &amp; Sub Crash &amp; Sub Send Crash.Sub Send Crash</stat>
</suite>
</statistics>
<errors>
</errors>
</robot>
