<?xml version="1.0" encoding="UTF-8"?>
<robot generator="Robot 7.4.2 (Python 3.12.3 on linux)" generated="2026-05-12T09:08:42.441680" rpa="false" schemaversion="5">
<suite id="s1" name="Basic Pub Sub &amp; Multi Pub Sub &amp; Network Crash &amp; Pub Crash &amp; Rpc N To N Test &amp; Rpc Ping Test &amp; Rpc Reconnect Test &amp; Sub Crash &amp; Sub Send Crash">
<suite id="s1-s1" name="Basic Pub Sub" source="/home/runner/work/ecal-test-suite/ecal-test-suite/integration_tests/basic_pub_sub/robottests/basic_pub_sub.robot">
<kw name="Init Test Context" type="SETUP">
<kw name="Set Test Context" owner="GlobalPathsLibrary">
<arg>basic_pub_sub</arg>
<arg>basic_pub_sub</arg>
<doc>Sets the test folder and tag prefix if it's a valid test case.
The folder must exist under integration_tests/ and contain typical test structure.</doc>
<status status="PASS" start="2026-05-12T09:08:42.566710" elapsed="0.000229"/>
</kw>
<kw name="Get Build Script Path" owner="GlobalPathsLibrary">
<msg time="2026-05-12T09:08:42.567169" level="INFO">${build} = /home/runner/work/ecal-test-suite/ecal-test-suite/integration_tests/basic_pub_sub/scripts/build_images.sh</msg>
<var>${build}</var>
<status status="PASS" start="2026-05-12T09:08:42.567053" elapsed="0.000142"/>
</kw>
<kw name="Get Network Name" owner="GlobalPathsLibrary">
<msg time="2026-05-12T09:08:42.567435" level="INFO">${net} = ecal_test_net</msg>
<var>${net}</var>
<status status="PASS" start="2026-05-12T09:08:42.567269" elapsed="0.000188"/>
</kw>
<kw name="Get Build Script Args" owner="GlobalPathsLibrary">
<msg time="2026-05-12T09:08:42.567618" level="INFO">${args} = ['basic_pub_sub']</msg>
<var>${args}</var>
<status status="PASS" start="2026-05-12T09:08:42.567527" elapsed="0.000109"/>
</kw>
<kw name="Set Suite Variable" owner="BuiltIn">
<msg time="2026-05-12T09:08:42.568055" level="INFO">${BUILD_SCRIPT} = /home/runner/work/ecal-test-suite/ecal-test-suite/integration_tests/basic_pub_sub/scripts/build_images.sh</msg>
<arg>${BUILD_SCRIPT}</arg>
<arg>${build}</arg>
<doc>Makes a variable available everywhere within the scope of the current suite.</doc>
<status status="PASS" start="2026-05-12T09:08:42.567718" elapsed="0.000371"/>
</kw>
<kw name="Set Suite Variable" owner="BuiltIn">
<msg time="2026-05-12T09:08:42.568408" level="INFO">${NETWORK} = ecal_test_net</msg>
<arg>${NETWORK}</arg>
<arg>${net}</arg>
<doc>Makes a variable available everywhere within the scope of the current suite.</doc>
<status status="PASS" start="2026-05-12T09:08:42.568174" elapsed="0.000264"/>
</kw>
<kw name="Get Test Description" owner="GlobalPathsLibrary">
<msg time="2026-05-12T09:08:42.568662" level="INFO">${desc} = This test checks basic communication between a single publisher and a single subscriber.

Test Setup:
- The publisher sends 4 messages, each 0.2 MB in size, on a single topic.
- The subscriber listens...</msg>
<var>${desc}</var>
<doc>Reads the *** Comments *** section from the .robot file and returns it as a string.</doc>
<status status="PASS" start="2026-05-12T09:08:42.568511" elapsed="0.000171"/>
</kw>
<kw name="Log" owner="BuiltIn">
<msg time="2026-05-12T09:08:42.568978" level="INFO">This test checks basic communication between a single publisher and a single subscriber.

Test Setup:
- The publisher sends 4 messages, each 0.2 MB in size, on a single topic.
- The subscriber listens on that topic for 6 seconds and counts received messages.

Covered eCAL modes:
- local_shm
- local_udp
- local_tcp
- network_udp
- network_tcp

Goals:
- Ensure that basic 1:1 communication works reliably across all transport modes.
- Validate correct transmission of payloads (200 KB).

Success Criteria:
- The subscriber receives exactly 4 messages.
- If true, it exits with code 0.
- Otherwise, it exits with code 1.</msg>
<arg>${desc}</arg>
<doc>Logs the given message with the given level.</doc>
<status status="PASS" start="2026-05-12T09:08:42.568789" elapsed="0.000223"/>
</kw>
<kw name="Log To Console" owner="BuiltIn">
<arg>[SETUP] Building Docker image...</arg>
<doc>Logs the given message to the console.</doc>
<status status="PASS" start="2026-05-12T09:08:42.569084" elapsed="0.000171"/>
</kw>
<kw name="Run Process" owner="Process">
<msg time="2026-05-12T09:08:42.569603" level="INFO">Starting process:
/home/runner/work/ecal-test-suite/ecal-test-suite/integration_tests/basic_pub_sub/scripts/build_images.sh basic_pub_sub</msg>
<msg time="2026-05-12T09:08:42.569991" level="INFO">Waiting for process to complete.</msg>
<msg time="2026-05-12T09:08:56.591005" level="INFO">Process completed.</msg>
<msg time="2026-05-12T09:08:56.591170" level="INFO">${result} = &lt;result object with rc 0&gt;</msg>
<var>${result}</var>
<arg>${BUILD_SCRIPT}</arg>
<arg>@{args}</arg>
<doc>Runs a process and waits for it to complete.</doc>
<status status="PASS" start="2026-05-12T09:08:42.569355" elapsed="14.021839"/>
</kw>
<kw name="Should Be Equal As Integers" owner="BuiltIn">
<msg time="2026-05-12T09:08:56.592007" level="INFO">Argument types are:
&lt;class 'int'&gt;
&lt;class 'str'&gt;</msg>
<arg>${result.rc}</arg>
<arg>0</arg>
<arg>Failed to build Docker image!</arg>
<doc>Fails if objects are unequal after converting them to integers.</doc>
<status status="PASS" start="2026-05-12T09:08:56.591347" elapsed="0.000716"/>
</kw>
<kw name="Create Docker Network" owner="DockerLibrary">
<arg>${NETWORK}</arg>
<status status="PASS" start="2026-05-12T09:08:56.592149" elapsed="0.044213"/>
</kw>
<kw name="Sleep" owner="BuiltIn">
<msg time="2026-05-12T09:08:59.636996" level="INFO">Slept 3 seconds.</msg>
<arg>3s</arg>
<doc>Pauses the test executed for the given time.</doc>
<status status="PASS" start="2026-05-12T09:08:56.636518" elapsed="3.000596"/>
</kw>
<status status="PASS" start="2026-05-12T09:08:42.566266" elapsed="17.070947"/>
</kw>
<test id="s1-s1-t1" name="Basic Pub/Sub Local SHM" line="38">
<kw name="Run Local Pub Sub Test">
<kw name="Set Variable" owner="BuiltIn">
<msg time="2026-05-12T09:08:59.638438" level="INFO">${IMAGE} = basic_pub_sub_local_shm</msg>
<var>${IMAGE}</var>
<arg>${BASE_IMAGE}_${layer_tag}</arg>
<doc>Returns the given values which can then be assigned to a variables.</doc>
<status status="PASS" start="2026-05-12T09:08:59.638138" elapsed="0.000321"/>
</kw>
<kw name="Set Variable" owner="BuiltIn">
<msg time="2026-05-12T09:08:59.638763" level="INFO">${CONTAINER} = basic_local_local_shm</msg>
<var>${CONTAINER}</var>
<arg>basic_local_${layer_tag}</arg>
<doc>Returns the given values which can then be assigned to a variables.</doc>
<status status="PASS" start="2026-05-12T09:08:59.638537" elapsed="0.000249"/>
</kw>
<kw name="Log To Console" owner="BuiltIn">
<arg>\n[INFO] Running local pub/sub test in mode: ${layer_tag}</arg>
<doc>Logs the given message to the console.</doc>
<status status="PASS" start="2026-05-12T09:08:59.638862" elapsed="0.000226"/>
</kw>
<kw name="Start Container" owner="DockerLibrary">
<arg>${CONTAINER}</arg>
<arg>${IMAGE}</arg>
<arg>local</arg>
<arg>${layer_tag}</arg>
<arg>test_topic</arg>
<arg>${CONTAINER}</arg>
<status status="PASS" start="2026-05-12T09:08:59.639190" elapsed="0.116739"/>
</kw>
<kw name="Sleep" owner="BuiltIn">
<msg time="2026-05-12T09:09:08.756702" level="INFO">Slept 9 seconds.</msg>
<arg>9s</arg>
<doc>Pauses the test executed for the given time.</doc>
<status status="PASS" start="2026-05-12T09:08:59.756154" elapsed="9.000706"/>
</kw>
<kw name="Get Container Logs" owner="DockerLibrary">
<msg time="2026-05-12T09:09:08.760141" level="INFO">${logs} = [Entrypoint] Starting subscriber and publisher in mode local_shm
Shared memory monitoring is enabled (domain: ecal_mon - queue size: 1024)
1778576939758 ms | 20f6486edd15 | pub_test | 7 | info | Using...</msg>
<var>${logs}</var>
<arg>${CONTAINER}</arg>
<status status="PASS" start="2026-05-12T09:09:08.757042" elapsed="0.003125"/>
</kw>
<kw name="Log To Console" owner="BuiltIn">
<arg>\n[CONTAINER LOG: LOCAL PUB+SUB]\n${logs}</arg>
<doc>Logs the given message to the console.</doc>
<status status="PASS" start="2026-05-12T09:09:08.760257" elapsed="0.000291"/>
</kw>
<kw name="Log" owner="BuiltIn">
<msg time="2026-05-12T09:09:08.760969" level="INFO">
[CONTAINER LOG: LOCAL PUB+SUB]
[Entrypoint] Starting subscriber and publisher in mode local_shm
Shared memory monitoring is enabled (domain: ecal_mon - queue size: 1024)
1778576939758 ms | 20f6486edd15 | pub_test | 7 | info | Using built-in local time plugin.
[Publisher] Waiting for at least 1 subscriber(s) on topic: test_topic
[Publisher] Found 1 subscriber(s). Proceeding to send messages.
[Publisher] Send result: ✓, size: 209715 bytes
[Publisher] Send result: ✓, size: 209715 bytes
[Publisher] Send result: ✓, size: 209715 bytes
[Publisher] Send result: ✓, size: 209715 bytes
[Publisher] Finished sending.
Shared memory monitoring is enabled (domain: ecal_mon - queue size: 1024)
1778576940759 ms | 20f6486edd15 | sub_test | 13 | info | Using built-in local time plugin.


[Subscriber] Ready and waiting...

[Subscriber] Received 209715 bytes (message 1)
[Subscriber] Received 209715 bytes (message 2)
[Subscriber] Received 209715 bytes (message 3)
[Subscriber] Received 209715 bytes (message 4)
[Subscriber] Received 4 messages.
</msg>
<arg>\n[CONTAINER LOG: LOCAL PUB+SUB]\n${logs}</arg>
<doc>Logs the given message with the given level.</doc>
<status status="PASS" start="2026-05-12T09:09:08.760663" elapsed="0.000435"/>
</kw>
<kw name="Wait For Container Exit" owner="DockerLibrary">
<msg time="2026-05-12T09:09:08.762422" level="INFO">${exit_code} = 0</msg>
<var>${exit_code}</var>
<arg>${CONTAINER}</arg>
<status status="PASS" start="2026-05-12T09:09:08.761204" elapsed="0.001241"/>
</kw>
<kw name="Should Be Equal As Integers" owner="BuiltIn">
<msg time="2026-05-12T09:09:08.762777" level="INFO">Argument types are:
&lt;class 'int'&gt;
&lt;class 'str'&gt;</msg>
<arg>${exit_code}</arg>
<arg>0</arg>
<arg>Local communication test failed!</arg>
<doc>Fails if objects are unequal after converting them to integers.</doc>
<status status="PASS" start="2026-05-12T09:09:08.762529" elapsed="0.000298"/>
</kw>
<kw name="Log Test Summary" owner="DockerLibrary">
<arg>Basic Pub/Sub Local ${layer_tag}</arg>
<arg>${True}</arg>
<status status="PASS" start="2026-05-12T09:09:08.762906" elapsed="0.000139"/>
</kw>
<kw name="Stop Container" owner="DockerLibrary">
<arg>${CONTAINER}</arg>
<status status="PASS" start="2026-05-12T09:09:08.763152" elapsed="0.004957"/>
</kw>
<kw name="Sleep" owner="BuiltIn">
<msg time="2026-05-12T09:09:09.768563" level="INFO">Slept 1 second.</msg>
<arg>1s</arg>
<doc>Pauses the test executed for the given time.</doc>
<status status="PASS" start="2026-05-12T09:09:08.768197" elapsed="1.000505"/>
</kw>
<arg>local_shm</arg>
<status status="PASS" start="2026-05-12T09:08:59.637881" elapsed="10.130985"/>
</kw>
<tag>basic_pub_sub_local_shm</tag>
<status status="PASS" start="2026-05-12T09:08:59.637292" elapsed="10.131754"/>
</test>
<test id="s1-s1-t2" name="Basic Pub/Sub Local UDP" line="42">
<kw name="Run Local Pub Sub Test">
<kw name="Set Variable" owner="BuiltIn">
<msg time="2026-05-12T09:09:09.770900" level="INFO">${IMAGE} = basic_pub_sub_local_udp</msg>
<var>${IMAGE}</var>
<arg>${BASE_IMAGE}_${layer_tag}</arg>
<doc>Returns the given values which can then be assigned to a variables.</doc>
<status status="PASS" start="2026-05-12T09:09:09.770566" elapsed="0.000355"/>
</kw>
<kw name="Set Variable" owner="BuiltIn">
<msg time="2026-05-12T09:09:09.771197" level="INFO">${CONTAINER} = basic_local_local_udp</msg>
<var>${CONTAINER}</var>
<arg>basic_local_${layer_tag}</arg>
<doc>Returns the given values which can then be assigned to a variables.</doc>
<status status="PASS" start="2026-05-12T09:09:09.770999" elapsed="0.000216"/>
</kw>
<kw name="Log To Console" owner="BuiltIn">
<arg>\n[INFO] Running local pub/sub test in mode: ${layer_tag}</arg>
<doc>Logs the given message to the console.</doc>
<status status="PASS" start="2026-05-12T09:09:09.771287" elapsed="0.000220"/>
</kw>
<kw name="Start Container" owner="DockerLibrary">
<arg>${CONTAINER}</arg>
<arg>${IMAGE}</arg>
<arg>local</arg>
<arg>${layer_tag}</arg>
<arg>test_topic</arg>
<arg>${CONTAINER}</arg>
<status status="PASS" start="2026-05-12T09:09:09.771612" elapsed="0.119746"/>
</kw>
<kw name="Sleep" owner="BuiltIn">
<msg time="2026-05-12T09:09:18.892025" level="INFO">Slept 9 seconds.</msg>
<arg>9s</arg>
<doc>Pauses the test executed for the given time.</doc>
<status status="PASS" start="2026-05-12T09:09:09.891529" elapsed="9.000625"/>
</kw>
<kw name="Get Container Logs" owner="DockerLibrary">
<msg time="2026-05-12T09:09:18.895432" level="INFO">${logs} = [Entrypoint] Starting subscriber and publisher in mode local_udp
1778576949892 ms | aa72334a0d97 | pub_test | 7 | info | Using built-in local time plugin.
[Publisher] Waiting for at least 1 subscriber...</msg>
<var>${logs}</var>
<arg>${CONTAINER}</arg>
<status status="PASS" start="2026-05-12T09:09:18.892335" elapsed="0.003123"/>
</kw>
<kw name="Log To Console" owner="BuiltIn">
<arg>\n[CONTAINER LOG: LOCAL PUB+SUB]\n${logs}</arg>
<doc>Logs the given message to the console.</doc>
<status status="PASS" start="2026-05-12T09:09:18.895550" elapsed="0.000335"/>
</kw>
<kw name="Log" owner="BuiltIn">
<msg time="2026-05-12T09:09:18.896192" level="INFO">
[CONTAINER LOG: LOCAL PUB+SUB]
[Entrypoint] Starting subscriber and publisher in mode local_udp
1778576949892 ms | aa72334a0d97 | pub_test | 7 | info | Using built-in local time plugin.
[Publisher] Waiting for at least 1 subscriber(s) on topic: test_topic
[Publisher] Found 1 subscriber(s). Proceeding to send messages.
[Publisher] Send result: ✓, size: 209715 bytes
[Publisher] Send result: ✓, size: 209715 bytes
[Publisher] Send result: ✓, size: 209715 bytes
[Publisher] Send result: ✓, size: 209715 bytes
[Publisher] Finished sending.
1778576950893 ms | aa72334a0d97 | sub_test | 13 | info | Using built-in local time plugin.


[Subscriber] Ready and waiting...

[Subscriber] Received 209715 bytes (message 1)
[Subscriber] Received 209715 bytes (message 2)
[Subscriber] Received 209715 bytes (message 3)
[Subscriber] Received 209715 bytes (message 4)
[Subscriber] Received 4 messages.
</msg>
<arg>\n[CONTAINER LOG: LOCAL PUB+SUB]\n${logs}</arg>
<doc>Logs the given message with the given level.</doc>
<status status="PASS" start="2026-05-12T09:09:18.895994" elapsed="0.000238"/>
</kw>
<kw name="Wait For Container Exit" owner="DockerLibrary">
<msg time="2026-05-12T09:09:18.897320" level="INFO">${exit_code} = 0</msg>
<var>${exit_code}</var>
<arg>${CONTAINER}</arg>
<status status="PASS" start="2026-05-12T09:09:18.896307" elapsed="0.001036"/>
</kw>
<kw name="Should Be Equal As Integers" owner="BuiltIn">
<msg time="2026-05-12T09:09:18.897644" level="INFO">Argument types are:
&lt;class 'int'&gt;
&lt;class 'str'&gt;</msg>
<arg>${exit_code}</arg>
<arg>0</arg>
<arg>Local communication test failed!</arg>
<doc>Fails if objects are unequal after converting them to integers.</doc>
<status status="PASS" start="2026-05-12T09:09:18.897425" elapsed="0.000265"/>
</kw>
<kw name="Log Test Summary" owner="DockerLibrary">
<arg>Basic Pub/Sub Local ${layer_tag}</arg>
<arg>${True}</arg>
<status status="PASS" start="2026-05-12T09:09:18.897803" elapsed="0.000150"/>
</kw>
<kw name="Stop Container" owner="DockerLibrary">
<arg>${CONTAINER}</arg>
<status status="PASS" start="2026-05-12T09:09:18.898043" elapsed="0.004831"/>
</kw>
<kw name="Sleep" owner="BuiltIn">
<msg time="2026-05-12T09:09:19.903333" level="INFO">Slept 1 second.</msg>
<arg>1s</arg>
<doc>Pauses the test executed for the given time.</doc>
<status status="PASS" start="2026-05-12T09:09:18.902963" elapsed="1.000512"/>
</kw>
<arg>local_udp</arg>
<status status="PASS" start="2026-05-12T09:09:09.770321" elapsed="10.133258"/>
</kw>
<tag>basic_pub_sub_local_udp</tag>
<status status="PASS" start="2026-05-12T09:09:09.769863" elapsed="10.133870"/>
</test>
<test id="s1-s1-t3" name="Basic Pub/Sub Local TCP" line="46">
<kw name="Run Local Pub Sub Test">
<kw name="Set Variable" owner="BuiltIn">
<msg time="2026-05-12T09:09:19.905449" level="INFO">${IMAGE} = basic_pub_sub_local_tcp</msg>
<var>${IMAGE}</var>
<arg>${BASE_IMAGE}_${layer_tag}</arg>
<doc>Returns the given values which can then be assigned to a variables.</doc>
<status status="PASS" start="2026-05-12T09:09:19.905157" elapsed="0.000312"/>
</kw>
<kw name="Set Variable" owner="BuiltIn">
<msg time="2026-05-12T09:09:19.905838" level="INFO">${CONTAINER} = basic_local_local_tcp</msg>
<var>${CONTAINER}</var>
<arg>basic_local_${layer_tag}</arg>
<doc>Returns the given values which can then be assigned to a variables.</doc>
<status status="PASS" start="2026-05-12T09:09:19.905602" elapsed="0.000256"/>
</kw>
<kw name="Log To Console" owner="BuiltIn">
<arg>\n[INFO] Running local pub/sub test in mode: ${layer_tag}</arg>
<doc>Logs the given message to the console.</doc>
<status status="PASS" start="2026-05-12T09:09:19.905934" elapsed="0.000214"/>
</kw>
<kw name="Start Container" owner="DockerLibrary">
<arg>${CONTAINER}</arg>
<arg>${IMAGE}</arg>
<arg>local</arg>
<arg>${layer_tag}</arg>
<arg>test_topic</arg>
<arg>${CONTAINER}</arg>
<status status="PASS" start="2026-05-12T09:09:19.906252" elapsed="0.116182"/>
</kw>
<kw name="Sleep" owner="BuiltIn">
<msg time="2026-05-12T09:09:29.023245" level="INFO">Slept 9 seconds.</msg>
<arg>9s</arg>
<doc>Pauses the test executed for the given time.</doc>
<status status="PASS" start="2026-05-12T09:09:20.022661" elapsed="9.000709"/>
</kw>
<kw name="Get Container Logs" owner="DockerLibrary">
<msg time="2026-05-12T09:09:29.026664" level="INFO">${logs} = [Entrypoint] Starting subscriber and publisher in mode local_tcp
1778576960025 ms | b511ea24b401 | pub_test | 7 | info | Using built-in local time plugin.
[Publisher] Waiting for at least 1 subscriber...</msg>
<var>${logs}</var>
<arg>${CONTAINER}</arg>
<status status="PASS" start="2026-05-12T09:09:29.023558" elapsed="0.003132"/>
</kw>
<kw name="Log To Console" owner="BuiltIn">
<arg>\n[CONTAINER LOG: LOCAL PUB+SUB]\n${logs}</arg>
<doc>Logs the given message to the console.</doc>
<status status="PASS" start="2026-05-12T09:09:29.026816" elapsed="0.000301"/>
</kw>
<kw name="Log" owner="BuiltIn">
<msg time="2026-05-12T09:09:29.027523" level="INFO">
[CONTAINER LOG: LOCAL PUB+SUB]
[Entrypoint] Starting subscriber and publisher in mode local_tcp
1778576960025 ms | b511ea24b401 | pub_test | 7 | info | Using built-in local time plugin.
[Publisher] Waiting for at least 1 subscriber(s) on topic: test_topic
1778576962026 ms | b511ea24b401 | pub_test | 7 | info | CTCPReaderLayer - TCPPubSub (Info) -Publisher :::0: Created publisher and waiting for clients.
1778576962026 ms | b511ea24b401 | pub_test | 7 | info | CTCPReaderLayer - TCPPubSub (Info) -Publisher :::35123: Subscriber ::ffff:172.17.0.3:38090 has connected.
[Publisher] Found 1 subscriber(s). Proceeding to send messages.
[Publisher] Send result: ✓, size: 209715 bytes
[Publisher] Send result: ✓, size: 209715 bytes
[Publisher] Send result: ✓, size: 209715 bytes
[Publisher] Send result: ✓, size: 209715 bytes
[Publisher] Finished sending.
1778576965528 ms | b511ea24b401 | pub_test | 7 | error | CTCPReaderLayer - TCPPubSub (Error) -Publisher ?: Error while waiting for subsriber: Operation aborted.
1778576961025 ms | b511ea24b401 | sub_test | 13 | info | Using built-in local time plugin.


[Subscriber] Ready and waiting...

[Subscriber] Received 209715 bytes (message 1)
[Subscriber] Received 209715 bytes (message 2)
[Subscriber] Received 209715 bytes (message 3)
[Subscriber] Received 209715 bytes (message 4)
1778576965528 ms | b511ea24b401 | sub_test | 13 | error | CTCPReaderLayer - TCPPubSub (Error) -SubscriberSession 172.17.0.3:38090-&gt;b511ea24b401:35123: Error reading header length: End of file
1778576965529 ms | b511ea24b401 | sub_test | 13 | warning | CTCPReaderLayer - TCPPubSub (Warning) -SubscriberSession 172.17.0.3:38096: Failed connecting to publisher b511ea24b401:35123: Connection refused
1778576965529 ms | b511ea24b401 | sub_test | 13 | warning | CTCPReaderLayer - TCPPubSub (Warning) -SubscriberSession 172.17.0.3:38112: Failed connecting to publisher b511ea24b401:35123: Connection refused
1778576965529 ms | b511ea24b401 | sub_test | 13 | warning | CTCPReaderLayer - TCPPubSub (Warning) -SubscriberSession 172.17.0.3:38128: Failed connecting to publisher b511ea24b401:35123: Connection refused
1778576965530 ms | b511ea24b401 | sub_test | 13 | warning | CTCPReaderLayer - TCPPubSub (Warning) -SubscriberSession 172.17.0.3:38138: Failed connecting to publisher b511ea24b401:35123: Connection refused
1778576965530 ms | b511ea24b401 | sub_test | 13 | warning | CTCPReaderLayer - TCPPubSub (Warning) -SubscriberSession 172.17.0.3:38140: Failed connecting to publisher b511ea24b401:35123: Connection refused
[Subscriber] Received 4 messages.
</msg>
<arg>\n[CONTAINER LOG: LOCAL PUB+SUB]\n${logs}</arg>
<doc>Logs the given message with the given level.</doc>
<status status="PASS" start="2026-05-12T09:09:29.027239" elapsed="0.000367"/>
</kw>
<kw name="Wait For Container Exit" owner="DockerLibrary">
<msg time="2026-05-12T09:09:29.028998" level="INFO">${exit_code} = 0</msg>
<var>${exit_code}</var>
<arg>${CONTAINER}</arg>
<status status="PASS" start="2026-05-12T09:09:29.027710" elapsed="0.001312"/>
</kw>
<kw name="Should Be Equal As Integers" owner="BuiltIn">
<msg time="2026-05-12T09:09:29.029335" level="INFO">Argument types are:
&lt;class 'int'&gt;
&lt;class 'str'&gt;</msg>
<arg>${exit_code}</arg>
<arg>0</arg>
<arg>Local communication test failed!</arg>
<doc>Fails if objects are unequal after converting them to integers.</doc>
<status status="PASS" start="2026-05-12T09:09:29.029108" elapsed="0.000275"/>
</kw>
<kw name="Log Test Summary" owner="DockerLibrary">
<arg>Basic Pub/Sub Local ${layer_tag}</arg>
<arg>${True}</arg>
<status status="PASS" start="2026-05-12T09:09:29.029462" elapsed="0.000148"/>
</kw>
<kw name="Stop Container" owner="DockerLibrary">
<arg>${CONTAINER}</arg>
<status status="PASS" start="2026-05-12T09:09:29.029697" elapsed="0.005516"/>
</kw>
<kw name="Sleep" owner="BuiltIn">
<msg time="2026-05-12T09:09:30.035657" level="INFO">Slept 1 second.</msg>
<arg>1s</arg>
<doc>Pauses the test executed for the given time.</doc>
<status status="PASS" start="2026-05-12T09:09:29.035299" elapsed="1.000530"/>
</kw>
<arg>local_tcp</arg>
<status status="PASS" start="2026-05-12T09:09:19.904914" elapsed="10.131014"/>
</kw>
<tag>basic_pub_sub_local_tcp</tag>
<status status="PASS" start="2026-05-12T09:09:19.904448" elapsed="10.131622"/>
</test>
<test id="s1-s1-t4" name="Basic Pub/Sub Network UDP" line="50">
<kw name="Run Network Pub Sub Test">
<kw name="Set Variable" owner="BuiltIn">
<msg time="2026-05-12T09:09:30.037879" level="INFO">${IMAGE} = basic_pub_sub_network_udp</msg>
<var>${IMAGE}</var>
<arg>${BASE_IMAGE}_${layer_tag}</arg>
<doc>Returns the given values which can then be assigned to a variables.</doc>
<status status="PASS" start="2026-05-12T09:09:30.037554" elapsed="0.000346"/>
</kw>
<kw name="Set Variable" owner="BuiltIn">
<msg time="2026-05-12T09:09:30.038185" level="INFO">${TOPIC} = topic_network_udp</msg>
<var>${TOPIC}</var>
<arg>topic_${layer_tag}</arg>
<doc>Returns the given values which can then be assigned to a variables.</doc>
<status status="PASS" start="2026-05-12T09:09:30.037977" elapsed="0.000232"/>
</kw>
<kw name="Set Variable" owner="BuiltIn">
<msg time="2026-05-12T09:09:30.038470" level="INFO">${SUB_NAME} = sub_network_udp</msg>
<var>${SUB_NAME}</var>
<arg>sub_${layer_tag}</arg>
<doc>Returns the given values which can then be assigned to a variables.</doc>
<status status="PASS" start="2026-05-12T09:09:30.038281" elapsed="0.000206"/>
</kw>
<kw name="Set Variable" owner="BuiltIn">
<msg time="2026-05-12T09:09:30.038760" level="INFO">${PUB_NAME} = pub_network_udp</msg>
<var>${PUB_NAME}</var>
<arg>pub_${layer_tag}</arg>
<doc>Returns the given values which can then be assigned to a variables.</doc>
<status status="PASS" start="2026-05-12T09:09:30.038554" elapsed="0.000231"/>
</kw>
<kw name="Log To Console" owner="BuiltIn">
<arg>\n[INFO] Running network pub/sub test in mode: ${layer_tag}</arg>
<doc>Logs the given message to the console.</doc>
<status status="PASS" start="2026-05-12T09:09:30.038858" elapsed="0.000219"/>
</kw>
<kw name="Start Container" owner="DockerLibrary">
<arg>${SUB_NAME}</arg>
<arg>${IMAGE}</arg>
<arg>subscriber</arg>
<arg>${layer_tag}</arg>
<arg>${TOPIC}</arg>
<arg>${SUB_NAME}</arg>
<arg>network=${NETWORK}</arg>
<status status="PASS" start="2026-05-12T09:09:30.039173" elapsed="0.138621"/>
</kw>
<kw name="Start Container" owner="DockerLibrary">
<arg>${PUB_NAME}</arg>
<arg>${IMAGE}</arg>
<arg>publisher</arg>
<arg>${layer_tag}</arg>
<arg>${TOPIC}</arg>
<arg>${PUB_NAME}</arg>
<arg>network=${NETWORK}</arg>
<status status="PASS" start="2026-05-12T09:09:30.178012" elapsed="0.119656"/>
</kw>
<kw name="Sleep" owner="BuiltIn">
<msg time="2026-05-12T09:09:39.298333" level="INFO">Slept 9 seconds.</msg>
<arg>9s</arg>
<doc>Pauses the test executed for the given time.</doc>
<status status="PASS" start="2026-05-12T09:09:30.297870" elapsed="9.000595"/>
</kw>
<kw name="Get Container Logs" owner="DockerLibrary">
<msg time="2026-05-12T09:09:39.301516" level="INFO">${log_sub} = [Entrypoint] Starting subscriber in mode network_udp
1778576970177 ms | 07f49764c99b | sub_network_udp | 7 | info | Using built-in local time plugin.


[Subscriber] Ready and waiting...

[Subscriber] ...</msg>
<var>${log_sub}</var>
<arg>${SUB_NAME}</arg>
<status status="PASS" start="2026-05-12T09:09:39.298646" elapsed="0.002896"/>
</kw>
<kw name="Get Container Logs" owner="DockerLibrary">
<msg time="2026-05-12T09:09:39.303609" level="INFO">${log_pub} = [Entrypoint] Starting publisher in mode network_udp
1778576970299 ms | 928a6740530e | pub_network_udp | 7 | info | Using built-in local time plugin.
[Publisher] Waiting for at least 1 subscriber(s) on...</msg>
<var>${log_pub}</var>
<arg>${PUB_NAME}</arg>
<status status="PASS" start="2026-05-12T09:09:39.301629" elapsed="0.002004"/>
</kw>
<kw name="Log To Console" owner="BuiltIn">
<arg>\n[CONTAINER LOG: PUBLISHER]\n${log_pub}</arg>
<doc>Logs the given message to the console.</doc>
<status status="PASS" start="2026-05-12T09:09:39.303717" elapsed="0.000320"/>
</kw>
<kw name="Log" owner="BuiltIn">
<msg time="2026-05-12T09:09:39.304337" level="INFO">
[CONTAINER LOG: PUBLISHER]
[Entrypoint] Starting publisher in mode network_udp
1778576970299 ms | 928a6740530e | pub_network_udp | 7 | info | Using built-in local time plugin.
[Publisher] Waiting for at least 1 subscriber(s) on topic: topic_network_udp
[Publisher] Found 1 subscriber(s). Proceeding to send messages.
[Publisher] Send result: ✓, size: 209715 bytes
[Publisher] Send result: ✓, size: 209715 bytes
[Publisher] Send result: ✓, size: 209715 bytes
[Publisher] Send result: ✓, size: 209715 bytes
[Publisher] Finished sending.
</msg>
<arg>\n[CONTAINER LOG: PUBLISHER]\n${log_pub}</arg>
<doc>Logs the given message with the given level.</doc>
<status status="PASS" start="2026-05-12T09:09:39.304141" elapsed="0.000236"/>
</kw>
<kw name="Log To Console" owner="BuiltIn">
<arg>\n[CONTAINER LOG: SUBSCRIBER]\n${log_sub}</arg>
<doc>Logs the given message to the console.</doc>
<status status="PASS" start="2026-05-12T09:09:39.304451" elapsed="0.000221"/>
</kw>
<kw name="Log" owner="BuiltIn">
<msg time="2026-05-12T09:09:39.304996" level="INFO">
[CONTAINER LOG: SUBSCRIBER]
[Entrypoint] Starting subscriber in mode network_udp
1778576970177 ms | 07f49764c99b | sub_network_udp | 7 | info | Using built-in local time plugin.


[Subscriber] Ready and waiting...

[Subscriber] Received 209715 bytes (message 1)
[Subscriber] Received 209715 bytes (message 2)
[Subscriber] Received 209715 bytes (message 3)
[Subscriber] Received 209715 bytes (message 4)
[Subscriber] Received 4 messages.
</msg>
<arg>\n[CONTAINER LOG: SUBSCRIBER]\n${log_sub}</arg>
<doc>Logs the given message with the given level.</doc>
<status status="PASS" start="2026-05-12T09:09:39.304806" elapsed="0.000223"/>
</kw>
<kw name="Wait For Container Exit" owner="DockerLibrary">
<msg time="2026-05-12T09:09:39.306108" level="INFO">${exit_code} = 0</msg>
<var>${exit_code}</var>
<arg>${SUB_NAME}</arg>
<status status="PASS" start="2026-05-12T09:09:39.305101" elapsed="0.001029"/>
</kw>
<kw name="Should Be Equal As Integers" owner="BuiltIn">
<msg time="2026-05-12T09:09:39.306444" level="INFO">Argument types are:
&lt;class 'int'&gt;
&lt;class 'str'&gt;</msg>
<arg>${exit_code}</arg>
<arg>0</arg>
<arg>Subscriber failed in ${layer_tag}!</arg>
<doc>Fails if objects are unequal after converting them to integers.</doc>
<status status="PASS" start="2026-05-12T09:09:39.306208" elapsed="0.000281"/>
</kw>
<kw name="Log Test Summary" owner="DockerLibrary">
<arg>Basic Pub/Sub Network ${layer_tag}</arg>
<arg>${True}</arg>
<status status="PASS" start="2026-05-12T09:09:39.306563" elapsed="0.000145"/>
</kw>
<kw name="Stop Container" owner="DockerLibrary">
<arg>${SUB_NAME}</arg>
<status status="PASS" start="2026-05-12T09:09:39.306818" elapsed="0.004850"/>
</kw>
<kw name="Stop Container" owner="DockerLibrary">
<arg>${PUB_NAME}</arg>
<status status="PASS" start="2026-05-12T09:09:39.311777" elapsed="0.005916"/>
</kw>
<kw name="Sleep" owner="BuiltIn">
<msg time="2026-05-12T09:09:40.318175" level="INFO">Slept 1 second.</msg>
<arg>1s</arg>
<doc>Pauses the test executed for the given time.</doc>
<status status="PASS" start="2026-05-12T09:09:39.317809" elapsed="1.000502"/>
</kw>
<arg>network_udp</arg>
<arg>network</arg>
<status status="PASS" start="2026-05-12T09:09:30.037299" elapsed="10.281117"/>
</kw>
<tag>basic_pub_sub_network_udp</tag>
<status status="PASS" start="2026-05-12T09:09:30.036846" elapsed="10.281742"/>
</test>
<test id="s1-s1-t5" name="Basic Pub/Sub Network TCP" line="54">
<kw name="Run Network Pub Sub Test">
<kw name="Set Variable" owner="BuiltIn">
<msg time="2026-05-12T09:09:40.320729" level="INFO">${IMAGE} = basic_pub_sub_network_tcp</msg>
<var>${IMAGE}</var>
<arg>${BASE_IMAGE}_${layer_tag}</arg>
<doc>Returns the given values which can then be assigned to a variables.</doc>
<status status="PASS" start="2026-05-12T09:09:40.320445" elapsed="0.000333"/>
</kw>
<kw name="Set Variable" owner="BuiltIn">
<msg time="2026-05-12T09:09:40.321063" level="INFO">${TOPIC} = topic_network_tcp</msg>
<var>${TOPIC}</var>
<arg>topic_${layer_tag}</arg>
<doc>Returns the given values which can then be assigned to a variables.</doc>
<status status="PASS" start="2026-05-12T09:09:40.320859" elapsed="0.000223"/>
</kw>
<kw name="Set Variable" owner="BuiltIn">
<msg time="2026-05-12T09:09:40.321339" level="INFO">${SUB_NAME} = sub_network_tcp</msg>
<var>${SUB_NAME}</var>
<arg>sub_${layer_tag}</arg>
<doc>Returns the given values which can then be assigned to a variables.</doc>
<status status="PASS" start="2026-05-12T09:09:40.321153" elapsed="0.000204"/>
</kw>
<kw name="Set Variable" owner="BuiltIn">
<msg time="2026-05-12T09:09:40.321611" level="INFO">${PUB_NAME} = pub_network_tcp</msg>
<var>${PUB_NAME}</var>
<arg>pub_${layer_tag}</arg>
<doc>Returns the given values which can then be assigned to a variables.</doc>
<status status="PASS" start="2026-05-12T09:09:40.321425" elapsed="0.000203"/>
</kw>
<kw name="Log To Console" owner="BuiltIn">
<arg>\n[INFO] Running network pub/sub test in mode: ${layer_tag}</arg>
<doc>Logs the given message to the console.</doc>
<status status="PASS" start="2026-05-12T09:09:40.321696" elapsed="0.000246"/>
</kw>
<kw name="Start Container" owner="DockerLibrary">
<arg>${SUB_NAME}</arg>
<arg>${IMAGE}</arg>
<arg>subscriber</arg>
<arg>${layer_tag}</arg>
<arg>${TOPIC}</arg>
<arg>${SUB_NAME}</arg>
<arg>network=${NETWORK}</arg>
<status status="PASS" start="2026-05-12T09:09:40.322038" elapsed="0.126113"/>
</kw>
<kw name="Start Container" owner="DockerLibrary">
<arg>${PUB_NAME}</arg>
<arg>${IMAGE}</arg>
<arg>publisher</arg>
<arg>${layer_tag}</arg>
<arg>${TOPIC}</arg>
<arg>${PUB_NAME}</arg>
<arg>network=${NETWORK}</arg>
<status status="PASS" start="2026-05-12T09:09:40.448323" elapsed="0.128491"/>
</kw>
<kw name="Sleep" owner="BuiltIn">
<msg time="2026-05-12T09:09:49.577540" level="INFO">Slept 9 seconds.</msg>
<arg>9s</arg>
<doc>Pauses the test executed for the given time.</doc>
<status status="PASS" start="2026-05-12T09:09:40.577037" elapsed="9.000616"/>
</kw>
<kw name="Get Container Logs" owner="DockerLibrary">
<msg time="2026-05-12T09:09:49.580991" level="INFO">${log_sub} = [Entrypoint] Starting subscriber in mode network_tcp
1778576980450 ms | 7d3e582bb549 | sub_network_tcp | 7 | info | Using built-in local time plugin.


[Subscriber] Ready and waiting...

[Subscriber] ...</msg>
<var>${log_sub}</var>
<arg>${SUB_NAME}</arg>
<status status="PASS" start="2026-05-12T09:09:49.577863" elapsed="0.003154"/>
</kw>
<kw name="Get Container Logs" owner="DockerLibrary">
<msg time="2026-05-12T09:09:49.583263" level="INFO">${log_pub} = [Entrypoint] Starting publisher in mode network_tcp
1778576980579 ms | 66014ab4171b | pub_network_tcp | 7 | info | Using built-in local time plugin.
[Publisher] Waiting for at least 1 subscriber(s) on...</msg>
<var>${log_pub}</var>
<arg>${PUB_NAME}</arg>
<status status="PASS" start="2026-05-12T09:09:49.581156" elapsed="0.002132"/>
</kw>
<kw name="Log To Console" owner="BuiltIn">
<arg>\n[CONTAINER LOG: PUBLISHER]\n${log_pub}</arg>
<doc>Logs the given message to the console.</doc>
<status status="PASS" start="2026-05-12T09:09:49.583374" elapsed="0.000280"/>
</kw>
<kw name="Log" owner="BuiltIn">
<msg time="2026-05-12T09:09:49.584007" level="INFO">
[CONTAINER LOG: PUBLISHER]
[Entrypoint] Starting publisher in mode network_tcp
1778576980579 ms | 66014ab4171b | pub_network_tcp | 7 | info | Using built-in local time plugin.
[Publisher] Waiting for at least 1 subscriber(s) on topic: topic_network_tcp
1778576981451 ms | 66014ab4171b | pub_network_tcp | 7 | info | CTCPReaderLayer - TCPPubSub (Info) -Publisher :::0: Created publisher and waiting for clients.
1778576981453 ms | 66014ab4171b | pub_network_tcp | 7 | info | CTCPReaderLayer - TCPPubSub (Info) -Publisher :::42641: Subscriber ::ffff:172.18.0.2:52544 has connected.
[Publisher] Found 1 subscriber(s). Proceeding to send messages.
[Publisher] Send result: ✓, size: 209715 bytes
[Publisher] Send result: ✓, size: 209715 bytes
[Publisher] Send result: ✓, size: 209715 bytes
[Publisher] Send result: ✓, size: 209715 bytes
[Publisher] Finished sending.
1778576984982 ms | 66014ab4171b | pub_network_tcp | 7 | error | CTCPReaderLayer - TCPPubSub (Error) -Publisher ?: Error while waiting for subsriber: Operation aborted.
</msg>
<arg>\n[CONTAINER LOG: PUBLISHER]\n${log_pub}</arg>
<doc>Logs the given message with the given level.</doc>
<status status="PASS" start="2026-05-12T09:09:49.583794" elapsed="0.000254"/>
</kw>
<kw name="Log To Console" owner="BuiltIn">
<arg>\n[CONTAINER LOG: SUBSCRIBER]\n${log_sub}</arg>
<doc>Logs the given message to the console.</doc>
<status status="PASS" start="2026-05-12T09:09:49.584124" elapsed="0.000202"/>
</kw>
<kw name="Log" owner="BuiltIn">
<msg time="2026-05-12T09:09:49.584615" level="INFO">
[CONTAINER LOG: SUBSCRIBER]
[Entrypoint] Starting subscriber in mode network_tcp
1778576980450 ms | 7d3e582bb549 | sub_network_tcp | 7 | info | Using built-in local time plugin.


[Subscriber] Ready and waiting...

[Subscriber] Received 209715 bytes (message 1)
[Subscriber] Received 209715 bytes (message 2)
[Subscriber] Received 209715 bytes (message 3)
[Subscriber] Received 209715 bytes (message 4)
1778576984982 ms | 7d3e582bb549 | sub_network_tcp | 7 | error | CTCPReaderLayer - TCPPubSub (Error) -SubscriberSession 172.18.0.2:52544-&gt;66014ab4171b:42641: Error reading header length: End of file
1778576984983 ms | 7d3e582bb549 | sub_network_tcp | 7 | warning | CTCPReaderLayer - TCPPubSub (Warning) -SubscriberSession 172.18.0.2:52554: Failed connecting to publisher 66014ab4171b:42641: Connection refused
1778576984983 ms | 7d3e582bb549 | sub_network_tcp | 7 | warning | CTCPReaderLayer - TCPPubSub (Warning) -SubscriberSession 172.18.0.2:52560: Failed connecting to publisher 66014ab4171b:42641: Connection refused
1778576984984 ms | 7d3e582bb549 | sub_network_tcp | 7 | warning | CTCPReaderLayer - TCPPubSub (Warning) -SubscriberSession 172.18.0.2:52570: Failed connecting to publisher 66014ab4171b:42641: Connection refused
1778576984984 ms | 7d3e582bb549 | sub_network_tcp | 7 | warning | CTCPReaderLayer - TCPPubSub (Warning) -SubscriberSession 172.18.0.2:52582: Failed connecting to publisher 66014ab4171b:42641: Connection refused
1778576984985 ms | 7d3e582bb549 | sub_network_tcp | 7 | warning | CTCPReaderLayer - TCPPubSub (Warning) -SubscriberSession 172.18.0.2:52594: Failed connecting to publisher 66014ab4171b:42641: Connection refused
[Subscriber] Received 4 messages.
</msg>
<arg>\n[CONTAINER LOG: SUBSCRIBER]\n${log_sub}</arg>
<doc>Logs the given message with the given level.</doc>
<status status="PASS" start="2026-05-12T09:09:49.584428" elapsed="0.000225"/>
</kw>
<kw name="Wait For Container Exit" owner="DockerLibrary">
<msg time="2026-05-12T09:09:49.585825" level="INFO">${exit_code} = 0</msg>
<var>${exit_code}</var>
<arg>${SUB_NAME}</arg>
<status status="PASS" start="2026-05-12T09:09:49.584724" elapsed="0.001123"/>
</kw>
<kw name="Should Be Equal As Integers" owner="BuiltIn">
<msg time="2026-05-12T09:09:49.586170" level="INFO">Argument types are:
&lt;class 'int'&gt;
&lt;class 'str'&gt;</msg>
<arg>${exit_code}</arg>
<arg>0</arg>
<arg>Subscriber failed in ${layer_tag}!</arg>
<doc>Fails if objects are unequal after converting them to integers.</doc>
<status status="PASS" start="2026-05-12T09:09:49.585930" elapsed="0.000286"/>
</kw>
<kw name="Log Test Summary" owner="DockerLibrary">
<arg>Basic Pub/Sub Network ${layer_tag}</arg>
<arg>${True}</arg>
<status status="PASS" start="2026-05-12T09:09:49.586292" elapsed="0.000133"/>
</kw>
<kw name="Stop Container" owner="DockerLibrary">
<arg>${SUB_NAME}</arg>
<status status="PASS" start="2026-05-12T09:09:49.586516" elapsed="0.005165"/>
</kw>
<kw name="Stop Container" owner="DockerLibrary">
<arg>${PUB_NAME}</arg>
<status status="PASS" start="2026-05-12T09:09:49.591793" elapsed="0.004776"/>
</kw>
<kw name="Sleep" owner="BuiltIn">
<msg time="2026-05-12T09:09:50.597050" level="INFO">Slept 1 second.</msg>
<arg>1s</arg>
<doc>Pauses the test executed for the given time.</doc>
<status status="PASS" start="2026-05-12T09:09:49.596656" elapsed="1.000509"/>
</kw>
<arg>network_tcp</arg>
<arg>network</arg>
<status status="PASS" start="2026-05-12T09:09:40.320198" elapsed="10.277062"/>
</kw>
<tag>basic_pub_sub_network_tcp</tag>
<status status="PASS" start="2026-05-12T09:09:40.319689" elapsed="10.277703"/>
</test>
<status status="PASS" start="2026-05-12T09:08:42.467931" elapsed="68.130539"/>
</suite>
<suite id="s1-s2" name="Multi Pub Sub" source="/home/runner/work/ecal-test-suite/ecal-test-suite/integration_tests/multi_pub_sub/robottests/multi_pub_sub.robot">
<kw name="Init Test Context" type="SETUP">
<kw name="Set Test Context" owner="GlobalPathsLibrary">
<arg>multi_pub_sub</arg>
<arg>multi_pub_sub</arg>
<doc>Sets the test folder and tag prefix if it's a valid test case.
The folder must exist under integration_tests/ and contain typical test structure.</doc>
<status status="PASS" start="2026-05-12T09:09:50.601882" elapsed="0.000141"/>
</kw>
<kw name="Get Build Script Path" owner="GlobalPathsLibrary">
<msg time="2026-05-12T09:09:50.602193" level="INFO">${build} = /home/runner/work/ecal-test-suite/ecal-test-suite/integration_tests/multi_pub_sub/scripts/build_images.sh</msg>
<var>${build}</var>
<status status="PASS" start="2026-05-12T09:09:50.602102" elapsed="0.000110"/>
</kw>
<kw name="Get Network Name" owner="GlobalPathsLibrary">
<msg time="2026-05-12T09:09:50.602352" level="INFO">${net} = ecal_test_net</msg>
<var>${net}</var>
<status status="PASS" start="2026-05-12T09:09:50.602276" elapsed="0.000093"/>
</kw>
<kw name="Get Build Script Args" owner="GlobalPathsLibrary">
<msg time="2026-05-12T09:09:50.602505" level="INFO">${args} = ['multi_pub_sub']</msg>
<var>${args}</var>
<status status="PASS" start="2026-05-12T09:09:50.602429" elapsed="0.000093"/>
</kw>
<kw name="Set Suite Variable" owner="BuiltIn">
<msg time="2026-05-12T09:09:50.602872" level="INFO">${BUILD_SCRIPT} = /home/runner/work/ecal-test-suite/ecal-test-suite/integration_tests/multi_pub_sub/scripts/build_images.sh</msg>
<arg>${BUILD_SCRIPT}</arg>
<arg>${build}</arg>
<doc>Makes a variable available everywhere within the scope of the current suite.</doc>
<status status="PASS" start="2026-05-12T09:09:50.602596" elapsed="0.000308"/>
</kw>
<kw name="Set Suite Variable" owner="BuiltIn">
<msg time="2026-05-12T09:09:50.603194" level="INFO">${NETWORK} = ecal_test_net</msg>
<arg>${NETWORK}</arg>
<arg>${net}</arg>
<doc>Makes a variable available everywhere within the scope of the current suite.</doc>
<status status="PASS" start="2026-05-12T09:09:50.602983" elapsed="0.000239"/>
</kw>
<kw name="Get Test Description" owner="GlobalPathsLibrary">
<msg time="2026-05-12T09:09:50.603490" level="INFO">${desc} = This test validates eCAL communication in a scenario involving multiple publishers and subscribers.

Test Setup:
- Two publishers run in parallel and publish messages on the **same topic**.
• Publishe...</msg>
<var>${desc}</var>
<doc>Reads the *** Comments *** section from the .robot file and returns it as a string.</doc>
<status status="PASS" start="2026-05-12T09:09:50.603329" elapsed="0.000183"/>
</kw>
<kw name="Log" owner="BuiltIn">
<msg time="2026-05-12T09:09:50.603794" level="INFO">This test validates eCAL communication in a scenario involving multiple publishers and subscribers.

Test Setup:
- Two publishers run in parallel and publish messages on the **same topic**.
• Publisher 1 sends messages containing the byte value **42**.
• Publisher 2 sends messages containing the byte value **43**.
- Two subscribers listen on that same topic and must receive all messages from both publishers.

Covered eCAL modes:
- (local_shm)   --&gt; Failing
- local_udp
- (local_tcp) --&gt; Failing
- network_udp
- network_tcp

Goals:
- Ensure that eCAL correctly distributes messages from **multiple sources** to **multiple receivers**.
- Verify that **topic routing, message integrity, and delivery** work consistently across different transport modes.

Success Criteria:
- Each subscriber must receive **10 messages with value 42** and **10 with value 43**.
- If this condition is met, the subscriber exits with code **0**.
- If any expected messages are missing, the subscriber exits with code **1**.</msg>
<arg>${desc}</arg>
<doc>Logs the given message with the given level.</doc>
<status status="PASS" start="2026-05-12T09:09:50.603585" elapsed="0.000251"/>
</kw>
<kw name="Log To Console" owner="BuiltIn">
<arg>[SETUP] Building Docker image...</arg>
<doc>Logs the given message to the console.</doc>
<status status="PASS" start="2026-05-12T09:09:50.603909" elapsed="0.000167"/>
</kw>
<kw name="Run Process" owner="Process">
<msg time="2026-05-12T09:09:50.604419" level="INFO">Starting process:
/home/runner/work/ecal-test-suite/ecal-test-suite/integration_tests/multi_pub_sub/scripts/build_images.sh multi_pub_sub</msg>
<msg time="2026-05-12T09:09:50.604861" level="INFO">Waiting for process to complete.</msg>
<msg time="2026-05-12T09:09:59.879533" level="INFO">Process completed.</msg>
<msg time="2026-05-12T09:09:59.879708" level="INFO">${result} = &lt;result object with rc 0&gt;</msg>
<var>${result}</var>
<arg>${BUILD_SCRIPT}</arg>
<arg>@{args}</arg>
<doc>Runs a process and waits for it to complete.</doc>
<status status="PASS" start="2026-05-12T09:09:50.604175" elapsed="9.275558"/>
</kw>
<kw name="Should Be Equal As Integers" owner="BuiltIn">
<msg time="2026-05-12T09:09:59.880558" level="INFO">Argument types are:
&lt;class 'int'&gt;
&lt;class 'str'&gt;</msg>
<arg>${result.rc}</arg>
<arg>0</arg>
<arg>Failed to build Docker image!</arg>
<doc>Fails if objects are unequal after converting them to integers.</doc>
<status status="PASS" start="2026-05-12T09:09:59.879930" elapsed="0.000682"/>
</kw>
<kw name="Create Docker Network" owner="DockerLibrary">
<arg>${NETWORK}</arg>
<status status="PASS" start="2026-05-12T09:09:59.880697" elapsed="0.007136"/>
</kw>
<kw name="Sleep" owner="BuiltIn">
<msg time="2026-05-12T09:10:02.888307" level="INFO">Slept 3 seconds.</msg>
<arg>3s</arg>
<doc>Pauses the test executed for the given time.</doc>
<status status="PASS" start="2026-05-12T09:09:59.887949" elapsed="3.000484"/>
</kw>
<status status="PASS" start="2026-05-12T09:09:50.601705" elapsed="12.286818"/>
</kw>
<test id="s1-s2-t1" name="Multi Pub/Sub Local UDP Test" line="44">
<kw name="Run Multi Pub Sub Test Local">
<kw name="Set Variable" owner="BuiltIn">
<msg time="2026-05-12T09:10:02.889983" level="INFO">${IMAGE} = multi_pub_sub_local_udp</msg>
<var>${IMAGE}</var>
<arg>${BASE_IMAGE}_${layer_tag}</arg>
<doc>Returns the given values which can then be assigned to a variables.</doc>
<status status="PASS" start="2026-05-12T09:10:02.889654" elapsed="0.000350"/>
</kw>
<kw name="Set Variable" owner="BuiltIn">
<msg time="2026-05-12T09:10:02.890295" level="INFO">${CONTAINER} = multi_locallocal_udp</msg>
<var>${CONTAINER}</var>
<arg>multi_local${layer_tag}</arg>
<doc>Returns the given values which can then be assigned to a variables.</doc>
<status status="PASS" start="2026-05-12T09:10:02.890087" elapsed="0.000227"/>
</kw>
<kw name="Log To Console" owner="BuiltIn">
<arg>\n[INFO] Running local multi pub/sub test (all binarys in same Container) with ${layer_tag}</arg>
<doc>Logs the given message to the console.</doc>
<status status="PASS" start="2026-05-12T09:10:02.890391" elapsed="0.000204"/>
</kw>
<kw name="Start Container" owner="DockerLibrary">
<arg>${CONTAINER}</arg>
<arg>${IMAGE}</arg>
<arg>local_multi</arg>
<arg>${layer_tag}</arg>
<status status="PASS" start="2026-05-12T09:10:02.890696" elapsed="0.115456"/>
</kw>
<kw name="Sleep" owner="BuiltIn">
<msg time="2026-05-12T09:10:21.006939" level="INFO">Slept 18 seconds.</msg>
<arg>18s</arg>
<doc>Pauses the test executed for the given time.</doc>
<status status="PASS" start="2026-05-12T09:10:03.006375" elapsed="18.000673"/>
</kw>
<kw name="Get Container Logs" owner="DockerLibrary">
<msg time="2026-05-12T09:10:21.010015" level="INFO">${logs} = [Entrypoint] Starting local multi pub/sub test in mode local_udp
1778577003008 ms | 5948954ef224 | multi_publisher | 8 | info | Using built-in local time plugin.
[Publisher] Waiting for at least 2 sub...</msg>
<var>${logs}</var>
<arg>${CONTAINER}</arg>
<status status="PASS" start="2026-05-12T09:10:21.007205" elapsed="0.002836"/>
</kw>
<kw name="Log To Console" owner="BuiltIn">
<arg>\n[CONTAINER LOG: All Local Binarys Multi Pub/Sub]\n${logs}</arg>
<doc>Logs the given message to the console.</doc>
<status status="PASS" start="2026-05-12T09:10:21.010133" elapsed="0.000283"/>
</kw>
<kw name="Log" owner="BuiltIn">
<msg time="2026-05-12T09:10:21.010815" level="INFO">
[CONTAINER LOG: All Local Binarys Multi Pub/Sub]
[Entrypoint] Starting local multi pub/sub test in mode local_udp
1778577003008 ms | 5948954ef224 | multi_publisher | 8 | info | Using built-in local time plugin.
[Publisher] Waiting for at least 2 subscriber(s) on topic: test_topic
1778577003008 ms | 5948954ef224 | multi_publisher | 7 | info | Using built-in local time plugin.
[Publisher] Waiting for at least 2 subscriber(s) on topic: test_topic
1778577004010 ms | 5948954ef224 | multi_subscriber | 19 | info | Using built-in local time plugin.
[Subscriber 2] Waiting for messages...
1778577004010 ms | 5948954ef224 | multi_subscriber | 18 | info | Using built-in local time plugin.
[Subscriber 1] Waiting for messages...

[Publisher] Found 2 subscriber(s). Proceeding to send messages.
[Publisher] Found 2 subscriber(s). Proceeding to send messages.
[Publisher 1] Started with mode=local_udp, topic=test_topic, node=multi_publisher, count=10, delay=1000ms
[Publisher 2] Started with mode=local_udp, topic=test_topic, node=multi_publisher, count=10, delay=1000ms

[Publisher 1] Finished sending messages.

[Publisher 2] Finished sending messages.

=== [Subscriber 2] Received Message Summary ===
PUB1 messages (42):--------------&gt; 10/10
PUB2 messages (43):-------------&gt; 10/10
[Subscriber 2] [✓] Received messages from both publishers.


=== [Subscriber 1] Received Message Summary ===
PUB1 messages (42):--------------&gt; 10/10
PUB2 messages (43):-------------&gt; 10/10
[Subscriber 1] [✓] Received messages from both publishers.

[Entrypoint] All subscribers received messages from both publishers.
</msg>
<arg>\n[CONTAINER LOG: All Local Binarys Multi Pub/Sub]\n${logs}</arg>
<doc>Logs the given message with the given level.</doc>
<status status="PASS" start="2026-05-12T09:10:21.010523" elapsed="0.000360"/>
</kw>
<kw name="Wait For Container Exit" owner="DockerLibrary">
<msg time="2026-05-12T09:10:21.012058" level="INFO">${exit_code} = 0</msg>
<var>${exit_code}</var>
<arg>${CONTAINER}</arg>
<status status="PASS" start="2026-05-12T09:10:21.010972" elapsed="0.001110"/>
</kw>
<kw name="Should Be Equal As Integers" owner="BuiltIn">
<msg time="2026-05-12T09:10:21.012434" level="INFO">Argument types are:
&lt;class 'int'&gt;
&lt;class 'str'&gt;</msg>
<arg>${exit_code}</arg>
<arg>0</arg>
<arg>Local Multi Pub/Sub Test test failed!</arg>
<doc>Fails if objects are unequal after converting them to integers.</doc>
<status status="PASS" start="2026-05-12T09:10:21.012210" elapsed="0.000269"/>
</kw>
<kw name="Stop Container" owner="DockerLibrary">
<arg>${CONTAINER}</arg>
<status status="PASS" start="2026-05-12T09:10:21.012556" elapsed="0.005073"/>
</kw>
<kw name="Sleep" owner="BuiltIn">
<msg time="2026-05-12T09:10:22.018094" level="INFO">Slept 1 second.</msg>
<arg>1s</arg>
<doc>Pauses the test executed for the given time.</doc>
<status status="PASS" start="2026-05-12T09:10:21.017714" elapsed="1.000498"/>
</kw>
<arg>local_udp</arg>
<status status="PASS" start="2026-05-12T09:10:02.889132" elapsed="19.129174"/>
</kw>
<tag>multi_pub_sub_local_udp</tag>
<status status="PASS" start="2026-05-12T09:10:02.888594" elapsed="19.129849"/>
</test>
<test id="s1-s2-t2" name="Multi Pub/Sub Network UDP Test" line="48">
<kw name="Run Multi Pub Sub Test Network">
<kw name="Set Variable" owner="BuiltIn">
<msg time="2026-05-12T09:10:22.020068" level="INFO">${IMAGE} = multi_pub_sub_network_udp</msg>
<var>${IMAGE}</var>
<arg>${BASE_IMAGE}_${layer_tag}</arg>
<doc>Returns the given values which can then be assigned to a variables.</doc>
<status status="PASS" start="2026-05-12T09:10:22.019792" elapsed="0.000297"/>
</kw>
<kw name="Set Variable" owner="BuiltIn">
<msg time="2026-05-12T09:10:22.020342" level="INFO">${TOPIC} = test_topic</msg>
<var>${TOPIC}</var>
<arg>test_topic</arg>
<doc>Returns the given values which can then be assigned to a variables.</doc>
<status status="PASS" start="2026-05-12T09:10:22.020165" elapsed="0.000195"/>
</kw>
<kw name="Set Variable" owner="BuiltIn">
<msg time="2026-05-12T09:10:22.020616" level="INFO">${PUB1} = pub1_network_udp</msg>
<var>${PUB1}</var>
<arg>pub1_${layer_tag}</arg>
<doc>Returns the given values which can then be assigned to a variables.</doc>
<status status="PASS" start="2026-05-12T09:10:22.020430" elapsed="0.000204"/>
</kw>
<kw name="Set Variable" owner="BuiltIn">
<msg time="2026-05-12T09:10:22.020915" level="INFO">${PUB2} = pub2_network_udp</msg>
<var>${PUB2}</var>
<arg>pub2_${layer_tag}</arg>
<doc>Returns the given values which can then be assigned to a variables.</doc>
<status status="PASS" start="2026-05-12T09:10:22.020701" elapsed="0.000232"/>
</kw>
<kw name="Set Variable" owner="BuiltIn">
<msg time="2026-05-12T09:10:22.021183" level="INFO">${SUB1} = sub1_network_udp</msg>
<var>${SUB1}</var>
<arg>sub1_${layer_tag}</arg>
<doc>Returns the given values which can then be assigned to a variables.</doc>
<status status="PASS" start="2026-05-12T09:10:22.021001" elapsed="0.000199"/>
</kw>
<kw name="Set Variable" owner="BuiltIn">
<msg time="2026-05-12T09:10:22.021453" level="INFO">${SUB2} = sub2_network_udp</msg>
<var>${SUB2}</var>
<arg>sub2_${layer_tag}</arg>
<doc>Returns the given values which can then be assigned to a variables.</doc>
<status status="PASS" start="2026-05-12T09:10:22.021269" elapsed="0.000201"/>
</kw>
<kw name="Log To Console" owner="BuiltIn">
<arg>\n[INFO] Starting multi pub/sub test with ${layer_tag}</arg>
<doc>Logs the given message to the console.</doc>
<status status="PASS" start="2026-05-12T09:10:22.021537" elapsed="0.000192"/>
</kw>
<kw name="Start Container" owner="DockerLibrary">
<arg>${SUB1}</arg>
<arg>${IMAGE}</arg>
<arg>multi_subscriber</arg>
<arg>${layer_tag}</arg>
<arg>${TOPIC}</arg>
<arg>network=${NETWORK}</arg>
<status status="PASS" start="2026-05-12T09:10:22.021850" elapsed="0.125350"/>
</kw>
<kw name="Start Container" owner="DockerLibrary">
<arg>${SUB2}</arg>
<arg>${IMAGE}</arg>
<arg>multi_subscriber2</arg>
<arg>${layer_tag}</arg>
<arg>${TOPIC}</arg>
<arg>network=${NETWORK}</arg>
<status status="PASS" start="2026-05-12T09:10:22.147368" elapsed="0.118651"/>
</kw>
<kw name="Start Container" owner="DockerLibrary">
<arg>${PUB1}</arg>
<arg>${IMAGE}</arg>
<arg>multi_publisher</arg>
<arg>${layer_tag}</arg>
<arg>${TOPIC}</arg>
<arg>network=${NETWORK}</arg>
<status status="PASS" start="2026-05-12T09:10:22.266189" elapsed="0.116308"/>
</kw>
<kw name="Start Container" owner="DockerLibrary">
<arg>${PUB2}</arg>
<arg>${IMAGE}</arg>
<arg>multi_publisher2</arg>
<arg>${layer_tag}</arg>
<arg>${TOPIC}</arg>
<arg>network=${NETWORK}</arg>
<status status="PASS" start="2026-05-12T09:10:22.382663" elapsed="0.114308"/>
</kw>
<kw name="Sleep" owner="BuiltIn">
<msg time="2026-05-12T09:10:40.497646" level="INFO">Slept 18 seconds.</msg>
<arg>18s</arg>
<doc>Pauses the test executed for the given time.</doc>
<status status="PASS" start="2026-05-12T09:10:22.497162" elapsed="18.000653"/>
</kw>
<kw name="Get Container Logs" owner="DockerLibrary">
<msg time="2026-05-12T09:10:40.500959" level="INFO">${log1} = [Entrypoint] Starting multi_subscriber in mode network_udp
1778577022149 ms | e5f240597dd1 | multi_subscriber | 7 | info | Using built-in local time plugin.
[Subscriber 1] Waiting for messages...


==...</msg>
<var>${log1}</var>
<arg>${SUB1}</arg>
<status status="PASS" start="2026-05-12T09:10:40.498005" elapsed="0.002980"/>
</kw>
<kw name="Log To Console" owner="BuiltIn">
<arg>\n[CONTAINER LOG: SUBSCRIBER 1]\n${log1}</arg>
<doc>Logs the given message to the console.</doc>
<status status="PASS" start="2026-05-12T09:10:40.501079" elapsed="0.000305"/>
</kw>
<kw name="Log" owner="BuiltIn">
<msg time="2026-05-12T09:10:40.501693" level="INFO">
[CONTAINER LOG: SUBSCRIBER 1]
[Entrypoint] Starting multi_subscriber in mode network_udp
1778577022149 ms | e5f240597dd1 | multi_subscriber | 7 | info | Using built-in local time plugin.
[Subscriber 1] Waiting for messages...


=== [Subscriber 1] Received Message Summary ===
PUB1 messages (42):--------------&gt; 10/10
PUB2 messages (43):-------------&gt; 10/10
[Subscriber 1] [✓] Received messages from both publishers.

</msg>
<arg>\n[CONTAINER LOG: SUBSCRIBER 1]\n${log1}</arg>
<doc>Logs the given message with the given level.</doc>
<status status="PASS" start="2026-05-12T09:10:40.501496" elapsed="0.000238"/>
</kw>
<kw name="Get Container Logs" owner="DockerLibrary">
<msg time="2026-05-12T09:10:40.504171" level="INFO">${log2} = [Entrypoint] Starting multi_subscriber2 in mode network_udp
1778577022268 ms | 513e2f8bf50a | multi_subscriber | 7 | info | Using built-in local time plugin.
[Subscriber 2] Waiting for messages...

==...</msg>
<var>${log2}</var>
<arg>${SUB2}</arg>
<status status="PASS" start="2026-05-12T09:10:40.501841" elapsed="0.002355"/>
</kw>
<kw name="Log To Console" owner="BuiltIn">
<arg>\n[CONTAINER LOG: SUBSCRIBER 2]\n${log2}</arg>
<doc>Logs the given message to the console.</doc>
<status status="PASS" start="2026-05-12T09:10:40.504282" elapsed="0.000236"/>
</kw>
<kw name="Log" owner="BuiltIn">
<msg time="2026-05-12T09:10:40.504932" level="INFO">
[CONTAINER LOG: SUBSCRIBER 1]
[Entrypoint] Starting multi_subscriber2 in mode network_udp
1778577022268 ms | 513e2f8bf50a | multi_subscriber | 7 | info | Using built-in local time plugin.
[Subscriber 2] Waiting for messages...

=== [Subscriber 2] Received Message Summary ===
PUB1 messages (42):--------------&gt; 10/10
PUB2 messages (43):-------------&gt; 10/10
[Subscriber 2] [✓] Received messages from both publishers.

</msg>
<arg>\n[CONTAINER LOG: SUBSCRIBER 1]\n${log2}</arg>
<doc>Logs the given message with the given level.</doc>
<status status="PASS" start="2026-05-12T09:10:40.504635" elapsed="0.000353"/>
</kw>
<kw name="Wait For Container Exit" owner="DockerLibrary">
<arg>${SUB1}</arg>
<status status="PASS" start="2026-05-12T09:10:40.505092" elapsed="0.001009"/>
</kw>
<kw name="Wait For Container Exit" owner="DockerLibrary">
<arg>${SUB2}</arg>
<status status="PASS" start="2026-05-12T09:10:40.506187" elapsed="0.000925"/>
</kw>
<kw name="Wait For Container Exit" owner="DockerLibrary">
<arg>${PUB1}</arg>
<status status="PASS" start="2026-05-12T09:10:40.507199" elapsed="0.000965"/>
</kw>
<kw name="Wait For Container Exit" owner="DockerLibrary">
<arg>${PUB2}</arg>
<status status="PASS" start="2026-05-12T09:10:40.508247" elapsed="0.001014"/>
</kw>
<kw name="Wait For Container Exit" owner="DockerLibrary">
<msg time="2026-05-12T09:10:40.510231" level="INFO">${exit1} = 0</msg>
<var>${exit1}</var>
<arg>${SUB1}</arg>
<status status="PASS" start="2026-05-12T09:10:40.509346" elapsed="0.000909"/>
</kw>
<kw name="Wait For Container Exit" owner="DockerLibrary">
<msg time="2026-05-12T09:10:40.511219" level="INFO">${exit2} = 0</msg>
<var>${exit2}</var>
<arg>${SUB2}</arg>
<status status="PASS" start="2026-05-12T09:10:40.510335" elapsed="0.000907"/>
</kw>
<kw name="Should Be Equal As Integers" owner="BuiltIn">
<msg time="2026-05-12T09:10:40.511549" level="INFO">Argument types are:
&lt;class 'int'&gt;
&lt;class 'str'&gt;</msg>
<arg>${exit1}</arg>
<arg>0</arg>
<arg>Subscriber 1 failed!</arg>
<doc>Fails if objects are unequal after converting them to integers.</doc>
<status status="PASS" start="2026-05-12T09:10:40.511325" elapsed="0.000270"/>
</kw>
<kw name="Should Be Equal As Integers" owner="BuiltIn">
<msg time="2026-05-12T09:10:40.511920" level="INFO">Argument types are:
&lt;class 'int'&gt;
&lt;class 'str'&gt;</msg>
<arg>${exit2}</arg>
<arg>0</arg>
<arg>Subscriber 2 failed!</arg>
<doc>Fails if objects are unequal after converting them to integers.</doc>
<status status="PASS" start="2026-05-12T09:10:40.511674" elapsed="0.000287"/>
</kw>
<kw name="Log Test Summary" owner="DockerLibrary">
<arg>Multi Pub/Sub Test ${layer_tag}</arg>
<arg>${True}</arg>
<status status="PASS" start="2026-05-12T09:10:40.512037" elapsed="0.000138"/>
</kw>
<kw name="Stop Container" owner="DockerLibrary">
<arg>${SUB1}</arg>
<status status="PASS" start="2026-05-12T09:10:40.512277" elapsed="0.005044"/>
</kw>
<kw name="Stop Container" owner="DockerLibrary">
<arg>${SUB2}</arg>
<status status="PASS" start="2026-05-12T09:10:40.517407" elapsed="0.005045"/>
</kw>
<kw name="Stop Container" owner="DockerLibrary">
<arg>${PUB1}</arg>
<status status="PASS" start="2026-05-12T09:10:40.522537" elapsed="0.004803"/>
</kw>
<kw name="Stop Container" owner="DockerLibrary">
<arg>${PUB2}</arg>
<status status="PASS" start="2026-05-12T09:10:40.527423" elapsed="0.004719"/>
</kw>
<kw name="Sleep" owner="BuiltIn">
<msg time="2026-05-12T09:10:41.532601" level="INFO">Slept 1 second.</msg>
<arg>1s</arg>
<doc>Pauses the test executed for the given time.</doc>
<status status="PASS" start="2026-05-12T09:10:40.532228" elapsed="1.000540"/>
</kw>
<arg>network_udp</arg>
<arg>network</arg>
<status status="PASS" start="2026-05-12T09:10:22.019536" elapsed="19.513345"/>
</kw>
<tag>multi_pub_sub_network_udp</tag>
<status status="PASS" start="2026-05-12T09:10:22.019078" elapsed="19.513953"/>
</test>
<test id="s1-s2-t3" name="Multi Pub/Sub Network TCP Test" line="52">
<kw name="Run Multi Pub Sub Test Network">
<kw name="Set Variable" owner="BuiltIn">
<msg time="2026-05-12T09:10:41.535155" level="INFO">${IMAGE} = multi_pub_sub_network_tcp</msg>
<var>${IMAGE}</var>
<arg>${BASE_IMAGE}_${layer_tag}</arg>
<doc>Returns the given values which can then be assigned to a variables.</doc>
<status status="PASS" start="2026-05-12T09:10:41.534867" elapsed="0.000310"/>
</kw>
<kw name="Set Variable" owner="BuiltIn">
<msg time="2026-05-12T09:10:41.535429" level="INFO">${TOPIC} = test_topic</msg>
<var>${TOPIC}</var>
<arg>test_topic</arg>
<doc>Returns the given values which can then be assigned to a variables.</doc>
<status status="PASS" start="2026-05-12T09:10:41.535255" elapsed="0.000191"/>
</kw>
<kw name="Set Variable" owner="BuiltIn">
<msg time="2026-05-12T09:10:41.535707" level="INFO">${PUB1} = pub1_network_tcp</msg>
<var>${PUB1}</var>
<arg>pub1_${layer_tag}</arg>
<doc>Returns the given values which can then be assigned to a variables.</doc>
<status status="PASS" start="2026-05-12T09:10:41.535517" elapsed="0.000207"/>
</kw>
<kw name="Set Variable" owner="BuiltIn">
<msg time="2026-05-12T09:10:41.536004" level="INFO">${PUB2} = pub2_network_tcp</msg>
<var>${PUB2}</var>
<arg>pub2_${layer_tag}</arg>
<doc>Returns the given values which can then be assigned to a variables.</doc>
<status status="PASS" start="2026-05-12T09:10:41.535816" elapsed="0.000205"/>
</kw>
<kw name="Set Variable" owner="BuiltIn">
<msg time="2026-05-12T09:10:41.536264" level="INFO">${SUB1} = sub1_network_tcp</msg>
<var>${SUB1}</var>
<arg>sub1_${layer_tag}</arg>
<doc>Returns the given values which can then be assigned to a variables.</doc>
<status status="PASS" start="2026-05-12T09:10:41.536088" elapsed="0.000192"/>
</kw>
<kw name="Set Variable" owner="BuiltIn">
<msg time="2026-05-12T09:10:41.536519" level="INFO">${SUB2} = sub2_network_tcp</msg>
<var>${SUB2}</var>
<arg>sub2_${layer_tag}</arg>
<doc>Returns the given values which can then be assigned to a variables.</doc>
<status status="PASS" start="2026-05-12T09:10:41.536343" elapsed="0.000192"/>
</kw>
<kw name="Log To Console" owner="BuiltIn">
<arg>\n[INFO] Starting multi pub/sub test with ${layer_tag}</arg>
<doc>Logs the given message to the console.</doc>
<status status="PASS" start="2026-05-12T09:10:41.536600" elapsed="0.000216"/>
</kw>
<kw name="Start Container" owner="DockerLibrary">
<arg>${SUB1}</arg>
<arg>${IMAGE}</arg>
<arg>multi_subscriber</arg>
<arg>${layer_tag}</arg>
<arg>${TOPIC}</arg>
<arg>network=${NETWORK}</arg>
<status status="PASS" start="2026-05-12T09:10:41.536913" elapsed="0.129941"/>
</kw>
<kw name="Start Container" owner="DockerLibrary">
<arg>${SUB2}</arg>
<arg>${IMAGE}</arg>
<arg>multi_subscriber2</arg>
<arg>${layer_tag}</arg>
<arg>${TOPIC}</arg>
<arg>network=${NETWORK}</arg>
<status status="PASS" start="2026-05-12T09:10:41.667027" elapsed="0.117442"/>
</kw>
<kw name="Start Container" owner="DockerLibrary">
<arg>${PUB1}</arg>
<arg>${IMAGE}</arg>
<arg>multi_publisher</arg>
<arg>${layer_tag}</arg>
<arg>${TOPIC}</arg>
<arg>network=${NETWORK}</arg>
<status status="PASS" start="2026-05-12T09:10:41.784640" elapsed="0.113453"/>
</kw>
<kw name="Start Container" owner="DockerLibrary">
<arg>${PUB2}</arg>
<arg>${IMAGE}</arg>
<arg>multi_publisher2</arg>
<arg>${layer_tag}</arg>
<arg>${TOPIC}</arg>
<arg>network=${NETWORK}</arg>
<status status="PASS" start="2026-05-12T09:10:41.898266" elapsed="0.117827"/>
</kw>
<kw name="Sleep" owner="BuiltIn">
<msg time="2026-05-12T09:11:00.016720" level="INFO">Slept 18 seconds.</msg>
<arg>18s</arg>
<doc>Pauses the test executed for the given time.</doc>
<status status="PASS" start="2026-05-12T09:10:42.016264" elapsed="18.000623"/>
</kw>
<kw name="Get Container Logs" owner="DockerLibrary">
<msg time="2026-05-12T09:11:00.020296" level="INFO">${log1} = [Entrypoint] Starting multi_subscriber in mode network_tcp
1778577041669 ms | a979bbbfbee1 | multi_subscriber | 7 | info | Using built-in local time plugin.
[Subscriber 1] Waiting for messages...

177...</msg>
<var>${log1}</var>
<arg>${SUB1}</arg>
<status status="PASS" start="2026-05-12T09:11:00.017080" elapsed="0.003243"/>
</kw>
<kw name="Log To Console" owner="BuiltIn">
<arg>\n[CONTAINER LOG: SUBSCRIBER 1]\n${log1}</arg>
<doc>Logs the given message to the console.</doc>
<status status="PASS" start="2026-05-12T09:11:00.020429" elapsed="0.000347"/>
</kw>
<kw name="Log" owner="BuiltIn">
<msg time="2026-05-12T09:11:00.021166" level="INFO">
[CONTAINER LOG: SUBSCRIBER 1]
[Entrypoint] Starting multi_subscriber in mode network_tcp
1778577041669 ms | a979bbbfbee1 | multi_subscriber | 7 | info | Using built-in local time plugin.
[Subscriber 1] Waiting for messages...

1778577054805 ms | a979bbbfbee1 | multi_subscriber | 7 | error | CTCPReaderLayer - TCPPubSub (Error) -SubscriberSession 172.18.0.2:33634-&gt;04e1fb97039f:34689: Error reading header length: End of file
1778577054806 ms | a979bbbfbee1 | multi_subscriber | 7 | warning | CTCPReaderLayer - TCPPubSub (Warning) -SubscriberSession 172.18.0.2:56944: Failed connecting to publisher 04e1fb97039f:34689: Connection refused
1778577054807 ms | a979bbbfbee1 | multi_subscriber | 7 | warning | CTCPReaderLayer - TCPPubSub (Warning) -SubscriberSession 172.18.0.2:56948: Failed connecting to publisher 04e1fb97039f:34689: Connection refused
1778577054808 ms | a979bbbfbee1 | multi_subscriber | 7 | warning | CTCPReaderLayer - TCPPubSub (Warning) -SubscriberSession 172.18.0.2:56952: Failed connecting to publisher 04e1fb97039f:34689: Connection refused
1778577054808 ms | a979bbbfbee1 | multi_subscriber | 7 | warning | CTCPReaderLayer - TCPPubSub (Warning) -SubscriberSession 172.18.0.2:56960: Failed connecting to publisher 04e1fb97039f:34689: Connection refused
1778577054809 ms | a979bbbfbee1 | multi_subscriber | 7 | warning | CTCPReaderLayer - TCPPubSub (Warning) -SubscriberSession 172.18.0.2:56966: Failed connecting to publisher 04e1fb97039f:34689: Connection refused
1778577054822 ms | a979bbbfbee1 | multi_subscriber | 7 | error | CTCPReaderLayer - TCPPubSub (Error) -SubscriberSession 172.18.0.2:54036-&gt;18207fb9d2ab:39021: Error reading header length: End of file
1778577054824 ms | a979bbbfbee1 | multi_subscriber | 7 | warning | CTCPReaderLayer - TCPPubSub (Warning) -SubscriberSession 172.18.0.2:51078: Failed connecting to publisher 18207fb9d2ab:39021: Connection refused
1778577054825 ms | a979bbbfbee1 | multi_subscriber | 7 | warning | CTCPReaderLayer - TCPPubSub (Warning) -SubscriberSession 172.18.0.2:51086: Failed connecting to publisher 18207fb9d2ab:39021: Connection refused
1778577054826 ms | a979bbbfbee1 | multi_subscriber | 7 | warning | CTCPReaderLayer - TCPPubSub (Warning) -SubscriberSession 172.18.0.2:51100: Failed connecting to publisher 18207fb9d2ab:39021: Connection refused
1778577054827 ms | a979bbbfbee1 | multi_subscriber | 7 | warning | CTCPReaderLayer - TCPPubSub (Warning) -SubscriberSession 172.18.0.2:51104: Failed connecting to publisher 18207fb9d2ab:39021: Connection refused
1778577054828 ms | a979bbbfbee1 | multi_subscriber | 7 | warning | CTCPReaderLayer - TCPPubSub (Warning) -SubscriberSession 172.18.0.2:51112: Failed connecting to publisher 18207fb9d2ab:39021: Connection refused

=== [Subscriber 1] Received Message Summary ===
PUB1 messages (42):--------------&gt; 10/10
PUB2 messages (43):-------------&gt; 10/10
[Subscriber 1] [✓] Received messages from both publishers.

</msg>
<arg>\n[CONTAINER LOG: SUBSCRIBER 1]\n${log1}</arg>
<doc>Logs the given message with the given level.</doc>
<status status="PASS" start="2026-05-12T09:11:00.020890" elapsed="0.000435"/>
</kw>
<kw name="Get Container Logs" owner="DockerLibrary">
<msg time="2026-05-12T09:11:00.024059" level="INFO">${log2} = [Entrypoint] Starting multi_subscriber2 in mode network_tcp
1778577041786 ms | ed6d4013634a | multi_subscriber | 7 | info | Using built-in local time plugin.
[Subscriber 2] Waiting for messages...
177...</msg>
<var>${log2}</var>
<arg>${SUB2}</arg>
<status status="PASS" start="2026-05-12T09:11:00.021426" elapsed="0.002665"/>
</kw>
<kw name="Log To Console" owner="BuiltIn">
<arg>\n[CONTAINER LOG: SUBSCRIBER 2]\n${log2}</arg>
<doc>Logs the given message to the console.</doc>
<status status="PASS" start="2026-05-12T09:11:00.024201" elapsed="0.000320"/>
</kw>
<kw name="Log" owner="BuiltIn">
<msg time="2026-05-12T09:11:00.024962" level="INFO">
[CONTAINER LOG: SUBSCRIBER 1]
[Entrypoint] Starting multi_subscriber2 in mode network_tcp
1778577041786 ms | ed6d4013634a | multi_subscriber | 7 | info | Using built-in local time plugin.
[Subscriber 2] Waiting for messages...
1778577054805 ms | ed6d4013634a | multi_subscriber | 7 | error | CTCPReaderLayer - TCPPubSub (Error) -SubscriberSession 172.18.0.3:54248-&gt;04e1fb97039f:34689: Error reading header length: End of file
1778577054806 ms | ed6d4013634a | multi_subscriber | 7 | warning | CTCPReaderLayer - TCPPubSub (Warning) -SubscriberSession 172.18.0.3:35910: Failed connecting to publisher 04e1fb97039f:34689: Connection refused
1778577054807 ms | ed6d4013634a | multi_subscriber | 7 | warning | CTCPReaderLayer - TCPPubSub (Warning) -SubscriberSession 172.18.0.3:35916: Failed connecting to publisher 04e1fb97039f:34689: Connection refused
1778577054807 ms | ed6d4013634a | multi_subscriber | 7 | warning | CTCPReaderLayer - TCPPubSub (Warning) -SubscriberSession 172.18.0.3:35924: Failed connecting to publisher 04e1fb97039f:34689: Connection refused
1778577054808 ms | ed6d4013634a | multi_subscriber | 7 | warning | CTCPReaderLayer - TCPPubSub (Warning) -SubscriberSession 172.18.0.3:35932: Failed connecting to publisher 04e1fb97039f:34689: Connection refused
1778577054809 ms | ed6d4013634a | multi_subscriber | 7 | warning | CTCPReaderLayer - TCPPubSub (Warning) -SubscriberSession 172.18.0.3:35948: Failed connecting to publisher 04e1fb97039f:34689: Connection refused
1778577054822 ms | ed6d4013634a | multi_subscriber | 7 | error | CTCPReaderLayer - TCPPubSub (Error) -SubscriberSession 172.18.0.3:47734-&gt;18207fb9d2ab:39021: Error reading header length: End of file
1778577054823 ms | ed6d4013634a | multi_subscriber | 7 | warning | CTCPReaderLayer - TCPPubSub (Warning) -SubscriberSession 172.18.0.3:48620: Failed connecting to publisher 18207fb9d2ab:39021: Connection refused
1778577054824 ms | ed6d4013634a | multi_subscriber | 7 | warning | CTCPReaderLayer - TCPPubSub (Warning) -SubscriberSession 172.18.0.3:48636: Failed connecting to publisher 18207fb9d2ab:39021: Connection refused
1778577054825 ms | ed6d4013634a | multi_subscriber | 7 | warning | CTCPReaderLayer - TCPPubSub (Warning) -SubscriberSession 172.18.0.3:48650: Failed connecting to publisher 18207fb9d2ab:39021: Connection refused
1778577054826 ms | ed6d4013634a | multi_subscriber | 7 | warning | CTCPReaderLayer - TCPPubSub (Warning) -SubscriberSession 172.18.0.3:48660: Failed connecting to publisher 18207fb9d2ab:39021: Connection refused
1778577054827 ms | ed6d4013634a | multi_subscriber | 7 | warning | CTCPReaderLayer - TCPPubSub (Warning) -SubscriberSession 172.18.0.3:48664: Failed connecting to publisher 18207fb9d2ab:39021: Connection refused

=== [Subscriber 2] Received Message Summary ===
PUB1 messages (42):--------------&gt; 10/10
PUB2 messages (43):-------------&gt; 10/10
[Subscriber 2] [✓] Received messages from both publishers.

</msg>
<arg>\n[CONTAINER LOG: SUBSCRIBER 1]\n${log2}</arg>
<doc>Logs the given message with the given level.</doc>
<status status="PASS" start="2026-05-12T09:11:00.024638" elapsed="0.000415"/>
</kw>
<kw name="Wait For Container Exit" owner="DockerLibrary">
<arg>${SUB1}</arg>
<status status="PASS" start="2026-05-12T09:11:00.025159" elapsed="0.001178"/>
</kw>
<kw name="Wait For Container Exit" owner="DockerLibrary">
<arg>${SUB2}</arg>
<status status="PASS" start="2026-05-12T09:11:00.026422" elapsed="0.001022"/>
</kw>
<kw name="Wait For Container Exit" owner="DockerLibrary">
<arg>${PUB1}</arg>
<status status="PASS" start="2026-05-12T09:11:00.027527" elapsed="0.000983"/>
</kw>
<kw name="Wait For Container Exit" owner="DockerLibrary">
<arg>${PUB2}</arg>
<status status="PASS" start="2026-05-12T09:11:00.028593" elapsed="0.000945"/>
</kw>
<kw name="Wait For Container Exit" owner="DockerLibrary">
<msg time="2026-05-12T09:11:00.030484" level="INFO">${exit1} = 0</msg>
<var>${exit1}</var>
<arg>${SUB1}</arg>
<status status="PASS" start="2026-05-12T09:11:00.029620" elapsed="0.000887"/>
</kw>
<kw name="Wait For Container Exit" owner="DockerLibrary">
<msg time="2026-05-12T09:11:00.031439" level="INFO">${exit2} = 0</msg>
<var>${exit2}</var>
<arg>${SUB2}</arg>
<status status="PASS" start="2026-05-12T09:11:00.030586" elapsed="0.000875"/>
</kw>
<kw name="Should Be Equal As Integers" owner="BuiltIn">
<msg time="2026-05-12T09:11:00.031843" level="INFO">Argument types are:
&lt;class 'int'&gt;
&lt;class 'str'&gt;</msg>
<arg>${exit1}</arg>
<arg>0</arg>
<arg>Subscriber 1 failed!</arg>
<doc>Fails if objects are unequal after converting them to integers.</doc>
<status status="PASS" start="2026-05-12T09:11:00.031573" elapsed="0.000318"/>
</kw>
<kw name="Should Be Equal As Integers" owner="BuiltIn">
<msg time="2026-05-12T09:11:00.032303" level="INFO">Argument types are:
&lt;class 'int'&gt;
&lt;class 'str'&gt;</msg>
<arg>${exit2}</arg>
<arg>0</arg>
<arg>Subscriber 2 failed!</arg>
<doc>Fails if objects are unequal after converting them to integers.</doc>
<status status="PASS" start="2026-05-12T09:11:00.031972" elapsed="0.000372"/>
</kw>
<kw name="Log Test Summary" owner="DockerLibrary">
<arg>Multi Pub/Sub Test ${layer_tag}</arg>
<arg>${True}</arg>
<status status="PASS" start="2026-05-12T09:11:00.032419" elapsed="0.000137"/>
</kw>
<kw name="Stop Container" owner="DockerLibrary">
<arg>${SUB1}</arg>
<status status="PASS" start="2026-05-12T09:11:00.032648" elapsed="0.004970"/>
</kw>
<kw name="Stop Container" owner="DockerLibrary">
<arg>${SUB2}</arg>
<status status="PASS" start="2026-05-12T09:11:00.037701" elapsed="0.004776"/>
</kw>
<kw name="Stop Container" owner="DockerLibrary">
<arg>${PUB1}</arg>
<status status="PASS" start="2026-05-12T09:11:00.042559" elapsed="0.004747"/>
</kw>
<kw name="Stop Container" owner="DockerLibrary">
<arg>${PUB2}</arg>
<status status="PASS" start="2026-05-12T09:11:00.047390" elapsed="0.005054"/>
</kw>
<kw name="Sleep" owner="BuiltIn">
<msg time="2026-05-12T09:11:01.052884" level="INFO">Slept 1 second.</msg>
<arg>1s</arg>
<doc>Pauses the test executed for the given time.</doc>
<status status="PASS" start="2026-05-12T09:11:00.052529" elapsed="1.000473"/>
</kw>
<arg>network_tcp</arg>
<arg>network</arg>
<status status="PASS" start="2026-05-12T09:10:41.534587" elapsed="19.518513"/>
</kw>
<tag>multi_pub_sub_network_tcp</tag>
<status status="PASS" start="2026-05-12T09:10:41.534119" elapsed="19.519127"/>
</test>
<status status="PASS" start="2026-05-12T09:09:50.599166" elapsed="70.455344"/>
</suite>
<suite id="s1-s3" name="Network Crash" source="/home/runner/work/ecal-test-suite/ecal-test-suite/integration_tests/network_crash/robottests/network_crash.robot">
<kw name="Init Test Context" type="SETUP">
<kw name="Set Test Context" owner="GlobalPathsLibrary">
<arg>network_crash</arg>
<arg>network_crash</arg>
<doc>Sets the test folder and tag prefix if it's a valid test case.
The folder must exist under integration_tests/ and contain typical test structure.</doc>
<status status="PASS" start="2026-05-12T09:11:01.057946" elapsed="0.000136"/>
</kw>
<kw name="Get Build Script Path" owner="GlobalPathsLibrary">
<msg time="2026-05-12T09:11:01.058253" level="INFO">${build} = /home/runner/work/ecal-test-suite/ecal-test-suite/integration_tests/network_crash/scripts/build_images.sh</msg>
<var>${build}</var>
<status status="PASS" start="2026-05-12T09:11:01.058161" elapsed="0.000111"/>
</kw>
<kw name="Get Network Name" owner="GlobalPathsLibrary">
<msg time="2026-05-12T09:11:01.058409" level="INFO">${net} = ecal_test_net</msg>
<var>${net}</var>
<status status="PASS" start="2026-05-12T09:11:01.058333" elapsed="0.000092"/>
</kw>
<kw name="Get Build Script Args" owner="GlobalPathsLibrary">
<msg time="2026-05-12T09:11:01.058560" level="INFO">${args} = ['network_crash']</msg>
<var>${args}</var>
<status status="PASS" start="2026-05-12T09:11:01.058486" elapsed="0.000091"/>
</kw>
<kw name="Set Suite Variable" owner="BuiltIn">
<msg time="2026-05-12T09:11:01.058952" level="INFO">${BUILD_SCRIPT} = /home/runner/work/ecal-test-suite/ecal-test-suite/integration_tests/network_crash/scripts/build_images.sh</msg>
<arg>${BUILD_SCRIPT}</arg>
<arg>${build}</arg>
<doc>Makes a variable available everywhere within the scope of the current suite.</doc>
<status status="PASS" start="2026-05-12T09:11:01.058651" elapsed="0.000333"/>
</kw>
<kw name="Set Suite Variable" owner="BuiltIn">
<msg time="2026-05-12T09:11:01.059274" level="INFO">${NETWORK} = ecal_test_net</msg>
<arg>${NETWORK}</arg>
<arg>${net}</arg>
<doc>Makes a variable available everywhere within the scope of the current suite.</doc>
<status status="PASS" start="2026-05-12T09:11:01.059063" elapsed="0.000240"/>
</kw>
<kw name="Get Test Description" owner="GlobalPathsLibrary">
<msg time="2026-05-12T09:11:01.059554" level="INFO">${desc} = Test Objective:
Verify that local UDP-based communication remains functional even if a separate network UDP publisher is disconnected —
simulating a network failure scenario such as a cable unplug.

T...</msg>
<var>${desc}</var>
<doc>Reads the *** Comments *** section from the .robot file and returns it as a string.</doc>
<status status="PASS" start="2026-05-12T09:11:01.059384" elapsed="0.000193"/>
</kw>
<kw name="Log" owner="BuiltIn">
<msg time="2026-05-12T09:11:01.059870" level="INFO">Test Objective:
Verify that local UDP-based communication remains functional even if a separate network UDP publisher is disconnected —
simulating a network failure scenario such as a cable unplug.

Test Context:
This test validates the robustness of eCAL's UDP transport layer under fault conditions by ensuring that
local communication is not affected by network-layer interruptions.

Test Scenario:
1. A local UDP subscriber and two local UDP publishers run in the **same container** using eCAL's local mode.
- Publisher 1 sends payloads with value 42 from the beginning.
- Publisher 2 sends value 44, but only **after the network publisher is disconnected** (simulated delay).

2. A network UDP publisher runs in a **separate container**, using eCAL network mode and sends value 43.

3. All publishers run in parallel for a defined period (publisher 2 starts delayed after ~7s).

4. The test then **disconnects** the network UDP publisher from the Docker network.

Success Criteria:
- The subscriber receives:
• Messages with value 42 throughout the test.
• Messages with value 43 only **before** the disconnection.
• Messages with value 44 after the network crash (i.e., from local UDP Publisher 2).
- The subscriber container exits with code 0.
- The log confirms all expected messages have been received.

Note:
This test ensures **fault isolation** between local and network layers in eCAL middleware.</msg>
<arg>${desc}</arg>
<doc>Logs the given message with the given level.</doc>
<status status="PASS" start="2026-05-12T09:11:01.059650" elapsed="0.000262"/>
</kw>
<kw name="Log To Console" owner="BuiltIn">
<arg>[SETUP] Building image...</arg>
<doc>Logs the given message to the console.</doc>
<status status="PASS" start="2026-05-12T09:11:01.059985" elapsed="0.000167"/>
</kw>
<kw name="Run Process" owner="Process">
<msg time="2026-05-12T09:11:01.060514" level="INFO">Starting process:
/home/runner/work/ecal-test-suite/ecal-test-suite/integration_tests/network_crash/scripts/build_images.sh network_crash</msg>
<msg time="2026-05-12T09:11:01.060943" level="INFO">Waiting for process to complete.</msg>
<msg time="2026-05-12T09:11:09.681220" level="INFO">Process completed.</msg>
<msg time="2026-05-12T09:11:09.681389" level="INFO">${result} = &lt;result object with rc 0&gt;</msg>
<var>${result}</var>
<arg>${BUILD_SCRIPT}</arg>
<arg>@{args}</arg>
[...]
</kw>
<kw name="Log To Console" owner="BuiltIn">
<arg>\n[LOG: PUBLISHER]\n${log3}</arg>
<doc>Logs the given message to the console.</doc>
<status status="PASS" start="2026-05-12T09:20:44.619162" elapsed="0.000260"/>
</kw>
<kw name="Log" owner="BuiltIn">
<msg time="2026-05-12T09:20:44.619692" level="INFO">
[LOG: SUBSCRIBER]
[Entrypoint] Starting stable subscriber in mode network_udp
1778577613541 ms | f193e21d7ad3 | test_sub | 7 | info | Using built-in local time plugin.
[Test_Sub] Ready and waiting...
[Test_Sub] Received 52428800 bytes (message 1)
[Test_Sub] Received 52428800 bytes (message 2)
[Test_Sub] Received 52428800 bytes (message 3)
[✓] Received 3 messages.
</msg>
<arg>\n[LOG: SUBSCRIBER]\n${log1}</arg>
<doc>Logs the given message with the given level.</doc>
<status status="PASS" start="2026-05-12T09:20:44.619504" elapsed="0.000224"/>
</kw>
<kw name="Log" owner="BuiltIn">
<msg time="2026-05-12T09:20:44.620120" level="INFO">
[LOG: CRASH_SUBSCRIBER]
[Entrypoint] Starting crashing subscriber in mode network_udp
[Crash_Sub] Simulating crash after 2 seconds during active reception
1778577613663 ms | e547a6056dc5 | crash_send_sub | 7 | info | Using built-in local time plugin.
[Crash_Sub] Listening to topic 'test_topic' in mode 'network_udp'
[Crash_Sub] Received 52428800 bytes
./entrypoint.sh: line 62:     7 Aborted                 (core dumped) ./crash_send_subscriber $ARGS $EXTRA
</msg>
<arg>\n[LOG: CRASH_SUBSCRIBER]\n${log2}</arg>
<doc>Logs the given message with the given level.</doc>
<status status="PASS" start="2026-05-12T09:20:44.619918" elapsed="0.000236"/>
</kw>
<kw name="Log" owner="BuiltIn">
<msg time="2026-05-12T09:20:44.620409" level="INFO">
[LOG: PUBLISHER]
[Entrypoint] Starting large publisher in mode network_udp
1778577613784 ms | ee60bd4b0827 | large_publisher | 7 | info | Using built-in local time plugin.
[Publisher] Prepared 50MB message.
[Publisher] Waiting for at least 2 subscriber(s) on topic: test_topic
[Publisher] Found 2 subscriber(s). Proceeding to send messages.
[Publisher] Subscriber detected. Starting to send.
[Publisher] Send result: ✓, size: 52428800 bytes
[Publisher] Send result: ✓, size: 52428800 bytes
[Publisher] Send result: ✓, size: 52428800 bytes
[Publisher] Finished sending.
</msg>
<arg>\n[LOG: PUBLISHER]\n${log3}</arg>
<doc>Logs the given message with the given level.</doc>
<status status="PASS" start="2026-05-12T09:20:44.620230" elapsed="0.000214"/>
</kw>
<kw name="Wait For Container Exit" owner="DockerLibrary">
<msg time="2026-05-12T09:20:44.621435" level="INFO">${exit1} = 0</msg>
<var>${exit1}</var>
<arg>${SUB_OK}</arg>
<status status="PASS" start="2026-05-12T09:20:44.620514" elapsed="0.000984"/>
</kw>
<kw name="Should Be Equal As Integers" owner="BuiltIn">
<msg time="2026-05-12T09:20:44.621841" level="INFO">Argument types are:
&lt;class 'int'&gt;
&lt;class 'str'&gt;</msg>
<arg>${exit1}</arg>
<arg>0</arg>
<arg>Stable subscriber failed unexpectedly!</arg>
<doc>Fails if objects are unequal after converting them to integers.</doc>
<status status="PASS" start="2026-05-12T09:20:44.621582" elapsed="0.000309"/>
</kw>
<kw name="Log Test Summary" owner="DockerLibrary">
<arg>Network Crash Receive Test ${layer_tag}</arg>
<arg>${True}</arg>
<status status="PASS" start="2026-05-12T09:20:44.621970" elapsed="0.000150"/>
</kw>
<kw name="Stop Container" owner="DockerLibrary">
<arg>${SUB_OK}</arg>
<status status="PASS" start="2026-05-12T09:20:44.622205" elapsed="0.004779"/>
</kw>
<kw name="Stop Container" owner="DockerLibrary">
<arg>${SUB_CRASH}</arg>
<status status="PASS" start="2026-05-12T09:20:44.627068" elapsed="0.004528"/>
</kw>
<kw name="Stop Container" owner="DockerLibrary">
<arg>${PUBLISHER}</arg>
<status status="PASS" start="2026-05-12T09:20:44.631681" elapsed="0.004458"/>
</kw>
<arg>network_udp</arg>
<arg>network</arg>
<status status="PASS" start="2026-05-12T09:20:13.401887" elapsed="31.234312"/>
</kw>
<tag>crash_receive_network_udp</tag>
<status status="PASS" start="2026-05-12T09:20:13.401438" elapsed="31.234851"/>
</test>
<test id="s1-s9-t4" name="Crash During Reception (Network TCP)" line="58">
<kw name="Run Network Crash Receive Test">
<kw name="Set Variable" owner="BuiltIn">
<msg time="2026-05-12T09:20:44.638283" level="INFO">${IMAGE} = sub_send_crash_network_tcp</msg>
<var>${IMAGE}</var>
<arg>${BASE_IMAGE}_${layer_tag}</arg>
<doc>Returns the given values which can then be assigned to a variables.</doc>
<status status="PASS" start="2026-05-12T09:20:44.638040" elapsed="0.000264"/>
</kw>
<kw name="Set Variable" owner="BuiltIn">
<msg time="2026-05-12T09:20:44.638559" level="INFO">${TOPIC} = test_topic</msg>
<var>${TOPIC}</var>
<arg>test_topic</arg>
<doc>Returns the given values which can then be assigned to a variables.</doc>
<status status="PASS" start="2026-05-12T09:20:44.638382" elapsed="0.000195"/>
</kw>
<kw name="Set Variable" owner="BuiltIn">
<msg time="2026-05-12T09:20:44.638885" level="INFO">${SUB_OK} = sub_ok_network_tcp</msg>
<var>${SUB_OK}</var>
<arg>sub_ok_${layer_tag}</arg>
<doc>Returns the given values which can then be assigned to a variables.</doc>
<status status="PASS" start="2026-05-12T09:20:44.638650" elapsed="0.000254"/>
</kw>
<kw name="Set Variable" owner="BuiltIn">
<msg time="2026-05-12T09:20:44.639171" level="INFO">${SUB_CRASH} = sub_crash_network_tcp</msg>
<var>${SUB_CRASH}</var>
<arg>sub_crash_${layer_tag}</arg>
<doc>Returns the given values which can then be assigned to a variables.</doc>
<status status="PASS" start="2026-05-12T09:20:44.638977" elapsed="0.000212"/>
</kw>
<kw name="Set Variable" owner="BuiltIn">
<msg time="2026-05-12T09:20:44.639441" level="INFO">${PUBLISHER} = pub_network_tcp</msg>
<var>${PUBLISHER}</var>
<arg>pub_${layer_tag}</arg>
<doc>Returns the given values which can then be assigned to a variables.</doc>
<status status="PASS" start="2026-05-12T09:20:44.639257" elapsed="0.000201"/>
</kw>
<kw name="Log To Console" owner="BuiltIn">
<arg>\n[INFO] Starting crash test in NETWORK mode: ${layer_tag}</arg>
<doc>Logs the given message to the console.</doc>
<status status="PASS" start="2026-05-12T09:20:44.639526" elapsed="0.000198"/>
</kw>
<kw name="Start Container" owner="DockerLibrary">
<arg>${SUB_OK}</arg>
<arg>${IMAGE}</arg>
<arg>test_subscriber</arg>
<arg>${layer_tag}</arg>
<arg>${TOPIC}</arg>
<arg>${SUB_OK}</arg>
<arg>network=${NETWORK}</arg>
<status status="PASS" start="2026-05-12T09:20:44.639852" elapsed="0.124047"/>
</kw>
<kw name="Start Container" owner="DockerLibrary">
<arg>${SUB_CRASH}</arg>
<arg>${IMAGE}</arg>
<arg>crash_subscriber</arg>
<arg>${layer_tag}</arg>
<arg>${TOPIC}</arg>
<arg>${SUB_CRASH}</arg>
<arg>network=${NETWORK}</arg>
<status status="PASS" start="2026-05-12T09:20:44.764075" elapsed="0.118140"/>
</kw>
<kw name="Start Container" owner="DockerLibrary">
<arg>${PUBLISHER}</arg>
<arg>${IMAGE}</arg>
<arg>large_publisher</arg>
<arg>${layer_tag}</arg>
<arg>${TOPIC}</arg>
<arg>${PUBLISHER}</arg>
<arg>network=${NETWORK}</arg>
<status status="PASS" start="2026-05-12T09:20:44.882406" elapsed="0.119829"/>
</kw>
<kw name="Wait For Container Exit" owner="DockerLibrary">
<arg>${SUB_OK}</arg>
<status status="PASS" start="2026-05-12T09:20:45.002470" elapsed="30.828233"/>
</kw>
<kw name="Wait For Container Exit" owner="DockerLibrary">
<arg>${SUB_CRASH}</arg>
<status status="PASS" start="2026-05-12T09:21:15.830993" elapsed="0.001804"/>
</kw>
<kw name="Wait For Container Exit" owner="DockerLibrary">
<arg>${PUBLISHER}</arg>
<status status="PASS" start="2026-05-12T09:21:15.832896" elapsed="0.000991"/>
</kw>
<kw name="Get Container Logs" owner="DockerLibrary">
<msg time="2026-05-12T09:21:15.836216" level="INFO">${log1} = [Entrypoint] Starting stable subscriber in mode network_tcp
1778577644766 ms | 63ce25ba41ed | test_sub | 7 | info | Using built-in local time plugin.
[Test_Sub] Ready and waiting...
[Test_Sub] Receive...</msg>
<var>${log1}</var>
<arg>${SUB_OK}</arg>
<status status="PASS" start="2026-05-12T09:21:15.833977" elapsed="0.002264"/>
</kw>
<kw name="Get Container Logs" owner="DockerLibrary">
<msg time="2026-05-12T09:21:15.838354" level="INFO">${log2} = [Entrypoint] Starting crashing subscriber in mode network_tcp
1778577644884 ms | d6ad6fb54820 | crash_send_sub | 7 | info | Using built-in local time plugin.
[Crash_Sub] Listening to topic 'test_topic...</msg>
<var>${log2}</var>
<arg>${SUB_CRASH}</arg>
<status status="PASS" start="2026-05-12T09:21:15.836324" elapsed="0.002055"/>
</kw>
<kw name="Get Container Logs" owner="DockerLibrary">
<msg time="2026-05-12T09:21:15.840564" level="INFO">${log3} = [Entrypoint] Starting large publisher in mode network_tcp
1778577645004 ms | 49e44bb9069a | large_publisher | 7 | info | Using built-in local time plugin.
[Publisher] Prepared 50MB message.
[Publisher...</msg>
<var>${log3}</var>
<arg>${PUBLISHER}</arg>
<status status="PASS" start="2026-05-12T09:21:15.838464" elapsed="0.002126"/>
</kw>
<kw name="Log To Console" owner="BuiltIn">
<arg>\n[LOG: SUBSCRIBER]\n${log1}</arg>
<doc>Logs the given message to the console.</doc>
<status status="PASS" start="2026-05-12T09:21:15.840679" elapsed="0.000336"/>
</kw>
<kw name="Log To Console" owner="BuiltIn">
<arg>\n[LOG: CRASH_SUBSCRIBER]\n${log2}</arg>
<doc>Logs the given message to the console.</doc>
<status status="PASS" start="2026-05-12T09:21:15.841126" elapsed="0.000246"/>
</kw>
<kw name="Log To Console" owner="BuiltIn">
<arg>\n[LOG: PUBLISHER]\n${log3}</arg>
<doc>Logs the given message to the console.</doc>
<status status="PASS" start="2026-05-12T09:21:15.841478" elapsed="0.000214"/>
</kw>
<kw name="Log" owner="BuiltIn">
<msg time="2026-05-12T09:21:15.842025" level="INFO">
[LOG: SUBSCRIBER]
[Entrypoint] Starting stable subscriber in mode network_tcp
1778577644766 ms | 63ce25ba41ed | test_sub | 7 | info | Using built-in local time plugin.
[Test_Sub] Ready and waiting...
[Test_Sub] Received 52428800 bytes (message 1)
[Test_Sub] Received 52428800 bytes (message 2)
[Test_Sub] Received 52428800 bytes (message 3)
1778577650475 ms | 63ce25ba41ed | test_sub | 7 | error | CTCPReaderLayer - TCPPubSub (Error) -SubscriberSession 172.18.0.2:37388-&gt;49e44bb9069a:43067: Error reading header length: End of file
1778577650476 ms | 63ce25ba41ed | test_sub | 7 | warning | CTCPReaderLayer - TCPPubSub (Warning) -SubscriberSession 172.18.0.2:39586: Failed connecting to publisher 49e44bb9069a:43067: Connection refused
1778577650477 ms | 63ce25ba41ed | test_sub | 7 | warning | CTCPReaderLayer - TCPPubSub (Warning) -SubscriberSession 172.18.0.2:39600: Failed connecting to publisher 49e44bb9069a:43067: Connection refused
1778577650478 ms | 63ce25ba41ed | test_sub | 7 | warning | CTCPReaderLayer - TCPPubSub (Warning) -SubscriberSession 172.18.0.2:39608: Failed connecting to publisher 49e44bb9069a:43067: Connection refused
1778577650478 ms | 63ce25ba41ed | test_sub | 7 | warning | CTCPReaderLayer - TCPPubSub (Warning) -SubscriberSession 172.18.0.2:39624: Failed connecting to publisher 49e44bb9069a:43067: Connection refused
1778577650479 ms | 63ce25ba41ed | test_sub | 7 | warning | CTCPReaderLayer - TCPPubSub (Warning) -SubscriberSession 172.18.0.2:39628: Failed connecting to publisher 49e44bb9069a:43067: Connection refused
[✓] Received 3 messages.
</msg>
<arg>\n[LOG: SUBSCRIBER]\n${log1}</arg>
<doc>Logs the given message with the given level.</doc>
<status status="PASS" start="2026-05-12T09:21:15.841829" elapsed="0.000286"/>
</kw>
<kw name="Log" owner="BuiltIn">
<msg time="2026-05-12T09:21:15.842371" level="INFO">
[LOG: CRASH_SUBSCRIBER]
[Entrypoint] Starting crashing subscriber in mode network_tcp
1778577644884 ms | d6ad6fb54820 | crash_send_sub | 7 | info | Using built-in local time plugin.
[Crash_Sub] Listening to topic 'test_topic' in mode 'network_tcp'
[Crash_Sub] Received 52428800 bytes
[Crash_Sub] Simulating crash after 2 seconds during active reception
./entrypoint.sh: line 62:     7 Aborted                 (core dumped) ./crash_send_subscriber $ARGS $EXTRA
</msg>
<arg>\n[LOG: CRASH_SUBSCRIBER]\n${log2}</arg>
<doc>Logs the given message with the given level.</doc>
<status status="PASS" start="2026-05-12T09:21:15.842194" elapsed="0.000209"/>
</kw>
<kw name="Log" owner="BuiltIn">
<msg time="2026-05-12T09:21:15.842647" level="INFO">
[LOG: PUBLISHER]
[Entrypoint] Starting large publisher in mode network_tcp
1778577645004 ms | 49e44bb9069a | large_publisher | 7 | info | Using built-in local time plugin.
[Publisher] Prepared 50MB message.
[Publisher] Waiting for at least 2 subscriber(s) on topic: test_topic
1778577645767 ms | 49e44bb9069a | large_publisher | 7 | info | CTCPReaderLayer - TCPPubSub (Info) -Publisher :::0: Created publisher and waiting for clients.
1778577645768 ms | 49e44bb9069a | large_publisher | 7 | info | CTCPReaderLayer - TCPPubSub (Info) -Publisher :::43067: Subscriber ::ffff:172.18.0.2:37388 has connected.
1778577645768 ms | 49e44bb9069a | large_publisher | 7 | info | CTCPReaderLayer - TCPPubSub (Info) -Publisher :::43067: Subscriber ::ffff:172.18.0.3:52702 has connected.
[Publisher] Found 2 subscriber(s). Proceeding to send messages.
[Publisher] Subscriber detected. Starting to send.
[Publisher] Send result: ✓, size: 52428800 bytes
[Publisher] Send result: ✓, size: 52428800 bytes
1778577648458 ms | 49e44bb9069a | large_publisher | 7 | warning | CTCPReaderLayer - TCPPubSub (Warning) -PublisherSession ::ffff:172.18.0.4:43067-&gt;?: Failed sending data: Broken pipe
[Publisher] Send result: ✓, size: 52428800 bytes
[Publisher] Finished sending.
1778577650475 ms | 49e44bb9069a | large_publisher | 7 | error | CTCPReaderLayer - TCPPubSub (Error) -Publisher ?: Error while waiting for subsriber: Operation aborted.
</msg>
<arg>\n[LOG: PUBLISHER]\n${log3}</arg>
<doc>Logs the given message with the given level.</doc>
<status status="PASS" start="2026-05-12T09:21:15.842475" elapsed="0.000213"/>
</kw>
<kw name="Wait For Container Exit" owner="DockerLibrary">
<msg time="2026-05-12T09:21:15.843817" level="INFO">${exit1} = 0</msg>
<var>${exit1}</var>
<arg>${SUB_OK}</arg>
<status status="PASS" start="2026-05-12T09:21:15.842784" elapsed="0.001066"/>
</kw>
<kw name="Should Be Equal As Integers" owner="BuiltIn">
<msg time="2026-05-12T09:21:15.844174" level="INFO">Argument types are:
&lt;class 'int'&gt;
&lt;class 'str'&gt;</msg>
<arg>${exit1}</arg>
<arg>0</arg>
<arg>Stable subscriber failed unexpectedly!</arg>
<doc>Fails if objects are unequal after converting them to integers.</doc>
<status status="PASS" start="2026-05-12T09:21:15.843942" elapsed="0.000281"/>
</kw>
<kw name="Log Test Summary" owner="DockerLibrary">
<arg>Network Crash Receive Test ${layer_tag}</arg>
<arg>${True}</arg>
<status status="PASS" start="2026-05-12T09:21:15.844304" elapsed="0.000142"/>
</kw>
<kw name="Stop Container" owner="DockerLibrary">
<arg>${SUB_OK}</arg>
<status status="PASS" start="2026-05-12T09:21:15.844554" elapsed="0.004970"/>
</kw>
<kw name="Stop Container" owner="DockerLibrary">
<arg>${SUB_CRASH}</arg>
<status status="PASS" start="2026-05-12T09:21:15.849609" elapsed="0.004960"/>
</kw>
<kw name="Stop Container" owner="DockerLibrary">
<arg>${PUBLISHER}</arg>
<status status="PASS" start="2026-05-12T09:21:15.854653" elapsed="0.005009"/>
</kw>
<arg>network_tcp</arg>
<arg>network</arg>
<status status="PASS" start="2026-05-12T09:20:44.637832" elapsed="31.221891"/>
</kw>
<tag>crash_receive_network_tcp</tag>
<status status="PASS" start="2026-05-12T09:20:44.637398" elapsed="31.222453"/>
</test>
<status status="PASS" start="2026-05-12T09:18:50.929251" elapsed="144.931438"/>
</suite>
<status status="PASS" start="2026-05-12T09:08:42.442407" elapsed="753.419043"/>
</suite>
<statistics>
<total>
<stat pass="25" fail="0" skip="0">All Tests</stat>
</total>
<tag>
<stat pass="1" fail="0" skip="0">basic_pub_sub_local_shm</stat>
<stat pass="1" fail="0" skip="0">basic_pub_sub_local_tcp</stat>
<stat pass="1" fail="0" skip="0">basic_pub_sub_local_udp</stat>
<stat pass="1" fail="0" skip="0">basic_pub_sub_network_tcp</stat>
<stat pass="1" fail="0" skip="0">basic_pub_sub_network_udp</stat>
<stat pass="1" fail="0" skip="0">crash_receive_local_shm</stat>
<stat pass="1" fail="0" skip="0">crash_receive_local_tcp</stat>
<stat pass="1" fail="0" skip="0">crash_receive_network_tcp</stat>
<stat pass="1" fail="0" skip="0">crash_receive_network_udp</stat>
<stat pass="1" fail="0" skip="0">multi_pub_sub_local_udp</stat>
<stat pass="1" fail="0" skip="0">multi_pub_sub_network_tcp</stat>
<stat pass="1" fail="0" skip="0">multi_pub_sub_network_udp</stat>
<stat pass="1" fail="0" skip="0">network_crash_test</stat>
<stat pass="1" fail="0" skip="0">pub_crash_local_shm</stat>
<stat pass="2" fail="0" skip="0">pub_crash_network_tcp</stat>
<stat pass="1" fail="0" skip="0">pub_crash_network_udp</stat>
<stat pass="1" fail="0" skip="0">rpc_n_to_n_test</stat>
<stat pass="2" fail="0" skip="0">rpc_reconnect</stat>
<stat pass="1" fail="0" skip="0">rpc_server_client_ping_test</stat>
<stat pass="1" fail="0" skip="0">sub_crash_local_shm</stat>
<stat pass="1" fail="0" skip="0">sub_crash_local_tcp</stat>
<stat pass="1" fail="0" skip="0">sub_crash_local_udp</stat>
<stat pass="1" fail="0" skip="0">sub_crash_network_udp</stat>
</tag>
<suite>
<stat name="Basic Pub Sub &amp; Multi Pub Sub &amp; Network Crash &amp; Pub Crash &amp; Rpc N To N Test &amp; Rpc Ping Test &amp; Rpc Reconnect Test &amp; Sub Crash &amp; Sub Send Crash" id="s1" pass="25" fail="0" skip="0">Basic Pub Sub &amp; Multi Pub Sub &amp; Network Crash &amp; Pub Crash &amp; Rpc N To N Test &amp; Rpc Ping Test &amp; Rpc Reconnect Test &amp; Sub Crash &amp; Sub Send Crash</stat>
<stat name="Basic Pub Sub" id="s1-s1" pass="5" fail="0" skip="0">Basic Pub Sub &amp; Multi Pub Sub &amp; Network Crash &amp; Pub Crash &amp; Rpc N To N Test &amp; Rpc Ping Test &amp; Rpc Reconnect Test &amp; Sub Crash &amp; Sub Send Crash.Basic Pub Sub</stat>
<stat name="Multi Pub Sub" id="s1-s2" pass="3" fail="0" skip="0">Basic Pub Sub &amp; Multi Pub Sub &amp; Network Crash &amp; Pub Crash &amp; Rpc N To N Test &amp; Rpc Ping Test &amp; Rpc Reconnect Test &amp; Sub Crash &amp; Sub Send Crash.Multi Pub Sub</stat>
<stat name="Network Crash" id="s1-s3" pass="1" fail="0" skip="0">Basic Pub Sub &amp; Multi Pub Sub &amp; Network Crash &amp; Pub Crash &amp; Rpc N To N Test &amp; Rpc Ping Test &amp; Rpc Reconnect Test &amp; Sub Crash &amp; Sub Send Crash.Network Crash</stat>
<stat name="Pub Crash" id="s1-s4" pass="3" fail="0" skip="0">Basic Pub Sub &amp; Multi Pub Sub &amp; Network Crash &amp; Pub Crash &amp; Rpc N To N Test &amp; Rpc Ping Test &amp; Rpc Reconnect Test &amp; Sub Crash &amp; Sub Send Crash.Pub Crash</stat>
<stat name="Rpc N To N Test" id="s1-s5" pass="1" fail="0" skip="0">Basic Pub Sub &amp; Multi Pub Sub &amp; Network Crash &amp; Pub Crash &amp; Rpc N To N Test &amp; Rpc Ping Test &amp; Rpc Reconnect Test &amp; Sub Crash &amp; Sub Send Crash.Rpc N To N Test</stat>
<stat name="Rpc Ping Test" id="s1-s6" pass="1" fail="0" skip="0">Basic Pub Sub &amp; Multi Pub Sub &amp; Network Crash &amp; Pub Crash &amp; Rpc N To N Test &amp; Rpc Ping Test &amp; Rpc Reconnect Test &amp; Sub Crash &amp; Sub Send Crash.Rpc Ping Test</stat>
<stat name="Rpc Reconnect Test" id="s1-s7" pass="2" fail="0" skip="0">Basic Pub Sub &amp; Multi Pub Sub &amp; Network Crash &amp; Pub Crash &amp; Rpc N To N Test &amp; Rpc Ping Test &amp; Rpc Reconnect Test &amp; Sub Crash &amp; Sub Send Crash.Rpc Reconnect Test</stat>
<stat name="Sub Crash" id="s1-s8" pass="5" fail="0" skip="0">Basic Pub Sub &amp; Multi Pub Sub &amp; Network Crash &amp; Pub Crash &amp; Rpc N To N Test &amp; Rpc Ping Test &amp; Rpc Reconnect Test &amp; Sub Crash &amp; Sub Send Crash.Sub Crash</stat>
<stat name="Sub Send Crash" id="s1-s9" pass="4" fail="0" skip="0">Basic Pub Sub &amp; Multi Pub Sub &amp; Network Crash &amp; Pub Crash &amp; Rpc N To N Test &amp; Rpc Ping Test &amp; Rpc Reconnect Test &amp; Sub Crash &amp; Sub Send Crash.Sub Send Crash</stat>
</suite>
</statistics>
<errors>
</errors>
</robot>
